[ 2018-11-15T09:38:50+08:00 ] ::1 /Fun1/Public/static/h-ui.admin/skin/default/skin.css
ERR: 无法加载控制器:Public

[ 2018-11-15T09:40:33+08:00 ] ::1 /Fun1/Public/static/h-ui.admin/skin/default/skin.css
ERR: 无法加载控制器:Public

[ 2018-11-15T09:42:55+08:00 ] ::1 /Fun1/Public/static/h-ui.admin/skin/default/skin.css
ERR: 无法加载控制器:Public

[ 2018-11-15T09:43:12+08:00 ] ::1 /Fun1/Public/static/h-ui.admin/skin/default/skin.css
ERR: 无法加载控制器:Public

[ 2018-11-15T09:43:25+08:00 ] ::1 /Fun1/Public/static/h-ui.admin/skin/default/skin.css
ERR: 无法加载控制器:Public

[ 2018-11-15T09:43:35+08:00 ] ::1 /Fun1/Public/static/h-ui.admin/skin/default/skin.css
ERR: 无法加载控制器:Public

[ 2018-11-15T09:43:44+08:00 ] ::1 /Fun1/Public/static/h-ui.admin/skin/default/skin.css
ERR: 无法加载控制器:Public

[ 2018-11-15T09:44:11+08:00 ] ::1 /Fun1/Public/static/h-ui.admin/skin/default/skin.css
ERR: 无法加载控制器:Public

[ 2018-11-15T09:44:17+08:00 ] ::1 /Fun1/index.php
ERR: 无法加载控制器:Index

[ 2018-11-15T09:51:10+08:00 ] ::1 /Fun1/Public/static/h-ui.admin/skin/default/skin.css
ERR: 无法加载控制器:Public

[ 2018-11-15T09:51:26+08:00 ] ::1 /Fun1/Public/static/h-ui.admin/skin/default/skin.css
ERR: 无法加载控制器:Public

[ 2018-11-15T09:51:26+08:00 ] ::1 /Fun1/Public/static/h-ui.admin/skin/default/skin.css
ERR: 无法加载控制器:Public

[ 2018-11-15T09:51:28+08:00 ] ::1 /Fun1/Public/static/h-ui.admin/skin/default/skin.css
ERR: 无法加载控制器:Public

[ 2018-11-15T09:51:28+08:00 ] ::1 /Fun1/Public/static/h-ui.admin/skin/default/skin.css
ERR: 无法加载控制器:Public

[ 2018-11-15T09:51:31+08:00 ] ::1 /Fun1/Public/static/h-ui.admin/skin/default/skin.css
ERR: 无法加载控制器:Public

[ 2018-11-15T09:51:36+08:00 ] ::1 /Fun1/Public/static/h-ui.admin/skin/default/skin.css
ERR: 无法加载控制器:Public

[ 2018-11-15T09:51:51+08:00 ] ::1 /Fun1/Public/css/bootstrap.min.css
ERR: 无法加载控制器:Public

[ 2018-11-15T09:51:51+08:00 ] ::1 /Fun1/Public/css/register.css
ERR: 无法加载控制器:Public

[ 2018-11-15T09:51:51+08:00 ] ::1 /Fun1/Public/css/htlogin.css
ERR: 无法加载控制器:Public

[ 2018-11-15T09:52:00+08:00 ] ::1 /Fun1/Public/css/htlogin.css
ERR: 无法加载控制器:Public

[ 2018-11-15T09:52:00+08:00 ] ::1 /Fun1/Public/css/bootstrap.min.css
ERR: 无法加载控制器:Public

[ 2018-11-15T09:52:00+08:00 ] ::1 /Fun1/Public/css/register.css
ERR: 无法加载控制器:Public

[ 2018-11-15T09:52:06+08:00 ] ::1 /Fun1/Public/static/h-ui.admin/skin/yellow/skin.css
ERR: 无法加载控制器:Public

[ 2018-11-15T09:52:06+08:00 ] ::1 /Fun1/Public/static/h-ui.admin/skin/default/skin.css
ERR: 无法加载控制器:Public

[ 2018-11-15T09:52:37+08:00 ] ::1 /Fun1/Public/static/h-ui.admin/skin/default/skin.css
ERR: 无法加载控制器:Public

[ 2018-11-15T09:52:40+08:00 ] ::1 /Fun1/Public/static/h-ui.admin/skin/default/skin.css
ERR: 无法加载控制器:Public

[ 2018-11-15T09:53:04+08:00 ] ::1 /Fun1/Public/static/h-ui.admin/skin/default/skin.css
ERR: 无法加载控制器:Public

[ 2018-11-15T09:54:54+08:00 ] ::1 /Fun1/Public/static/h-ui.admin/skin/default/skin.css
ERR: 无法加载控制器:Public

[ 2018-11-15T09:55:56+08:00 ] ::1 /Fun1/Public/static/h-ui.admin/skin/default/skin.css
ERR: 无法加载控制器:Public

[ 2018-11-15T09:57:04+08:00 ] ::1 /Fun1/Public/static/h-ui.admin/skin/default/skin.css
ERR: 无法加载控制器:Public

[ 2018-11-15T10:06:30+08:00 ] ::1 /Fun1/Public/css/htlogin.css
ERR: 无法加载控制器:Public

[ 2018-11-15T10:06:30+08:00 ] ::1 /Fun1/Public/css/bootstrap.min.css
ERR: 无法加载控制器:Public

[ 2018-11-15T10:06:30+08:00 ] ::1 /Fun1/Public/css/register.css
ERR: 无法加载控制器:Public

[ 2018-11-15T10:06:40+08:00 ] ::1 /Fun1/Public/static/h-ui.admin/skin/yellow/skin.css
ERR: 无法加载控制器:Public

[ 2018-11-15T11:24:02+08:00 ] ::1 /Fun1/Public/static/h-ui.admin/skin/yellow/skin.css
ERR: 无法加载控制器:Public

[ 2018-11-15T11:24:02+08:00 ] ::1 /Fun1/index.php
ERR: 无法加载控制器:Index

[ 2018-11-15T11:25:19+08:00 ] ::1 /Fun1/Public/static/h-ui.admin/skin/yellow/skin.css
ERR: 无法加载控制器:Public

[ 2018-11-15T11:25:22+08:00 ] ::1 /Fun1/Public/static/h-ui.admin/skin/yellow/skin.css
ERR: 无法加载控制器:Public

[ 2018-11-15T11:27:54+08:00 ] ::1 /Fun1/Public/static/h-ui.admin/skin/yellow/skin.css
ERR: 无法加载控制器:Public

[ 2018-11-15T11:28:12+08:00 ] ::1 /Fun1/Public/static/h-ui.admin/skin/yellow/skin.css
ERR: 无法加载控制器:Public

[ 2018-11-15T11:28:30+08:00 ] ::1 /Fun1/Public/static/h-ui.admin/skin/yellow/skin.css
ERR: 无法加载控制器:Public

[ 2018-11-15T11:29:12+08:00 ] ::1 /Fun1/Public/static/h-ui.admin/skin/yellow/skin.css
ERR: 无法加载控制器:Public

[ 2018-11-15T11:32:45+08:00 ] ::1 /Fun1/Public/static/h-ui.admin/skin/yellow/skin.css
ERR: 无法加载控制器:Public

[ 2018-11-15T11:33:22+08:00 ] ::1 /Fun1/Public/static/h-ui.admin/skin/yellow/skin.css
ERR: 无法加载控制器:Public

[ 2018-11-15T12:08:18+08:00 ] ::1 /Fun1/Public/static/h-ui.admin/skin/yellow/skin.css
ERR: 无法加载控制器:Public

[ 2018-11-15T12:08:21+08:00 ] ::1 /Fun1/Public/static/h-ui.admin/skin/yellow/skin.css
ERR: 无法加载控制器:Public

