[ 2018-11-26T10:40:06+08:00 ] ::1 /Fun1/Public/css/bootstrap.min.css
ERR: 无法加载控制器:Public

[ 2018-11-26T10:40:06+08:00 ] ::1 /Fun1/Public/css/register.css
ERR: 无法加载控制器:Public

[ 2018-11-26T10:40:06+08:00 ] ::1 /Fun1/Public/css/htlogin.css
ERR: 无法加载控制器:Public

[ 2018-11-26T10:40:06+08:00 ] ::1 /Fun1/Public/css/htlogin.css
ERR: 无法加载控制器:Public

[ 2018-11-26T10:40:12+08:00 ] ::1 /Fun1/index.php
ERR: 无法加载控制器:Index

[ 2018-11-26T10:40:18+08:00 ] ::1 /Fun1/index.php
ERR: 无法加载控制器:Index

[ 2018-11-26T10:40:18+08:00 ] ::1 /Fun1/Public/static/h-ui.admin/skin/yellow/skin.css
ERR: 无法加载控制器:Public

[ 2018-11-26T10:40:19+08:00 ] ::1 /Fun1/index.php
ERR: 无法加载控制器:Index

[ 2018-11-26T10:40:21+08:00 ] ::1 /Fun1/Public/static/h-ui.admin/skin/yellow/skin.css
ERR: 无法加载控制器:Public

[ 2018-11-26T10:40:22+08:00 ] ::1 /Fun1/index.php
ERR: 无法加载控制器:Index

[ 2018-11-26T11:07:20+08:00 ] ::1 /Fun1/Public/static/h-ui.admin/skin/yellow/skin.css
ERR: 无法加载控制器:Public

[ 2018-11-26T11:07:30+08:00 ] ::1 /Fun1/Public/static/h-ui.admin/skin/yellow/skin.css
ERR: 无法加载控制器:Public

[ 2018-11-26T20:34:53+08:00 ] ::1 /Fun1/Public/static/h-ui.admin/skin/yellow/skin.css
ERR: 无法加载控制器:Public

[ 2018-11-26T20:35:53+08:00 ] ::1 /Fun1/Public/static/h-ui.admin/skin/yellow/skin.css
ERR: 无法加载控制器:Public

