[ 2019-02-13T09:43:23+08:00 ] ::1 /Fun1/Public/static/h-ui.admin/skin/yellow/skin.css
ERR: 无法加载控制器:Public

[ 2019-02-13T09:43:23+08:00 ] ::1 /Fun1/Public/css/lhgcalendar.css
ERR: 无法加载控制器:Public

[ 2019-02-13T09:43:45+08:00 ] ::1 /Fun1/Public/static/h-ui.admin/skin/yellow/skin.css
ERR: 无法加载控制器:Public

[ 2019-02-13T09:43:45+08:00 ] ::1 /Fun1/Public/css/lhgcalendar.css
ERR: 无法加载控制器:Public

[ 2019-02-13T09:43:56+08:00 ] ::1 /Fun1/Public/static/h-ui.admin/skin/yellow/skin.css
ERR: 无法加载控制器:Public

[ 2019-02-13T09:43:56+08:00 ] ::1 /Fun1/Public/css/lhgcalendar.css
ERR: 无法加载控制器:Public

[ 2019-02-13T09:44:04+08:00 ] ::1 /Fun1/Public/static/h-ui.admin/skin/yellow/skin.css
ERR: 无法加载控制器:Public

[ 2019-02-13T09:44:04+08:00 ] ::1 /Fun1/Public/css/lhgcalendar.css
ERR: 无法加载控制器:Public

[ 2019-02-13T09:44:08+08:00 ] ::1 /Fun1/Public/static/h-ui.admin/skin/yellow/skin.css
ERR: 无法加载控制器:Public

[ 2019-02-13T09:44:08+08:00 ] ::1 /Fun1/Public/css/lhgcalendar.css
ERR: 无法加载控制器:Public

[ 2019-02-13T09:44:13+08:00 ] ::1 /Fun1/Public/static/h-ui.admin/skin/yellow/skin.css
ERR: 无法加载控制器:Public

[ 2019-02-13T09:44:13+08:00 ] ::1 /Fun1/Public/css/lhgcalendar.css
ERR: 无法加载控制器:Public

[ 2019-02-13T09:44:25+08:00 ] ::1 /Fun1/Public/static/h-ui.admin/skin/yellow/skin.css
ERR: 无法加载控制器:Public

[ 2019-02-13T09:44:25+08:00 ] ::1 /Fun1/Public/css/lhgcalendar.css
ERR: 无法加载控制器:Public

[ 2019-02-13T09:44:37+08:00 ] ::1 /Fun1/Public/static/h-ui.admin/skin/yellow/skin.css
ERR: 无法加载控制器:Public

[ 2019-02-13T09:44:37+08:00 ] ::1 /Fun1/Public/css/lhgcalendar.css
ERR: 无法加载控制器:Public

[ 2019-02-13T09:48:17+08:00 ] ::1 /Fun1/Public/static/h-ui.admin/skin/yellow/skin.css
ERR: 无法加载控制器:Public

[ 2019-02-13T09:48:17+08:00 ] ::1 /Fun1/Public/css/lhgcalendar.css
ERR: 无法加载控制器:Public

[ 2019-02-13T09:48:25+08:00 ] ::1 /Fun1/Public/css/lhgcalendar.css
ERR: 无法加载控制器:Public

[ 2019-02-13T09:49:55+08:00 ] ::1 /Fun1/Public/static/h-ui.admin/skin/yellow/skin.css
ERR: 无法加载控制器:Public

[ 2019-02-13T09:49:55+08:00 ] ::1 /Fun1/Public/css/lhgcalendar.css
ERR: 无法加载控制器:Public

[ 2019-02-13T09:52:20+08:00 ] ::1 /Fun1/Public/static/h-ui.admin/skin/yellow/skin.css
ERR: 无法加载控制器:Public

[ 2019-02-13T09:52:20+08:00 ] ::1 /Fun1/Public/css/lhgcalendar.css
ERR: 无法加载控制器:Public

[ 2019-02-13T10:53:30+08:00 ] ::1 /Fun1/Home/Article/mylog
ERR: Think\Model:file方法不存在！

[ 2019-02-13T11:30:31+08:00 ] ::1 /Fun1/Home/Article/delelog
ERR: 非法操作:delelog

[ 2019-02-13T11:31:22+08:00 ] ::1 /Fun1/Home/Article/mylog
ERR: 1064:You have an error in your SQL syntax; check the manual that corresponds to your MySQL server version for the right syntax to use near ')' at line 1
 [ SQL语句 ] : SELECT * FROM `fun_article` WHERE `articleId` IN () 

[ 2019-02-13T11:32:42+08:00 ] ::1 /Fun1/Home/Article/mylog
ERR: 1064:You have an error in your SQL syntax; check the manual that corresponds to your MySQL server version for the right syntax to use near ')' at line 1
 [ SQL语句 ] : SELECT * FROM `fun_article` WHERE `articleId` IN () 

[ 2019-02-13T15:13:38+08:00 ] ::1 /Fun1/Public/static/h-ui.admin/skin/yellow/skin.css
ERR: 无法加载控制器:Public

[ 2019-02-13T15:13:38+08:00 ] ::1 /Fun1/Public/css/lhgcalendar.css
ERR: 无法加载控制器:Public

[ 2019-02-13T17:51:00+08:00 ] ::1 /Fun1/Public/static/h-ui.admin/skin/yellow/skin.css
ERR: 无法加载控制器:Public

[ 2019-02-13T17:51:00+08:00 ] ::1 /Fun1/Public/css/lhgcalendar.css
ERR: 无法加载控制器:Public

[ 2019-02-13T17:51:07+08:00 ] ::1 /Fun1/index.php
ERR: 无法加载控制器:Index

