[ 2019-01-26T10:41:42+08:00 ] ::1 /Fun1/Public/static/h-ui.admin/skin/yellow/skin.css
ERR: 无法加载控制器:Public

[ 2019-01-26T10:41:50+08:00 ] ::1 /Fun1/Public/static/h-ui.admin/skin/yellow/skin.css
ERR: 无法加载控制器:Public

[ 2019-01-26T10:42:12+08:00 ] ::1 /Fun1/Public/static/h-ui.admin/skin/yellow/skin.css
ERR: 无法加载控制器:Public

[ 2019-01-26T10:48:06+08:00 ] ::1 /Fun1/Public/static/h-ui.admin/skin/yellow/skin.css
ERR: 无法加载控制器:Public

[ 2019-01-26T10:48:21+08:00 ] ::1 /Fun1/Public/static/h-ui.admin/skin/yellow/skin.css
ERR: 无法加载控制器:Public

[ 2019-01-26T10:48:28+08:00 ] ::1 /Fun1/Public/static/h-ui.admin/skin/yellow/skin.css
ERR: 无法加载控制器:Public

[ 2019-01-26T10:57:08+08:00 ] ::1 /Fun1/Public/static/h-ui.admin/skin/yellow/skin.css
ERR: 无法加载控制器:Public

[ 2019-01-26T10:57:36+08:00 ] ::1 /Fun1/Public/static/h-ui.admin/skin/yellow/skin.css
ERR: 无法加载控制器:Public

[ 2019-01-26T10:57:47+08:00 ] ::1 /Fun1/Public/static/h-ui.admin/skin/yellow/skin.css
ERR: 无法加载控制器:Public

[ 2019-01-26T10:57:54+08:00 ] ::1 /Fun1/Public/static/h-ui.admin/skin/yellow/skin.css
ERR: 无法加载控制器:Public

[ 2019-01-26T10:58:12+08:00 ] ::1 /Fun1/Public/static/h-ui.admin/skin/yellow/skin.css
ERR: 无法加载控制器:Public

[ 2019-01-26T10:58:28+08:00 ] ::1 /Fun1/Public/static/h-ui.admin/skin/yellow/skin.css
ERR: 无法加载控制器:Public

[ 2019-01-26T11:00:46+08:00 ] ::1 /Fun1/Public/static/h-ui.admin/skin/yellow/skin.css
ERR: 无法加载控制器:Public

[ 2019-01-26T11:01:35+08:00 ] ::1 /Fun1/Public/static/h-ui.admin/skin/yellow/skin.css
ERR: 无法加载控制器:Public

[ 2019-01-26T11:02:01+08:00 ] ::1 /Fun1/Public/static/h-ui.admin/skin/yellow/skin.css
ERR: 无法加载控制器:Public

[ 2019-01-26T11:02:07+08:00 ] ::1 /Fun1/Public/static/h-ui.admin/skin/yellow/skin.css
ERR: 无法加载控制器:Public

[ 2019-01-26T11:31:21+08:00 ] ::1 /Fun1/Public/static/h-ui.admin/skin/yellow/skin.css
ERR: 无法加载控制器:Public

[ 2019-01-26T11:36:48+08:00 ] ::1 /Fun1/Public/static/h-ui.admin/skin/yellow/skin.css
ERR: 无法加载控制器:Public

[ 2019-01-26T11:37:56+08:00 ] ::1 /Fun1/Public/static/h-ui.admin/skin/yellow/skin.css
ERR: 无法加载控制器:Public

[ 2019-01-26T14:07:04+08:00 ] ::1 /Fun1/Public/static/h-ui.admin/skin/yellow/skin.css
ERR: 无法加载控制器:Public

[ 2019-01-26T14:08:23+08:00 ] ::1 /Fun1/Public/static/h-ui.admin/skin/yellow/skin.css
ERR: 无法加载控制器:Public

[ 2019-01-26T14:09:16+08:00 ] ::1 /Fun1/Public/static/h-ui.admin/skin/yellow/skin.css
ERR: 无法加载控制器:Public

[ 2019-01-26T14:09:50+08:00 ] ::1 /Fun1/Public/static/h-ui.admin/skin/yellow/skin.css
ERR: 无法加载控制器:Public

[ 2019-01-26T14:10:31+08:00 ] ::1 /Fun1/Public/static/h-ui.admin/skin/yellow/skin.css
ERR: 无法加载控制器:Public

[ 2019-01-26T14:10:33+08:00 ] ::1 /Fun1/Public/static/h-ui.admin/skin/yellow/skin.css
ERR: 无法加载控制器:Public

[ 2019-01-26T14:10:36+08:00 ] ::1 /Fun1/Public/static/h-ui.admin/skin/yellow/skin.css
ERR: 无法加载控制器:Public

[ 2019-01-26T14:11:13+08:00 ] ::1 /Fun1/Public/static/h-ui.admin/skin/yellow/skin.css
ERR: 无法加载控制器:Public

[ 2019-01-26T14:11:31+08:00 ] ::1 /Fun1/Public/static/h-ui.admin/skin/yellow/skin.css
ERR: 无法加载控制器:Public

[ 2019-01-26T14:11:34+08:00 ] ::1 /Fun1/Public/static/h-ui.admin/skin/yellow/skin.css
ERR: 无法加载控制器:Public

[ 2019-01-26T14:12:15+08:00 ] ::1 /Fun1/Public/static/h-ui.admin/skin/yellow/skin.css
ERR: 无法加载控制器:Public

[ 2019-01-26T14:12:19+08:00 ] ::1 /Fun1/Public/static/h-ui.admin/skin/yellow/skin.css
ERR: 无法加载控制器:Public

[ 2019-01-26T14:12:30+08:00 ] ::1 /Fun1/Public/static/h-ui.admin/skin/yellow/skin.css
ERR: 无法加载控制器:Public

[ 2019-01-26T14:12:33+08:00 ] ::1 /Fun1/Public/static/h-ui.admin/skin/yellow/skin.css
ERR: 无法加载控制器:Public

[ 2019-01-26T14:14:09+08:00 ] ::1 /Fun1/Public/static/h-ui.admin/skin/yellow/skin.css
ERR: 无法加载控制器:Public

[ 2019-01-26T14:14:11+08:00 ] ::1 /Fun1/Public/static/h-ui.admin/skin/yellow/skin.css
ERR: 无法加载控制器:Public

[ 2019-01-26T14:15:26+08:00 ] ::1 /Fun1/Public/static/h-ui.admin/skin/yellow/skin.css
ERR: 无法加载控制器:Public

[ 2019-01-26T14:15:28+08:00 ] ::1 /Fun1/Public/static/h-ui.admin/skin/yellow/skin.css
ERR: 无法加载控制器:Public

[ 2019-01-26T14:20:33+08:00 ] ::1 /Fun1/Public/static/h-ui.admin/skin/yellow/skin.css
ERR: 无法加载控制器:Public

[ 2019-01-26T14:20:35+08:00 ] ::1 /Fun1/Public/static/h-ui.admin/skin/yellow/skin.css
ERR: 无法加载控制器:Public

[ 2019-01-26T14:21:05+08:00 ] ::1 /Fun1/Public/static/h-ui.admin/skin/yellow/skin.css
ERR: 无法加载控制器:Public

[ 2019-01-26T14:21:06+08:00 ] ::1 /Fun1/Public/static/h-ui.admin/skin/yellow/skin.css
ERR: 无法加载控制器:Public

[ 2019-01-26T14:54:38+08:00 ] ::1 /Fun1/Public/static/h-ui.admin/skin/yellow/skin.css
ERR: 无法加载控制器:Public

[ 2019-01-26T14:54:42+08:00 ] ::1 /Fun1/Public/static/h-ui.admin/skin/yellow/skin.css
ERR: 无法加载控制器:Public

[ 2019-01-26T15:30:59+08:00 ] ::1 /Fun1/Public/static/h-ui.admin/skin/yellow/skin.css
ERR: 无法加载控制器:Public

[ 2019-01-26T15:31:01+08:00 ] ::1 /Fun1/Public/static/h-ui.admin/skin/yellow/skin.css
ERR: 无法加载控制器:Public

[ 2019-01-26T15:31:11+08:00 ] ::1 /Fun1/Public/static/h-ui.admin/skin/yellow/skin.css
ERR: 无法加载控制器:Public

[ 2019-01-26T15:31:37+08:00 ] ::1 /Fun1/Public/static/h-ui.admin/skin/yellow/skin.css
ERR: 无法加载控制器:Public

[ 2019-01-26T15:32:04+08:00 ] ::1 /Fun1/Public/static/h-ui.admin/skin/yellow/skin.css
ERR: 无法加载控制器:Public

[ 2019-01-26T15:32:14+08:00 ] ::1 /Fun1/Public/static/h-ui.admin/skin/yellow/skin.css
ERR: 无法加载控制器:Public

[ 2019-01-26T15:32:22+08:00 ] ::1 /Fun1/Public/static/h-ui.admin/skin/yellow/skin.css
ERR: 无法加载控制器:Public

[ 2019-01-26T15:32:40+08:00 ] ::1 /Fun1/Public/static/h-ui.admin/skin/yellow/skin.css
ERR: 无法加载控制器:Public

[ 2019-01-26T15:32:45+08:00 ] ::1 /Fun1/Public/static/h-ui.admin/skin/yellow/skin.css
ERR: 无法加载控制器:Public

[ 2019-01-26T15:33:13+08:00 ] ::1 /Fun1/Public/static/h-ui.admin/skin/yellow/skin.css
ERR: 无法加载控制器:Public

[ 2019-01-26T15:33:52+08:00 ] ::1 /Fun1/Public/static/h-ui.admin/skin/yellow/skin.css
ERR: 无法加载控制器:Public

[ 2019-01-26T15:34:36+08:00 ] ::1 /Fun1/Public/static/h-ui.admin/skin/yellow/skin.css
ERR: 无法加载控制器:Public

[ 2019-01-26T15:38:22+08:00 ] ::1 /Fun1/Public/static/h-ui.admin/skin/yellow/skin.css
ERR: 无法加载控制器:Public

[ 2019-01-26T15:38:57+08:00 ] ::1 /Fun1/Public/static/h-ui.admin/skin/yellow/skin.css
ERR: 无法加载控制器:Public

[ 2019-01-26T15:40:43+08:00 ] ::1 /Fun1/Public/static/h-ui.admin/skin/yellow/skin.css
ERR: 无法加载控制器:Public

[ 2019-01-26T15:40:46+08:00 ] ::1 /Fun1/Public/static/h-ui.admin/skin/yellow/skin.css
ERR: 无法加载控制器:Public

[ 2019-01-26T15:41:05+08:00 ] ::1 /Fun1/Public/static/h-ui.admin/skin/yellow/skin.css
ERR: 无法加载控制器:Public

[ 2019-01-26T15:41:37+08:00 ] ::1 /Fun1/Public/static/h-ui.admin/skin/yellow/skin.css
ERR: 无法加载控制器:Public

[ 2019-01-26T15:43:01+08:00 ] ::1 /Fun1/Public/static/h-ui.admin/skin/yellow/skin.css
ERR: 无法加载控制器:Public

[ 2019-01-26T15:46:04+08:00 ] ::1 /Fun1/Public/static/h-ui.admin/skin/yellow/skin.css
ERR: 无法加载控制器:Public

[ 2019-01-26T15:46:58+08:00 ] ::1 /Fun1/Public/static/h-ui.admin/skin/yellow/skin.css
ERR: 无法加载控制器:Public

[ 2019-01-26T15:47:17+08:00 ] ::1 /Fun1/Public/static/h-ui.admin/skin/yellow/skin.css
ERR: 无法加载控制器:Public

[ 2019-01-26T15:48:03+08:00 ] ::1 /Fun1/Public/static/h-ui.admin/skin/yellow/skin.css
ERR: 无法加载控制器:Public

[ 2019-01-26T16:09:52+08:00 ] ::1 /Fun1/Public/static/h-ui.admin/skin/yellow/skin.css
ERR: 无法加载控制器:Public

[ 2019-01-26T16:10:00+08:00 ] ::1 /Fun1/Public/static/h-ui.admin/skin/yellow/skin.css
ERR: 无法加载控制器:Public

[ 2019-01-26T16:10:05+08:00 ] ::1 /Fun1/Public/static/h-ui.admin/skin/yellow/skin.css
ERR: 无法加载控制器:Public

[ 2019-01-26T16:10:08+08:00 ] ::1 /Fun1/Public/static/h-ui.admin/skin/yellow/skin.css
ERR: 无法加载控制器:Public

[ 2019-01-26T16:10:16+08:00 ] ::1 /Fun1/Public/static/h-ui.admin/skin/yellow/skin.css
ERR: 无法加载控制器:Public

[ 2019-01-26T16:10:43+08:00 ] ::1 /Fun1/Public/static/h-ui.admin/skin/yellow/skin.css
ERR: 无法加载控制器:Public

[ 2019-01-26T16:10:49+08:00 ] ::1 /Fun1/Public/static/h-ui.admin/skin/yellow/skin.css
ERR: 无法加载控制器:Public

[ 2019-01-26T16:13:18+08:00 ] ::1 /Fun1/Public/static/h-ui.admin/skin/yellow/skin.css
ERR: 无法加载控制器:Public

[ 2019-01-26T16:31:12+08:00 ] ::1 /Fun1/Public/static/h-ui.admin/skin/yellow/skin.css
ERR: 无法加载控制器:Public

[ 2019-01-26T16:31:20+08:00 ] ::1 /Fun1/Public/static/h-ui.admin/skin/yellow/skin.css
ERR: 无法加载控制器:Public

[ 2019-01-26T16:31:24+08:00 ] ::1 /Fun1/Public/static/h-ui.admin/skin/yellow/skin.css
ERR: 无法加载控制器:Public

[ 2019-01-26T16:32:19+08:00 ] ::1 /Fun1/Public/static/h-ui.admin/skin/yellow/skin.css
ERR: 无法加载控制器:Public

[ 2019-01-26T16:32:37+08:00 ] ::1 /Fun1/Public/static/h-ui.admin/skin/yellow/skin.css
ERR: 无法加载控制器:Public

[ 2019-01-26T16:33:41+08:00 ] ::1 /Fun1/Public/static/h-ui.admin/skin/yellow/skin.css
ERR: 无法加载控制器:Public

[ 2019-01-26T16:55:41+08:00 ] ::1 /Fun1/Public/static/h-ui.admin/skin/yellow/skin.css
ERR: 无法加载控制器:Public

[ 2019-01-26T17:01:14+08:00 ] ::1 /Fun1/Public/static/h-ui.admin/skin/yellow/skin.css
ERR: 无法加载控制器:Public

[ 2019-01-26T17:01:17+08:00 ] ::1 /Fun1/Public/static/h-ui.admin/skin/yellow/skin.css
ERR: 无法加载控制器:Public

[ 2019-01-26T17:01:42+08:00 ] ::1 /Fun1/Public/static/h-ui.admin/skin/yellow/skin.css
ERR: 无法加载控制器:Public

[ 2019-01-26T17:17:53+08:00 ] ::1 /Fun1/Public/static/h-ui.admin/skin/yellow/skin.css
ERR: 无法加载控制器:Public

[ 2019-01-26T17:18:00+08:00 ] ::1 /Fun1/Public/static/h-ui.admin/skin/yellow/skin.css
ERR: 无法加载控制器:Public

[ 2019-01-26T17:18:03+08:00 ] ::1 /Fun1/Public/static/h-ui.admin/skin/yellow/skin.css
ERR: 无法加载控制器:Public

[ 2019-01-26T17:18:08+08:00 ] ::1 /Fun1/Public/static/h-ui.admin/skin/yellow/skin.css
ERR: 无法加载控制器:Public

[ 2019-01-26T17:19:37+08:00 ] ::1 /Fun1/Public/static/h-ui.admin/skin/yellow/skin.css
ERR: 无法加载控制器:Public

[ 2019-01-26T17:19:42+08:00 ] ::1 /Fun1/Public/static/h-ui.admin/skin/yellow/skin.css
ERR: 无法加载控制器:Public

[ 2019-01-26T17:21:23+08:00 ] ::1 /Fun1/Public/static/h-ui.admin/skin/yellow/skin.css
ERR: 无法加载控制器:Public

[ 2019-01-26T17:21:28+08:00 ] ::1 /Fun1/Public/static/h-ui.admin/skin/yellow/skin.css
ERR: 无法加载控制器:Public

[ 2019-01-26T17:21:45+08:00 ] ::1 /Fun1/Public/static/h-ui.admin/skin/yellow/skin.css
ERR: 无法加载控制器:Public

[ 2019-01-26T17:22:28+08:00 ] ::1 /Fun1/Public/static/h-ui.admin/skin/yellow/skin.css
ERR: 无法加载控制器:Public

[ 2019-01-26T17:22:31+08:00 ] ::1 /Fun1/Public/static/h-ui.admin/skin/yellow/skin.css
ERR: 无法加载控制器:Public

[ 2019-01-26T17:22:44+08:00 ] ::1 /Fun1/Public/static/h-ui.admin/skin/yellow/skin.css
ERR: 无法加载控制器:Public

[ 2019-01-26T17:23:39+08:00 ] ::1 /Fun1/Public/static/h-ui.admin/skin/yellow/skin.css
ERR: 无法加载控制器:Public

[ 2019-01-26T17:32:57+08:00 ] ::1 /Fun1/Public/static/h-ui.admin/skin/yellow/skin.css
ERR: 无法加载控制器:Public

[ 2019-01-26T17:35:34+08:00 ] ::1 /Fun1/Public/static/h-ui.admin/skin/yellow/skin.css
ERR: 无法加载控制器:Public

[ 2019-01-26T17:36:24+08:00 ] ::1 /Fun1/Public/static/h-ui.admin/skin/yellow/skin.css
ERR: 无法加载控制器:Public

[ 2019-01-26T17:36:37+08:00 ] ::1 /Fun1/Public/static/h-ui.admin/skin/yellow/skin.css
ERR: 无法加载控制器:Public

[ 2019-01-26T17:36:44+08:00 ] ::1 /Fun1/Public/static/h-ui.admin/skin/yellow/skin.css
ERR: 无法加载控制器:Public

[ 2019-01-26T17:36:48+08:00 ] ::1 /Fun1/Public/static/h-ui.admin/skin/yellow/skin.css
ERR: 无法加载控制器:Public

[ 2019-01-26T17:36:57+08:00 ] ::1 /Fun1/Public/static/h-ui.admin/skin/yellow/skin.css
ERR: 无法加载控制器:Public

[ 2019-01-26T17:36:59+08:00 ] ::1 /Fun1/Public/static/h-ui.admin/skin/yellow/skin.css
ERR: 无法加载控制器:Public

[ 2019-01-26T17:37:05+08:00 ] ::1 /Fun1/Public/static/h-ui.admin/skin/yellow/skin.css
ERR: 无法加载控制器:Public

[ 2019-01-26T17:37:08+08:00 ] ::1 /Fun1/Public/static/h-ui.admin/skin/yellow/skin.css
ERR: 无法加载控制器:Public

[ 2019-01-26T17:37:09+08:00 ] ::1 /Fun1/Public/static/h-ui.admin/skin/yellow/skin.css
ERR: 无法加载控制器:Public

[ 2019-01-26T17:37:14+08:00 ] ::1 /Fun1/Public/static/h-ui.admin/skin/yellow/skin.css
ERR: 无法加载控制器:Public

[ 2019-01-26T17:37:17+08:00 ] ::1 /Fun1/Public/static/h-ui.admin/skin/yellow/skin.css
ERR: 无法加载控制器:Public

[ 2019-01-26T18:36:50+08:00 ] ::1 /Fun1/Public/static/h-ui.admin/skin/yellow/skin.css
ERR: 无法加载控制器:Public

[ 2019-01-26T18:36:52+08:00 ] ::1 /Fun1/Public/static/h-ui.admin/skin/yellow/skin.css
ERR: 无法加载控制器:Public

[ 2019-01-26T18:36:55+08:00 ] ::1 /Fun1/Public/static/h-ui.admin/skin/yellow/skin.css
ERR: 无法加载控制器:Public

[ 2019-01-26T18:37:02+08:00 ] ::1 /Fun1/Public/static/h-ui.admin/skin/yellow/skin.css
ERR: 无法加载控制器:Public

[ 2019-01-26T18:37:05+08:00 ] ::1 /Fun1/Public/static/h-ui.admin/skin/yellow/skin.css
ERR: 无法加载控制器:Public

[ 2019-01-26T18:37:13+08:00 ] ::1 /Fun1/Public/static/h-ui.admin/skin/yellow/skin.css
ERR: 无法加载控制器:Public

[ 2019-01-26T18:40:15+08:00 ] ::1 /Fun1/Public/static/h-ui.admin/skin/yellow/skin.css
ERR: 无法加载控制器:Public

[ 2019-01-26T18:40:23+08:00 ] ::1 /Fun1/Public/css/bootstrap.min.css
ERR: 无法加载控制器:Public

[ 2019-01-26T18:40:23+08:00 ] ::1 /Fun1/Public/css/register.css
ERR: 无法加载控制器:Public

[ 2019-01-26T18:40:23+08:00 ] ::1 /Fun1/Public/css/htlogin.css
ERR: 无法加载控制器:Public

[ 2019-01-26T18:40:32+08:00 ] ::1 /Fun1/Public/css/htlogin.css
ERR: 无法加载控制器:Public

[ 2019-01-26T18:40:32+08:00 ] ::1 /Fun1/Public/css/bootstrap.min.css
ERR: 无法加载控制器:Public

[ 2019-01-26T18:40:32+08:00 ] ::1 /Fun1/Public/css/register.css
ERR: 无法加载控制器:Public

[ 2019-01-26T18:40:32+08:00 ] ::1 /Fun1/Public/css/htlogin.css
ERR: 无法加载控制器:Public

[ 2019-01-26T18:40:45+08:00 ] ::1 /Fun1/Public/static/h-ui.admin/skin/yellow/skin.css
ERR: 无法加载控制器:Public

[ 2019-01-26T18:40:48+08:00 ] ::1 /Fun1/Public/static/h-ui.admin/skin/yellow/skin.css
ERR: 无法加载控制器:Public

[ 2019-01-26T18:40:56+08:00 ] ::1 /Fun1/Public/css/htlogin.css
ERR: 无法加载控制器:Public

[ 2019-01-26T18:40:56+08:00 ] ::1 /Fun1/Public/css/bootstrap.min.css
ERR: 无法加载控制器:Public

[ 2019-01-26T18:40:56+08:00 ] ::1 /Fun1/Public/css/register.css
ERR: 无法加载控制器:Public

[ 2019-01-26T18:40:56+08:00 ] ::1 /Fun1/Public/css/htlogin.css
ERR: 无法加载控制器:Public

[ 2019-01-26T18:41:05+08:00 ] ::1 /Fun1/Public/static/h-ui.admin/skin/yellow/skin.css
ERR: 无法加载控制器:Public

[ 2019-01-26T18:41:08+08:00 ] ::1 /Fun1/Public/static/h-ui.admin/skin/yellow/skin.css
ERR: 无法加载控制器:Public

[ 2019-01-26T18:41:21+08:00 ] ::1 /Fun1/Public/css/htlogin.css
ERR: 无法加载控制器:Public

[ 2019-01-26T18:41:21+08:00 ] ::1 /Fun1/Public/css/register.css
ERR: 无法加载控制器:Public

[ 2019-01-26T18:41:21+08:00 ] ::1 /Fun1/Public/css/bootstrap.min.css
ERR: 无法加载控制器:Public

[ 2019-01-26T18:41:21+08:00 ] ::1 /Fun1/Public/css/register.css
ERR: 无法加载控制器:Public

[ 2019-01-26T18:41:21+08:00 ] ::1 /Fun1/Public/css/htlogin.css
ERR: 无法加载控制器:Public

[ 2019-01-26T18:41:31+08:00 ] ::1 /Fun1/Public/static/h-ui.admin/skin/yellow/skin.css
ERR: 无法加载控制器:Public

[ 2019-01-26T18:41:35+08:00 ] ::1 /Fun1/Public/static/h-ui.admin/skin/yellow/skin.css
ERR: 无法加载控制器:Public

[ 2019-01-26T18:51:24+08:00 ] ::1 /Fun1/Public/css/register.css
ERR: 无法加载控制器:Public

[ 2019-01-26T18:51:24+08:00 ] ::1 /Fun1/Public/css/bootstrap.min.css
ERR: 无法加载控制器:Public

[ 2019-01-26T18:51:24+08:00 ] ::1 /Fun1/Public/css/htlogin.css
ERR: 无法加载控制器:Public

[ 2019-01-26T18:51:24+08:00 ] ::1 /Fun1/Public/css/register.css
ERR: 无法加载控制器:Public

[ 2019-01-26T18:51:24+08:00 ] ::1 /Fun1/Public/css/htlogin.css
ERR: 无法加载控制器:Public

[ 2019-01-26T18:51:31+08:00 ] ::1 /Fun1/Public/css/bootstrap.min.css
ERR: 无法加载控制器:Public

[ 2019-01-26T18:51:31+08:00 ] ::1 /Fun1/Public/css/register.css
ERR: 无法加载控制器:Public

[ 2019-01-26T18:51:31+08:00 ] ::1 /Fun1/Public/css/htlogin.css
ERR: 无法加载控制器:Public

[ 2019-01-26T18:52:04+08:00 ] ::1 /Fun1/Public/css/htlogin.css
ERR: 无法加载控制器:Public

[ 2019-01-26T18:52:04+08:00 ] ::1 /Fun1/Public/css/bootstrap.min.css
ERR: 无法加载控制器:Public

[ 2019-01-26T18:52:04+08:00 ] ::1 /Fun1/Public/css/register.css
ERR: 无法加载控制器:Public

[ 2019-01-26T18:52:04+08:00 ] ::1 /Fun1/Public/css/htlogin.css
ERR: 无法加载控制器:Public

[ 2019-01-26T18:52:40+08:00 ] ::1 /Fun1/Public/static/h-ui.admin/skin/yellow/skin.css
ERR: 无法加载控制器:Public

[ 2019-01-26T18:52:45+08:00 ] ::1 /Fun1/Public/css/bootstrap.min.css
ERR: 无法加载控制器:Public

[ 2019-01-26T18:52:45+08:00 ] ::1 /Fun1/Public/css/htlogin.css
ERR: 无法加载控制器:Public

[ 2019-01-26T18:52:45+08:00 ] ::1 /Fun1/Public/css/register.css
ERR: 无法加载控制器:Public

[ 2019-01-26T18:52:45+08:00 ] ::1 /Fun1/Public/css/htlogin.css
ERR: 无法加载控制器:Public

[ 2019-01-26T18:52:52+08:00 ] ::1 /Fun1/Public/static/h-ui.admin/skin/yellow/skin.css
ERR: 无法加载控制器:Public

[ 2019-01-26T18:57:13+08:00 ] ::1 /Fun1/Public/css/bootstrap.min.css
ERR: 无法加载控制器:Public

[ 2019-01-26T18:57:13+08:00 ] ::1 /Fun1/Public/css/register.css
ERR: 无法加载控制器:Public

[ 2019-01-26T18:57:13+08:00 ] ::1 /Fun1/Public/css/htlogin.css
ERR: 无法加载控制器:Public

[ 2019-01-26T18:57:53+08:00 ] ::1 /Fun1/Public/css/register.css
ERR: 无法加载控制器:Public

[ 2019-01-26T18:57:53+08:00 ] ::1 /Fun1/Public/css/bootstrap.min.css
ERR: 无法加载控制器:Public

[ 2019-01-26T18:57:53+08:00 ] ::1 /Fun1/Public/css/htlogin.css
ERR: 无法加载控制器:Public

[ 2019-01-26T18:57:55+08:00 ] ::1 /Fun1/Public/css/bootstrap.min.css
ERR: 无法加载控制器:Public

[ 2019-01-26T18:57:55+08:00 ] ::1 /Fun1/Public/css/register.css
ERR: 无法加载控制器:Public

[ 2019-01-26T18:57:55+08:00 ] ::1 /Fun1/Public/css/htlogin.css
ERR: 无法加载控制器:Public

[ 2019-01-26T18:58:03+08:00 ] ::1 /Fun1/Public/css/register.css
ERR: 无法加载控制器:Public

[ 2019-01-26T18:58:03+08:00 ] ::1 /Fun1/Public/css/bootstrap.min.css
ERR: 无法加载控制器:Public

[ 2019-01-26T18:58:03+08:00 ] ::1 /Fun1/Public/css/htlogin.css
ERR: 无法加载控制器:Public

[ 2019-01-26T18:58:04+08:00 ] ::1 /Fun1/Public/css/bootstrap.min.css
ERR: 无法加载控制器:Public

[ 2019-01-26T18:58:05+08:00 ] ::1 /Fun1/Public/css/register.css
ERR: 无法加载控制器:Public

[ 2019-01-26T18:58:05+08:00 ] ::1 /Fun1/Public/css/htlogin.css
ERR: 无法加载控制器:Public

[ 2019-01-26T18:58:29+08:00 ] ::1 /Fun1/Public/css/htlogin.css
ERR: 无法加载控制器:Public

[ 2019-01-26T18:58:29+08:00 ] ::1 /Fun1/Public/css/bootstrap.min.css
ERR: 无法加载控制器:Public

[ 2019-01-26T18:58:29+08:00 ] ::1 /Fun1/Public/css/register.css
ERR: 无法加载控制器:Public

[ 2019-01-26T18:58:29+08:00 ] ::1 /Fun1/Public/css/htlogin.css
ERR: 无法加载控制器:Public

[ 2019-01-26T18:58:33+08:00 ] ::1 /Fun1/Public/css/bootstrap.min.css
ERR: 无法加载控制器:Public

[ 2019-01-26T18:58:33+08:00 ] ::1 /Fun1/Public/css/htlogin.css
ERR: 无法加载控制器:Public

[ 2019-01-26T18:58:33+08:00 ] ::1 /Fun1/Public/css/register.css
ERR: 无法加载控制器:Public

[ 2019-01-26T18:58:33+08:00 ] ::1 /Fun1/Public/css/htlogin.css
ERR: 无法加载控制器:Public

[ 2019-01-26T18:58:42+08:00 ] ::1 /Fun1/Public/css/register.css
ERR: 无法加载控制器:Public

[ 2019-01-26T18:58:42+08:00 ] ::1 /Fun1/Public/css/bootstrap.min.css
ERR: 无法加载控制器:Public

[ 2019-01-26T18:58:42+08:00 ] ::1 /Fun1/Public/css/htlogin.css
ERR: 无法加载控制器:Public

[ 2019-01-26T18:58:42+08:00 ] ::1 /Fun1/Public/css/register.css
ERR: 无法加载控制器:Public

[ 2019-01-26T18:58:42+08:00 ] ::1 /Fun1/Public/css/htlogin.css
ERR: 无法加载控制器:Public

[ 2019-01-26T18:59:05+08:00 ] ::1 /Fun1/Public/css/bootstrap.min.css
ERR: 无法加载控制器:Public

[ 2019-01-26T18:59:05+08:00 ] ::1 /Fun1/Public/css/register.css
ERR: 无法加载控制器:Public

[ 2019-01-26T18:59:05+08:00 ] ::1 /Fun1/Public/css/htlogin.css
ERR: 无法加载控制器:Public

[ 2019-01-26T18:59:34+08:00 ] ::1 /Fun1/Public/css/bootstrap.min.css
ERR: 无法加载控制器:Public

[ 2019-01-26T18:59:34+08:00 ] ::1 /Fun1/Public/css/register.css
ERR: 无法加载控制器:Public

[ 2019-01-26T18:59:34+08:00 ] ::1 /Fun1/Public/css/htlogin.css
ERR: 无法加载控制器:Public

[ 2019-01-26T19:00:59+08:00 ] ::1 /Fun1/Public/css/htlogin.css
ERR: 无法加载控制器:Public

[ 2019-01-26T19:00:59+08:00 ] ::1 /Fun1/Public/css/register.css
ERR: 无法加载控制器:Public

[ 2019-01-26T19:00:59+08:00 ] ::1 /Fun1/Public/css/bootstrap.min.css
ERR: 无法加载控制器:Public

[ 2019-01-26T19:00:59+08:00 ] ::1 /Fun1/Public/css/bootstrap.min.css
ERR: 无法加载控制器:Public

[ 2019-01-26T19:00:59+08:00 ] ::1 /Fun1/Public/css/register.css
ERR: 无法加载控制器:Public

[ 2019-01-26T19:00:59+08:00 ] ::1 /Fun1/Public/css/htlogin.css
ERR: 无法加载控制器:Public

[ 2019-01-26T19:01:20+08:00 ] ::1 /Fun1/Public/css/bootstrap.min.css
ERR: 无法加载控制器:Public

[ 2019-01-26T19:01:20+08:00 ] ::1 /Fun1/Public/css/register.css
ERR: 无法加载控制器:Public

[ 2019-01-26T19:01:20+08:00 ] ::1 /Fun1/Public/css/htlogin.css
ERR: 无法加载控制器:Public

[ 2019-01-26T19:03:25+08:00 ] ::1 /Fun1/Public/css/htlogin.css
ERR: 无法加载控制器:Public

[ 2019-01-26T19:03:25+08:00 ] ::1 /Fun1/Public/css/bootstrap.min.css
ERR: 无法加载控制器:Public

[ 2019-01-26T19:03:25+08:00 ] ::1 /Fun1/Public/css/register.css
ERR: 无法加载控制器:Public

[ 2019-01-26T19:03:25+08:00 ] ::1 /Fun1/Public/css/htlogin.css
ERR: 无法加载控制器:Public

[ 2019-01-26T19:03:55+08:00 ] ::1 /Fun1/Public/css/bootstrap.min.css
ERR: 无法加载控制器:Public

[ 2019-01-26T19:03:55+08:00 ] ::1 /Fun1/Public/css/register.css
ERR: 无法加载控制器:Public

[ 2019-01-26T19:03:55+08:00 ] ::1 /Fun1/Public/css/htlogin.css
ERR: 无法加载控制器:Public

[ 2019-01-26T19:03:56+08:00 ] ::1 /Fun1/Public/css/bootstrap.min.css
ERR: 无法加载控制器:Public

[ 2019-01-26T19:03:56+08:00 ] ::1 /Fun1/Public/css/register.css
ERR: 无法加载控制器:Public

[ 2019-01-26T19:03:56+08:00 ] ::1 /Fun1/Public/css/htlogin.css
ERR: 无法加载控制器:Public

[ 2019-01-26T19:04:21+08:00 ] ::1 /Fun1/Public/css/bootstrap.min.css
ERR: 无法加载控制器:Public

[ 2019-01-26T19:04:21+08:00 ] ::1 /Fun1/Public/css/register.css
ERR: 无法加载控制器:Public

[ 2019-01-26T19:04:21+08:00 ] ::1 /Fun1/Public/css/htlogin.css
ERR: 无法加载控制器:Public

[ 2019-01-26T19:04:27+08:00 ] ::1 /Fun1/Public/css/bootstrap.min.css
ERR: 无法加载控制器:Public

[ 2019-01-26T19:04:27+08:00 ] ::1 /Fun1/Public/css/register.css
ERR: 无法加载控制器:Public

[ 2019-01-26T19:04:27+08:00 ] ::1 /Fun1/Public/css/htlogin.css
ERR: 无法加载控制器:Public

[ 2019-01-26T19:06:44+08:00 ] ::1 /Fun1/Public/css/bootstrap.min.css
ERR: 无法加载控制器:Public

[ 2019-01-26T19:06:44+08:00 ] ::1 /Fun1/Public/css/htlogin.css
ERR: 无法加载控制器:Public

[ 2019-01-26T19:06:45+08:00 ] ::1 /Fun1/Public/css/register.css
ERR: 无法加载控制器:Public

[ 2019-01-26T19:06:45+08:00 ] ::1 /Fun1/Public/css/bootstrap.min.css
ERR: 无法加载控制器:Public

[ 2019-01-26T19:06:46+08:00 ] ::1 /Fun1/Public/css/register.css
ERR: 无法加载控制器:Public

[ 2019-01-26T19:06:46+08:00 ] ::1 /Fun1/Public/css/htlogin.css
ERR: 无法加载控制器:Public

[ 2019-01-26T19:06:52+08:00 ] ::1 /Fun1/Public/static/h-ui.admin/skin/yellow/skin.css
ERR: 无法加载控制器:Public

[ 2019-01-26T19:06:54+08:00 ] ::1 /Fun1/Public/css/register.css
ERR: 无法加载控制器:Public

[ 2019-01-26T19:06:54+08:00 ] ::1 /Fun1/Public/css/htlogin.css
ERR: 无法加载控制器:Public

[ 2019-01-26T19:06:54+08:00 ] ::1 /Fun1/Public/css/bootstrap.min.css
ERR: 无法加载控制器:Public

[ 2019-01-26T19:06:54+08:00 ] ::1 /Fun1/Public/css/register.css
ERR: 无法加载控制器:Public

[ 2019-01-26T19:06:54+08:00 ] ::1 /Fun1/Public/css/htlogin.css
ERR: 无法加载控制器:Public

[ 2019-01-26T19:07:00+08:00 ] ::1 /Fun1/Public/css/bootstrap.min.css
ERR: 无法加载控制器:Public

[ 2019-01-26T19:07:00+08:00 ] ::1 /Fun1/Public/css/htlogin.css
ERR: 无法加载控制器:Public

[ 2019-01-26T19:07:00+08:00 ] ::1 /Fun1/Public/css/register.css
ERR: 无法加载控制器:Public

[ 2019-01-26T19:07:00+08:00 ] ::1 /Fun1/Public/css/htlogin.css
ERR: 无法加载控制器:Public

[ 2019-01-26T19:07:08+08:00 ] ::1 /Fun1/Public/css/bootstrap.min.css
ERR: 无法加载控制器:Public

[ 2019-01-26T19:07:08+08:00 ] ::1 /Fun1/Public/css/htlogin.css
ERR: 无法加载控制器:Public

[ 2019-01-26T19:07:08+08:00 ] ::1 /Fun1/Public/css/register.css
ERR: 无法加载控制器:Public

[ 2019-01-26T19:07:08+08:00 ] ::1 /Fun1/Public/css/htlogin.css
ERR: 无法加载控制器:Public

[ 2019-01-26T19:07:22+08:00 ] ::1 /Fun1/Public/css/register.css
ERR: 无法加载控制器:Public

[ 2019-01-26T19:07:22+08:00 ] ::1 /Fun1/Public/css/bootstrap.min.css
ERR: 无法加载控制器:Public

[ 2019-01-26T19:07:22+08:00 ] ::1 /Fun1/Public/css/htlogin.css
ERR: 无法加载控制器:Public

[ 2019-01-26T19:07:22+08:00 ] ::1 /Fun1/Public/css/register.css
ERR: 无法加载控制器:Public

[ 2019-01-26T19:07:22+08:00 ] ::1 /Fun1/Public/css/htlogin.css
ERR: 无法加载控制器:Public

