[ 2019-01-21T11:18:42+08:00 ] ::1 /Fun1/index.php
ERR: 无法加载控制器:Index

[ 2019-01-21T11:45:27+08:00 ] ::1 /Fun1/Home/Material/materialList
ERR: 1054:Unknown column 'articleCreateTime' in 'order clause'
 [ SQL语句 ] : SELECT * FROM `fun_material` ORDER BY articleCreateTime desc 

[ 2019-01-21T11:46:09+08:00 ] ::1 /Fun1/Home/Material/materialList
ERR: 1054:Unknown column 'articleCreateTime' in 'order clause'
 [ SQL语句 ] : SELECT * FROM `fun_material` ORDER BY articleCreateTime desc 

[ 2019-01-21T11:46:48+08:00 ] ::1 /Fun1/Home/Material/materialList
ERR: 1054:Unknown column 'materialCreateTime' in 'order clause'
 [ SQL语句 ] : SELECT * FROM `fun_material` ORDER BY materialCreateTime desc 

[ 2019-01-21T12:16:04+08:00 ] ::1 /Fun1/Home/Material/materialList
ERR: 1054:Unknown column 'materialCreateTime' in 'order clause'
 [ SQL语句 ] : SELECT * FROM `fun_material` ORDER BY materialCreateTime desc 

[ 2019-01-21T12:17:51+08:00 ] ::1 /Fun1/Home/Material/materialList
ERR: 1054:Unknown column 'materialCreateTime' in 'order clause'
 [ SQL语句 ] : SELECT * FROM `fun_material` ORDER BY materialCreateTime desc 

[ 2019-01-21T14:25:41+08:00 ] ::1 /Fun1/Home/Material/materialList
ERR: 1054:Unknown column 'materialCreateTime' in 'order clause'
 [ SQL语句 ] : SELECT * FROM `fun_material` ORDER BY materialCreateTime desc 

[ 2019-01-21T15:44:59+08:00 ] ::1 /Fun1/Home/Material/materialDetail
ERR: 非法操作:materialDetail

[ 2019-01-21T17:49:33+08:00 ] ::1 /Fun1/index.php
ERR: 无法加载控制器:Index

[ 2019-01-21T19:09:11+08:00 ] ::1 /Fun1/index.php
ERR: 无法加载控制器:Index

