[ 2019-01-15T10:11:00+08:00 ] ::1 /Fun1/Public/css/bootstrap.min.css
ERR: 无法加载控制器:Public

[ 2019-01-15T10:11:00+08:00 ] ::1 /Fun1/Public/css/register.css
ERR: 无法加载控制器:Public

[ 2019-01-15T10:11:00+08:00 ] ::1 /Fun1/Public/css/htlogin.css
ERR: 无法加载控制器:Public

[ 2019-01-15T10:11:10+08:00 ] ::1 /Fun1/Public/static/h-ui.admin/skin/yellow/skin.css
ERR: 无法加载控制器:Public

[ 2019-01-15T10:11:13+08:00 ] ::1 /Fun1/Public/static/h-ui.admin/skin/yellow/skin.css
ERR: 无法加载控制器:Public

[ 2019-01-15T10:12:11+08:00 ] ::1 /Fun1/Public/static/h-ui.admin/skin/yellow/skin.css
ERR: 无法加载控制器:Public

[ 2019-01-15T10:12:21+08:00 ] ::1 /Fun1/Public/static/h-ui.admin/skin/yellow/skin.css
ERR: 无法加载控制器:Public

[ 2019-01-15T10:12:23+08:00 ] ::1 /Fun1/Public/static/h-ui.admin/skin/yellow/skin.css
ERR: 无法加载控制器:Public

[ 2019-01-15T10:12:29+08:00 ] ::1 /Fun1/Public/static/h-ui.admin/skin/yellow/skin.css
ERR: 无法加载控制器:Public

[ 2019-01-15T10:14:43+08:00 ] ::1 /Fun1/Public/static/h-ui.admin/skin/yellow/skin.css
ERR: 无法加载控制器:Public

[ 2019-01-15T10:14:46+08:00 ] ::1 /Fun1/Public/static/h-ui.admin/skin/yellow/skin.css
ERR: 无法加载控制器:Public

[ 2019-01-15T10:15:10+08:00 ] ::1 /Fun1/Public/static/h-ui.admin/skin/yellow/skin.css
ERR: 无法加载控制器:Public

[ 2019-01-15T10:15:14+08:00 ] ::1 /Fun1/Public/static/h-ui.admin/skin/yellow/skin.css
ERR: 无法加载控制器:Public

[ 2019-01-15T10:15:24+08:00 ] ::1 /Fun1/Public/static/h-ui.admin/skin/yellow/skin.css
ERR: 无法加载控制器:Public

[ 2019-01-15T10:15:36+08:00 ] ::1 /Fun1/Public/static/h-ui.admin/skin/yellow/skin.css
ERR: 无法加载控制器:Public

[ 2019-01-15T10:15:42+08:00 ] ::1 /Fun1/Public/static/h-ui.admin/skin/yellow/skin.css
ERR: 无法加载控制器:Public

[ 2019-01-15T10:16:01+08:00 ] ::1 /Fun1/Public/static/h-ui.admin/skin/yellow/skin.css
ERR: 无法加载控制器:Public

[ 2019-01-15T10:16:33+08:00 ] ::1 /Fun1/Public/static/h-ui.admin/skin/yellow/skin.css
ERR: 无法加载控制器:Public

[ 2019-01-15T10:16:37+08:00 ] ::1 /Fun1/Public/static/h-ui.admin/skin/yellow/skin.css
ERR: 无法加载控制器:Public

[ 2019-01-15T10:16:40+08:00 ] ::1 /Fun1/Public/static/h-ui.admin/skin/yellow/skin.css
ERR: 无法加载控制器:Public

[ 2019-01-15T10:18:34+08:00 ] ::1 /Fun1/Public/static/h-ui.admin/skin/yellow/skin.css
ERR: 无法加载控制器:Public

[ 2019-01-15T10:18:41+08:00 ] ::1 /Fun1/Public/static/h-ui.admin/skin/yellow/skin.css
ERR: 无法加载控制器:Public

[ 2019-01-15T10:18:51+08:00 ] ::1 /Fun1/Public/static/h-ui.admin/skin/yellow/skin.css
ERR: 无法加载控制器:Public

[ 2019-01-15T10:19:09+08:00 ] ::1 /Fun1/Public/static/h-ui.admin/skin/yellow/skin.css
ERR: 无法加载控制器:Public

[ 2019-01-15T10:19:15+08:00 ] ::1 /Fun1/Public/static/h-ui.admin/skin/yellow/skin.css
ERR: 无法加载控制器:Public

[ 2019-01-15T10:19:31+08:00 ] ::1 /Fun1/Public/static/h-ui.admin/skin/yellow/skin.css
ERR: 无法加载控制器:Public

[ 2019-01-15T10:20:07+08:00 ] ::1 /Fun1/Public/static/h-ui.admin/skin/yellow/skin.css
ERR: 无法加载控制器:Public

[ 2019-01-15T10:20:18+08:00 ] ::1 /Fun1/Public/static/h-ui.admin/skin/yellow/skin.css
ERR: 无法加载控制器:Public

[ 2019-01-15T10:20:32+08:00 ] ::1 /Fun1/Public/static/h-ui.admin/skin/yellow/skin.css
ERR: 无法加载控制器:Public

[ 2019-01-15T10:23:45+08:00 ] ::1 /Fun1/Public/static/h-ui.admin/skin/yellow/skin.css
ERR: 无法加载控制器:Public

[ 2019-01-15T10:24:00+08:00 ] ::1 /Fun1/Public/static/h-ui.admin/skin/yellow/skin.css
ERR: 无法加载控制器:Public

[ 2019-01-15T10:24:12+08:00 ] ::1 /Fun1/Public/static/h-ui.admin/skin/yellow/skin.css
ERR: 无法加载控制器:Public

[ 2019-01-15T10:24:26+08:00 ] ::1 /Fun1/Public/static/h-ui.admin/skin/yellow/skin.css
ERR: 无法加载控制器:Public

[ 2019-01-15T10:25:43+08:00 ] ::1 /Fun1/Public/static/h-ui.admin/skin/yellow/skin.css
ERR: 无法加载控制器:Public

[ 2019-01-15T10:26:45+08:00 ] ::1 /Fun1/Public/static/h-ui.admin/skin/yellow/skin.css
ERR: 无法加载控制器:Public

[ 2019-01-15T10:26:47+08:00 ] ::1 /Fun1/Public/static/h-ui.admin/skin/yellow/skin.css
ERR: 无法加载控制器:Public

[ 2019-01-15T10:27:05+08:00 ] ::1 /Fun1/Public/static/h-ui.admin/skin/yellow/skin.css
ERR: 无法加载控制器:Public

[ 2019-01-15T10:29:20+08:00 ] ::1 /Fun1/Public/static/h-ui.admin/skin/yellow/skin.css
ERR: 无法加载控制器:Public

[ 2019-01-15T10:30:34+08:00 ] ::1 /Fun1/Public/static/h-ui.admin/skin/yellow/skin.css
ERR: 无法加载控制器:Public

[ 2019-01-15T10:30:39+08:00 ] ::1 /Fun1/Public/static/h-ui.admin/skin/yellow/skin.css
ERR: 无法加载控制器:Public

[ 2019-01-15T10:30:42+08:00 ] ::1 /Fun1/Public/static/h-ui.admin/skin/yellow/skin.css
ERR: 无法加载控制器:Public

[ 2019-01-15T10:30:55+08:00 ] ::1 /Fun1/Public/static/h-ui.admin/skin/yellow/skin.css
ERR: 无法加载控制器:Public

[ 2019-01-15T10:31:02+08:00 ] ::1 /Fun1/Public/static/h-ui.admin/skin/yellow/skin.css
ERR: 无法加载控制器:Public

[ 2019-01-15T10:31:21+08:00 ] ::1 /Fun1/Public/static/h-ui.admin/skin/yellow/skin.css
ERR: 无法加载控制器:Public

[ 2019-01-15T10:31:23+08:00 ] ::1 /Fun1/Public/static/h-ui.admin/skin/yellow/skin.css
ERR: 无法加载控制器:Public

[ 2019-01-15T10:34:56+08:00 ] ::1 /Fun1/Public/static/h-ui.admin/skin/yellow/skin.css
ERR: 无法加载控制器:Public

[ 2019-01-15T10:34:58+08:00 ] ::1 /Fun1/Public/static/h-ui.admin/skin/yellow/skin.css
ERR: 无法加载控制器:Public

[ 2019-01-15T10:35:00+08:00 ] ::1 /Fun1/Public/static/h-ui.admin/skin/yellow/skin.css
ERR: 无法加载控制器:Public

[ 2019-01-15T10:35:26+08:00 ] ::1 /Fun1/Public/static/h-ui.admin/skin/yellow/skin.css
ERR: 无法加载控制器:Public

[ 2019-01-15T10:36:02+08:00 ] ::1 /Fun1/Public/static/h-ui.admin/skin/yellow/skin.css
ERR: 无法加载控制器:Public

[ 2019-01-15T10:36:03+08:00 ] ::1 /Fun1/Public/static/h-ui.admin/skin/yellow/skin.css
ERR: 无法加载控制器:Public

[ 2019-01-15T10:36:06+08:00 ] ::1 /Fun1/Public/static/h-ui.admin/skin/yellow/skin.css
ERR: 无法加载控制器:Public

[ 2019-01-15T10:36:56+08:00 ] ::1 /Fun1/Public/static/h-ui.admin/skin/yellow/skin.css
ERR: 无法加载控制器:Public

[ 2019-01-15T10:37:21+08:00 ] ::1 /Fun1/Public/static/h-ui.admin/skin/yellow/skin.css
ERR: 无法加载控制器:Public

[ 2019-01-15T10:38:07+08:00 ] ::1 /Fun1/Public/static/h-ui.admin/skin/yellow/skin.css
ERR: 无法加载控制器:Public

[ 2019-01-15T10:38:22+08:00 ] ::1 /Fun1/Public/static/h-ui.admin/skin/yellow/skin.css
ERR: 无法加载控制器:Public

[ 2019-01-15T10:39:06+08:00 ] ::1 /Fun1/Public/static/h-ui.admin/skin/yellow/skin.css
ERR: 无法加载控制器:Public

[ 2019-01-15T10:39:17+08:00 ] ::1 /Fun1/Public/static/h-ui.admin/skin/yellow/skin.css
ERR: 无法加载控制器:Public

[ 2019-01-15T10:39:22+08:00 ] ::1 /Fun1/Public/static/h-ui.admin/skin/yellow/skin.css
ERR: 无法加载控制器:Public

[ 2019-01-15T10:39:30+08:00 ] ::1 /Fun1/Public/static/h-ui.admin/skin/yellow/skin.css
ERR: 无法加载控制器:Public

[ 2019-01-15T10:39:49+08:00 ] ::1 /Fun1/Public/static/h-ui.admin/skin/yellow/skin.css
ERR: 无法加载控制器:Public

[ 2019-01-15T10:40:03+08:00 ] ::1 /Fun1/Public/static/h-ui.admin/skin/yellow/skin.css
ERR: 无法加载控制器:Public

[ 2019-01-15T10:40:49+08:00 ] ::1 /Fun1/Public/static/h-ui.admin/skin/yellow/skin.css
ERR: 无法加载控制器:Public

[ 2019-01-15T10:41:42+08:00 ] ::1 /Fun1/Public/static/h-ui.admin/skin/yellow/skin.css
ERR: 无法加载控制器:Public

[ 2019-01-15T10:41:49+08:00 ] ::1 /Fun1/Public/static/h-ui.admin/skin/yellow/skin.css
ERR: 无法加载控制器:Public

[ 2019-01-15T10:41:55+08:00 ] ::1 /Fun1/Public/static/h-ui.admin/skin/yellow/skin.css
ERR: 无法加载控制器:Public

[ 2019-01-15T10:42:21+08:00 ] ::1 /Fun1/Public/static/h-ui.admin/skin/yellow/skin.css
ERR: 无法加载控制器:Public

[ 2019-01-15T10:42:26+08:00 ] ::1 /Fun1/Public/static/h-ui.admin/skin/yellow/skin.css
ERR: 无法加载控制器:Public

[ 2019-01-15T10:43:37+08:00 ] ::1 /Fun1/Public/static/h-ui.admin/skin/yellow/skin.css
ERR: 无法加载控制器:Public

[ 2019-01-15T10:43:50+08:00 ] ::1 /Fun1/Public/static/h-ui.admin/skin/yellow/skin.css
ERR: 无法加载控制器:Public

[ 2019-01-15T10:44:05+08:00 ] ::1 /Fun1/Public/static/h-ui.admin/skin/yellow/skin.css
ERR: 无法加载控制器:Public

[ 2019-01-15T10:44:09+08:00 ] ::1 /Fun1/Public/static/h-ui.admin/skin/yellow/skin.css
ERR: 无法加载控制器:Public

[ 2019-01-15T10:44:13+08:00 ] ::1 /Fun1/Public/static/h-ui.admin/skin/yellow/skin.css
ERR: 无法加载控制器:Public

[ 2019-01-15T10:46:33+08:00 ] ::1 /Fun1/Public/static/h-ui.admin/skin/yellow/skin.css
ERR: 无法加载控制器:Public

[ 2019-01-15T10:46:51+08:00 ] ::1 /Fun1/Public/static/h-ui.admin/skin/yellow/skin.css
ERR: 无法加载控制器:Public

[ 2019-01-15T10:47:39+08:00 ] ::1 /Fun1/Public/static/h-ui.admin/skin/yellow/skin.css
ERR: 无法加载控制器:Public

[ 2019-01-15T10:48:29+08:00 ] ::1 /Fun1/Public/static/h-ui.admin/skin/yellow/skin.css
ERR: 无法加载控制器:Public

[ 2019-01-15T10:49:09+08:00 ] ::1 /Fun1/Public/static/h-ui.admin/skin/yellow/skin.css
ERR: 无法加载控制器:Public

[ 2019-01-15T10:49:33+08:00 ] ::1 /Fun1/Public/static/h-ui.admin/skin/yellow/skin.css
ERR: 无法加载控制器:Public

[ 2019-01-15T10:49:48+08:00 ] ::1 /Fun1/Public/static/h-ui.admin/skin/yellow/skin.css
ERR: 无法加载控制器:Public

[ 2019-01-15T10:50:15+08:00 ] ::1 /Fun1/Public/static/h-ui.admin/skin/yellow/skin.css
ERR: 无法加载控制器:Public

[ 2019-01-15T10:50:30+08:00 ] ::1 /Fun1/Public/static/h-ui.admin/skin/yellow/skin.css
ERR: 无法加载控制器:Public

[ 2019-01-15T10:50:46+08:00 ] ::1 /Fun1/Public/static/h-ui.admin/skin/yellow/skin.css
ERR: 无法加载控制器:Public

[ 2019-01-15T10:52:06+08:00 ] ::1 /Fun1/Public/static/h-ui.admin/skin/yellow/skin.css
ERR: 无法加载控制器:Public

[ 2019-01-15T10:52:13+08:00 ] ::1 /Fun1/Public/static/h-ui.admin/skin/yellow/skin.css
ERR: 无法加载控制器:Public

[ 2019-01-15T10:53:06+08:00 ] ::1 /Fun1/Public/static/h-ui.admin/skin/yellow/skin.css
ERR: 无法加载控制器:Public

[ 2019-01-15T10:53:32+08:00 ] ::1 /Fun1/Public/static/h-ui.admin/skin/yellow/skin.css
ERR: 无法加载控制器:Public

[ 2019-01-15T10:53:43+08:00 ] ::1 /Fun1/Public/static/h-ui.admin/skin/yellow/skin.css
ERR: 无法加载控制器:Public

[ 2019-01-15T10:53:50+08:00 ] ::1 /Fun1/Public/static/h-ui.admin/skin/yellow/skin.css
ERR: 无法加载控制器:Public

[ 2019-01-15T10:54:02+08:00 ] ::1 /Fun1/Public/static/h-ui.admin/skin/yellow/skin.css
ERR: 无法加载控制器:Public

[ 2019-01-15T10:54:51+08:00 ] ::1 /Fun1/Public/static/h-ui.admin/skin/yellow/skin.css
ERR: 无法加载控制器:Public

[ 2019-01-15T10:54:54+08:00 ] ::1 /Fun1/index.php
ERR: 无法加载控制器:Index

[ 2019-01-15T10:55:04+08:00 ] ::1 /Fun1/Public/static/h-ui.admin/skin/yellow/skin.css
ERR: 无法加载控制器:Public

[ 2019-01-15T10:55:25+08:00 ] ::1 /Fun1/Public/static/h-ui.admin/skin/yellow/skin.css
ERR: 无法加载控制器:Public

[ 2019-01-15T10:55:34+08:00 ] ::1 /Fun1/Public/static/h-ui.admin/skin/yellow/skin.css
ERR: 无法加载控制器:Public

[ 2019-01-15T10:57:25+08:00 ] ::1 /Fun1/Public/static/h-ui.admin/skin/yellow/skin.css
ERR: 无法加载控制器:Public

[ 2019-01-15T10:57:36+08:00 ] ::1 /Fun1/Public/static/h-ui.admin/skin/yellow/skin.css
ERR: 无法加载控制器:Public

[ 2019-01-15T10:58:44+08:00 ] ::1 /Fun1/Public/static/h-ui.admin/skin/yellow/skin.css
ERR: 无法加载控制器:Public

[ 2019-01-15T10:58:53+08:00 ] ::1 /Fun1/Public/static/h-ui.admin/skin/yellow/skin.css
ERR: 无法加载控制器:Public

[ 2019-01-15T10:58:59+08:00 ] ::1 /Fun1/Public/static/h-ui.admin/skin/yellow/skin.css
ERR: 无法加载控制器:Public

