[ 2019-01-28T09:37:07+08:00 ] ::1 /Fun1/Public/css/bootstrap.min.css
ERR: 无法加载控制器:Public

[ 2019-01-28T09:37:07+08:00 ] ::1 /Fun1/Public/css/register.css
ERR: 无法加载控制器:Public

[ 2019-01-28T09:37:07+08:00 ] ::1 /Fun1/Public/css/htlogin.css
ERR: 无法加载控制器:Public

[ 2019-01-28T09:37:38+08:00 ] ::1 /Fun1/Public/css/register.css
ERR: 无法加载控制器:Public

[ 2019-01-28T09:37:38+08:00 ] ::1 /Fun1/Public/css/bootstrap.min.css
ERR: 无法加载控制器:Public

[ 2019-01-28T09:37:38+08:00 ] ::1 /Fun1/Public/css/htlogin.css
ERR: 无法加载控制器:Public

[ 2019-01-28T09:37:38+08:00 ] ::1 /Fun1/Public/css/register.css
ERR: 无法加载控制器:Public

[ 2019-01-28T09:37:38+08:00 ] ::1 /Fun1/Public/css/htlogin.css
ERR: 无法加载控制器:Public

[ 2019-01-28T09:37:42+08:00 ] ::1 /Fun1/Public/css/bootstrap.min.css
ERR: 无法加载控制器:Public

[ 2019-01-28T09:37:42+08:00 ] ::1 /Fun1/Public/css/htlogin.css
ERR: 无法加载控制器:Public

[ 2019-01-28T09:37:42+08:00 ] ::1 /Fun1/Public/css/register.css
ERR: 无法加载控制器:Public

[ 2019-01-28T09:37:44+08:00 ] ::1 /Fun1/Public/css/bootstrap.min.css
ERR: 无法加载控制器:Public

[ 2019-01-28T09:37:44+08:00 ] ::1 /Fun1/Public/css/register.css
ERR: 无法加载控制器:Public

[ 2019-01-28T09:37:44+08:00 ] ::1 /Fun1/Public/css/htlogin.css
ERR: 无法加载控制器:Public

[ 2019-01-28T09:38:13+08:00 ] ::1 /Fun1/Public/css/register.css
ERR: 无法加载控制器:Public

[ 2019-01-28T09:38:13+08:00 ] ::1 /Fun1/Public/css/bootstrap.min.css
ERR: 无法加载控制器:Public

[ 2019-01-28T09:38:13+08:00 ] ::1 /Fun1/Public/css/htlogin.css
ERR: 无法加载控制器:Public

[ 2019-01-28T09:38:14+08:00 ] ::1 /Fun1/Public/css/bootstrap.min.css
ERR: 无法加载控制器:Public

[ 2019-01-28T09:38:14+08:00 ] ::1 /Fun1/Public/css/register.css
ERR: 无法加载控制器:Public

[ 2019-01-28T09:38:14+08:00 ] ::1 /Fun1/Public/css/htlogin.css
ERR: 无法加载控制器:Public

[ 2019-01-28T09:38:22+08:00 ] ::1 /Fun1/Public/css/bootstrap.min.css
ERR: 无法加载控制器:Public

[ 2019-01-28T09:38:22+08:00 ] ::1 /Fun1/Public/css/htlogin.css
ERR: 无法加载控制器:Public

[ 2019-01-28T09:38:22+08:00 ] ::1 /Fun1/Public/css/register.css
ERR: 无法加载控制器:Public

[ 2019-01-28T09:38:23+08:00 ] ::1 /Fun1/Public/css/bootstrap.min.css
ERR: 无法加载控制器:Public

[ 2019-01-28T09:38:23+08:00 ] ::1 /Fun1/Public/css/register.css
ERR: 无法加载控制器:Public

[ 2019-01-28T09:38:23+08:00 ] ::1 /Fun1/Public/css/htlogin.css
ERR: 无法加载控制器:Public

[ 2019-01-28T09:38:40+08:00 ] ::1 /Fun1/Public/css/bootstrap.min.css
ERR: 无法加载控制器:Public

[ 2019-01-28T09:38:40+08:00 ] ::1 /Fun1/Public/css/htlogin.css
ERR: 无法加载控制器:Public

[ 2019-01-28T09:38:40+08:00 ] ::1 /Fun1/Public/css/register.css
ERR: 无法加载控制器:Public

[ 2019-01-28T09:38:41+08:00 ] ::1 /Fun1/Public/css/bootstrap.min.css
ERR: 无法加载控制器:Public

[ 2019-01-28T09:38:41+08:00 ] ::1 /Fun1/Public/css/register.css
ERR: 无法加载控制器:Public

[ 2019-01-28T09:38:41+08:00 ] ::1 /Fun1/Public/css/htlogin.css
ERR: 无法加载控制器:Public

[ 2019-01-28T09:39:07+08:00 ] ::1 /Fun1/Public/css/register.css
ERR: 无法加载控制器:Public

[ 2019-01-28T09:39:07+08:00 ] ::1 /Fun1/Public/css/bootstrap.min.css
ERR: 无法加载控制器:Public

[ 2019-01-28T09:39:07+08:00 ] ::1 /Fun1/Public/css/htlogin.css
ERR: 无法加载控制器:Public

[ 2019-01-28T09:39:07+08:00 ] ::1 /Fun1/Public/css/register.css
ERR: 无法加载控制器:Public

[ 2019-01-28T09:39:07+08:00 ] ::1 /Fun1/Public/css/htlogin.css
ERR: 无法加载控制器:Public

[ 2019-01-28T09:39:14+08:00 ] ::1 /Fun1/Public/css/bootstrap.min.css
ERR: 无法加载控制器:Public

[ 2019-01-28T09:39:14+08:00 ] ::1 /Fun1/Public/css/htlogin.css
ERR: 无法加载控制器:Public

[ 2019-01-28T09:39:14+08:00 ] ::1 /Fun1/Public/css/register.css
ERR: 无法加载控制器:Public

[ 2019-01-28T09:39:14+08:00 ] ::1 /Fun1/Public/css/htlogin.css
ERR: 无法加载控制器:Public

[ 2019-01-28T09:41:43+08:00 ] ::1 /Fun1/Public/css/bootstrap.min.css
ERR: 无法加载控制器:Public

[ 2019-01-28T09:41:43+08:00 ] ::1 /Fun1/Public/css/htlogin.css
ERR: 无法加载控制器:Public

[ 2019-01-28T09:41:43+08:00 ] ::1 /Fun1/Public/css/register.css
ERR: 无法加载控制器:Public

[ 2019-01-28T09:41:43+08:00 ] ::1 /Fun1/Public/css/htlogin.css
ERR: 无法加载控制器:Public

[ 2019-01-28T09:46:28+08:00 ] ::1 /Fun1/Public/css/register.css
ERR: 无法加载控制器:Public

[ 2019-01-28T09:46:28+08:00 ] ::1 /Fun1/Public/css/htlogin.css
ERR: 无法加载控制器:Public

[ 2019-01-28T09:46:28+08:00 ] ::1 /Fun1/Public/css/bootstrap.min.css
ERR: 无法加载控制器:Public

[ 2019-01-28T09:46:30+08:00 ] ::1 /Fun1/Public/css/bootstrap.min.css
ERR: 无法加载控制器:Public

[ 2019-01-28T09:46:30+08:00 ] ::1 /Fun1/Public/css/register.css
ERR: 无法加载控制器:Public

[ 2019-01-28T09:46:30+08:00 ] ::1 /Fun1/Public/css/htlogin.css
ERR: 无法加载控制器:Public

[ 2019-01-28T09:46:51+08:00 ] ::1 /Fun1/Public/css/htlogin.css
ERR: 无法加载控制器:Public

[ 2019-01-28T09:46:51+08:00 ] ::1 /Fun1/Public/css/register.css
ERR: 无法加载控制器:Public

[ 2019-01-28T09:46:51+08:00 ] ::1 /Fun1/Public/css/bootstrap.min.css
ERR: 无法加载控制器:Public

[ 2019-01-28T09:46:52+08:00 ] ::1 /Fun1/Public/css/bootstrap.min.css
ERR: 无法加载控制器:Public

[ 2019-01-28T09:46:52+08:00 ] ::1 /Fun1/Public/css/register.css
ERR: 无法加载控制器:Public

[ 2019-01-28T09:46:52+08:00 ] ::1 /Fun1/Public/css/htlogin.css
ERR: 无法加载控制器:Public

[ 2019-01-28T09:46:56+08:00 ] ::1 /Fun1/Public/css/htlogin.css
ERR: 无法加载控制器:Public

[ 2019-01-28T09:46:56+08:00 ] ::1 /Fun1/Public/css/register.css
ERR: 无法加载控制器:Public

[ 2019-01-28T09:46:56+08:00 ] ::1 /Fun1/Public/css/bootstrap.min.css
ERR: 无法加载控制器:Public

[ 2019-01-28T09:46:57+08:00 ] ::1 /Fun1/Public/css/bootstrap.min.css
ERR: 无法加载控制器:Public

[ 2019-01-28T09:46:57+08:00 ] ::1 /Fun1/Public/css/register.css
ERR: 无法加载控制器:Public

[ 2019-01-28T09:46:57+08:00 ] ::1 /Fun1/Public/css/htlogin.css
ERR: 无法加载控制器:Public

[ 2019-01-28T09:47:40+08:00 ] ::1 /Fun1/Public/css/register.css
ERR: 无法加载控制器:Public

[ 2019-01-28T09:47:40+08:00 ] ::1 /Fun1/Public/css/htlogin.css
ERR: 无法加载控制器:Public

[ 2019-01-28T09:47:40+08:00 ] ::1 /Fun1/Public/css/bootstrap.min.css
ERR: 无法加载控制器:Public

[ 2019-01-28T09:47:41+08:00 ] ::1 /Fun1/Public/css/bootstrap.min.css
ERR: 无法加载控制器:Public

[ 2019-01-28T09:47:41+08:00 ] ::1 /Fun1/Public/css/register.css
ERR: 无法加载控制器:Public

[ 2019-01-28T09:47:41+08:00 ] ::1 /Fun1/Public/css/htlogin.css
ERR: 无法加载控制器:Public

[ 2019-01-28T09:47:46+08:00 ] ::1 /Fun1/Public/css/register.css
ERR: 无法加载控制器:Public

[ 2019-01-28T09:47:46+08:00 ] ::1 /Fun1/Public/css/htlogin.css
ERR: 无法加载控制器:Public

[ 2019-01-28T09:47:46+08:00 ] ::1 /Fun1/Public/css/bootstrap.min.css
ERR: 无法加载控制器:Public

[ 2019-01-28T09:47:47+08:00 ] ::1 /Fun1/Public/css/bootstrap.min.css
ERR: 无法加载控制器:Public

[ 2019-01-28T09:47:47+08:00 ] ::1 /Fun1/Public/css/register.css
ERR: 无法加载控制器:Public

[ 2019-01-28T09:47:47+08:00 ] ::1 /Fun1/Public/css/htlogin.css
ERR: 无法加载控制器:Public

[ 2019-01-28T09:48:18+08:00 ] ::1 /Fun1/Public/css/htlogin.css
ERR: 无法加载控制器:Public

[ 2019-01-28T09:48:18+08:00 ] ::1 /Fun1/Public/css/register.css
ERR: 无法加载控制器:Public

[ 2019-01-28T09:48:18+08:00 ] ::1 /Fun1/Public/css/bootstrap.min.css
ERR: 无法加载控制器:Public

[ 2019-01-28T09:48:18+08:00 ] ::1 /Fun1/Public/css/register.css
ERR: 无法加载控制器:Public

[ 2019-01-28T09:48:18+08:00 ] ::1 /Fun1/Public/css/htlogin.css
ERR: 无法加载控制器:Public

[ 2019-01-28T09:48:27+08:00 ] ::1 /Fun1/Public/css/bootstrap.min.css
ERR: 无法加载控制器:Public

[ 2019-01-28T09:48:27+08:00 ] ::1 /Fun1/Public/css/htlogin.css
ERR: 无法加载控制器:Public

[ 2019-01-28T09:48:27+08:00 ] ::1 /Fun1/Public/css/register.css
ERR: 无法加载控制器:Public

[ 2019-01-28T09:48:27+08:00 ] ::1 /Fun1/Public/css/htlogin.css
ERR: 无法加载控制器:Public

[ 2019-01-28T09:48:31+08:00 ] ::1 /Fun1/Public/css/bootstrap.min.css
ERR: 无法加载控制器:Public

[ 2019-01-28T09:48:31+08:00 ] ::1 /Fun1/Public/css/htlogin.css
ERR: 无法加载控制器:Public

[ 2019-01-28T09:48:31+08:00 ] ::1 /Fun1/Public/css/register.css
ERR: 无法加载控制器:Public

[ 2019-01-28T09:48:31+08:00 ] ::1 /Fun1/Public/css/htlogin.css
ERR: 无法加载控制器:Public

[ 2019-01-28T09:51:34+08:00 ] ::1 /Fun1/Public/css/bootstrap.min.css
ERR: 无法加载控制器:Public

[ 2019-01-28T09:51:34+08:00 ] ::1 /Fun1/Public/css/register.css
ERR: 无法加载控制器:Public

[ 2019-01-28T09:51:34+08:00 ] ::1 /Fun1/Public/css/htlogin.css
ERR: 无法加载控制器:Public

[ 2019-01-28T09:51:53+08:00 ] ::1 /Fun1/Public/css/register.css
ERR: 无法加载控制器:Public

[ 2019-01-28T09:51:53+08:00 ] ::1 /Fun1/Public/css/htlogin.css
ERR: 无法加载控制器:Public

[ 2019-01-28T09:51:53+08:00 ] ::1 /Fun1/Public/css/bootstrap.min.css
ERR: 无法加载控制器:Public

[ 2019-01-28T09:51:54+08:00 ] ::1 /Fun1/Public/css/bootstrap.min.css
ERR: 无法加载控制器:Public

[ 2019-01-28T09:51:54+08:00 ] ::1 /Fun1/Public/css/register.css
ERR: 无法加载控制器:Public

[ 2019-01-28T09:51:54+08:00 ] ::1 /Fun1/Public/css/htlogin.css
ERR: 无法加载控制器:Public

[ 2019-01-28T09:52:26+08:00 ] ::1 /Fun1/Public/css/bootstrap.min.css
ERR: 无法加载控制器:Public

[ 2019-01-28T09:52:26+08:00 ] ::1 /Fun1/Public/css/htlogin.css
ERR: 无法加载控制器:Public

[ 2019-01-28T09:52:26+08:00 ] ::1 /Fun1/Public/css/register.css
ERR: 无法加载控制器:Public

[ 2019-01-28T09:52:28+08:00 ] ::1 /Fun1/Public/css/bootstrap.min.css
ERR: 无法加载控制器:Public

[ 2019-01-28T09:52:28+08:00 ] ::1 /Fun1/Public/css/register.css
ERR: 无法加载控制器:Public

[ 2019-01-28T09:52:28+08:00 ] ::1 /Fun1/Public/css/htlogin.css
ERR: 无法加载控制器:Public

[ 2019-01-28T10:00:51+08:00 ] ::1 /Fun1/Public/css/bootstrap.min.css
ERR: 无法加载控制器:Public

[ 2019-01-28T10:00:51+08:00 ] ::1 /Fun1/Public/css/register.css
ERR: 无法加载控制器:Public

[ 2019-01-28T10:00:51+08:00 ] ::1 /Fun1/Public/css/htlogin.css
ERR: 无法加载控制器:Public

[ 2019-01-28T10:00:58+08:00 ] ::1 /Fun1/Public/css/htlogin.css
ERR: 无法加载控制器:Public

[ 2019-01-28T10:00:58+08:00 ] ::1 /Fun1/Public/css/bootstrap.min.css
ERR: 无法加载控制器:Public

[ 2019-01-28T10:00:58+08:00 ] ::1 /Fun1/Public/css/register.css
ERR: 无法加载控制器:Public

[ 2019-01-28T10:00:58+08:00 ] ::1 /Fun1/Public/css/htlogin.css
ERR: 无法加载控制器:Public

[ 2019-01-28T10:01:02+08:00 ] ::1 /Fun1/Public/css/register.css
ERR: 无法加载控制器:Public

[ 2019-01-28T10:01:02+08:00 ] ::1 /Fun1/Public/css/bootstrap.min.css
ERR: 无法加载控制器:Public

[ 2019-01-28T10:01:02+08:00 ] ::1 /Fun1/Public/css/htlogin.css
ERR: 无法加载控制器:Public

[ 2019-01-28T10:01:02+08:00 ] ::1 /Fun1/Public/css/register.css
ERR: 无法加载控制器:Public

[ 2019-01-28T10:01:02+08:00 ] ::1 /Fun1/Public/css/htlogin.css
ERR: 无法加载控制器:Public

[ 2019-01-28T10:01:58+08:00 ] ::1 /Fun1/Public/css/register.css
ERR: 无法加载控制器:Public

[ 2019-01-28T10:01:58+08:00 ] ::1 /Fun1/Public/css/bootstrap.min.css
ERR: 无法加载控制器:Public

[ 2019-01-28T10:01:58+08:00 ] ::1 /Fun1/Public/css/htlogin.css
ERR: 无法加载控制器:Public

[ 2019-01-28T10:01:58+08:00 ] ::1 /Fun1/Public/css/register.css
ERR: 无法加载控制器:Public

[ 2019-01-28T10:01:58+08:00 ] ::1 /Fun1/Public/css/htlogin.css
ERR: 无法加载控制器:Public

[ 2019-01-28T10:02:00+08:00 ] ::1 /Fun1/Public/css/htlogin.css
ERR: 无法加载控制器:Public

[ 2019-01-28T10:02:00+08:00 ] ::1 /Fun1/Public/css/register.css
ERR: 无法加载控制器:Public

[ 2019-01-28T10:02:00+08:00 ] ::1 /Fun1/Public/css/bootstrap.min.css
ERR: 无法加载控制器:Public

[ 2019-01-28T10:02:00+08:00 ] ::1 /Fun1/Public/css/register.css
ERR: 无法加载控制器:Public

[ 2019-01-28T10:02:00+08:00 ] ::1 /Fun1/Public/css/htlogin.css
ERR: 无法加载控制器:Public

[ 2019-01-28T10:02:01+08:00 ] ::1 /Fun1/Public/css/bootstrap.min.css
ERR: 无法加载控制器:Public

[ 2019-01-28T10:02:01+08:00 ] ::1 /Fun1/Public/css/htlogin.css
ERR: 无法加载控制器:Public

[ 2019-01-28T10:02:01+08:00 ] ::1 /Fun1/Public/css/register.css
ERR: 无法加载控制器:Public

[ 2019-01-28T10:02:01+08:00 ] ::1 /Fun1/Public/css/htlogin.css
ERR: 无法加载控制器:Public

[ 2019-01-28T10:02:01+08:00 ] ::1 /Fun1/Public/css/register.css
ERR: 无法加载控制器:Public

[ 2019-01-28T10:02:01+08:00 ] ::1 /Fun1/Public/css/htlogin.css
ERR: 无法加载控制器:Public

[ 2019-01-28T10:02:01+08:00 ] ::1 /Fun1/Public/css/bootstrap.min.css
ERR: 无法加载控制器:Public

[ 2019-01-28T10:02:01+08:00 ] ::1 /Fun1/Public/css/register.css
ERR: 无法加载控制器:Public

[ 2019-01-28T10:02:01+08:00 ] ::1 /Fun1/Public/css/htlogin.css
ERR: 无法加载控制器:Public

[ 2019-01-28T10:02:02+08:00 ] ::1 /Fun1/Public/css/htlogin.css
ERR: 无法加载控制器:Public

[ 2019-01-28T10:02:02+08:00 ] ::1 /Fun1/Public/css/register.css
ERR: 无法加载控制器:Public

[ 2019-01-28T10:02:02+08:00 ] ::1 /Fun1/Public/css/bootstrap.min.css
ERR: 无法加载控制器:Public

[ 2019-01-28T10:02:02+08:00 ] ::1 /Fun1/Public/css/register.css
ERR: 无法加载控制器:Public

[ 2019-01-28T10:02:02+08:00 ] ::1 /Fun1/Public/css/htlogin.css
ERR: 无法加载控制器:Public

[ 2019-01-28T10:02:02+08:00 ] ::1 /Fun1/Public/css/register.css
ERR: 无法加载控制器:Public

[ 2019-01-28T10:02:02+08:00 ] ::1 /Fun1/Public/css/bootstrap.min.css
ERR: 无法加载控制器:Public

[ 2019-01-28T10:02:02+08:00 ] ::1 /Fun1/Public/css/htlogin.css
ERR: 无法加载控制器:Public

[ 2019-01-28T10:02:02+08:00 ] ::1 /Fun1/Public/css/register.css
ERR: 无法加载控制器:Public

[ 2019-01-28T10:02:02+08:00 ] ::1 /Fun1/Public/css/htlogin.css
ERR: 无法加载控制器:Public

[ 2019-01-28T10:02:05+08:00 ] ::1 /Fun1/Public/css/register.css
ERR: 无法加载控制器:Public

[ 2019-01-28T10:02:05+08:00 ] ::1 /Fun1/Public/css/htlogin.css
ERR: 无法加载控制器:Public

[ 2019-01-28T10:02:05+08:00 ] ::1 /Fun1/Public/css/bootstrap.min.css
ERR: 无法加载控制器:Public

[ 2019-01-28T10:02:05+08:00 ] ::1 /Fun1/Public/css/register.css
ERR: 无法加载控制器:Public

[ 2019-01-28T10:02:05+08:00 ] ::1 /Fun1/Public/css/htlogin.css
ERR: 无法加载控制器:Public

[ 2019-01-28T10:02:15+08:00 ] ::1 /Fun1/Public/css/bootstrap.min.css
ERR: 无法加载控制器:Public

[ 2019-01-28T10:02:15+08:00 ] ::1 /Fun1/Public/css/register.css
ERR: 无法加载控制器:Public

[ 2019-01-28T10:02:15+08:00 ] ::1 /Fun1/Public/css/htlogin.css
ERR: 无法加载控制器:Public

[ 2019-01-28T10:02:26+08:00 ] ::1 /Fun1/Public/css/bootstrap.min.css
ERR: 无法加载控制器:Public

[ 2019-01-28T10:02:26+08:00 ] ::1 /Fun1/Public/css/htlogin.css
ERR: 无法加载控制器:Public

[ 2019-01-28T10:02:26+08:00 ] ::1 /Fun1/Public/css/register.css
ERR: 无法加载控制器:Public

[ 2019-01-28T10:02:26+08:00 ] ::1 /Fun1/Public/css/htlogin.css
ERR: 无法加载控制器:Public

[ 2019-01-28T10:02:36+08:00 ] ::1 /Fun1/Public/css/htlogin.css
ERR: 无法加载控制器:Public

[ 2019-01-28T10:02:36+08:00 ] ::1 /Fun1/Public/css/register.css
ERR: 无法加载控制器:Public

[ 2019-01-28T10:02:36+08:00 ] ::1 /Fun1/Public/css/bootstrap.min.css
ERR: 无法加载控制器:Public

[ 2019-01-28T10:02:38+08:00 ] ::1 /Fun1/Public/css/bootstrap.min.css
ERR: 无法加载控制器:Public

[ 2019-01-28T10:02:38+08:00 ] ::1 /Fun1/Public/css/register.css
ERR: 无法加载控制器:Public

[ 2019-01-28T10:02:38+08:00 ] ::1 /Fun1/Public/css/htlogin.css
ERR: 无法加载控制器:Public

[ 2019-01-28T10:11:41+08:00 ] ::1 /Fun1/Public/static/h-ui.admin/skin/yellow/skin.css
ERR: 无法加载控制器:Public

[ 2019-01-28T10:11:45+08:00 ] ::1 /Fun1/Public/static/h-ui.admin/skin/yellow/skin.css
ERR: 无法加载控制器:Public

[ 2019-01-28T10:12:06+08:00 ] ::1 /Fun1/Public/static/h-ui.admin/skin/yellow/skin.css
ERR: 无法加载控制器:Public

[ 2019-01-28T10:12:10+08:00 ] ::1 /Fun1/Public/static/h-ui.admin/skin/yellow/skin.css
ERR: 无法加载控制器:Public

[ 2019-01-28T10:12:14+08:00 ] ::1 /Fun1/Public/static/h-ui.admin/skin/yellow/skin.css
ERR: 无法加载控制器:Public

[ 2019-01-28T10:12:27+08:00 ] ::1 /Fun1/Public/static/h-ui.admin/skin/yellow/skin.css
ERR: 无法加载控制器:Public

[ 2019-01-28T10:12:28+08:00 ] ::1 /Fun1/Public/static/h-ui.admin/skin/yellow/skin.css
ERR: 无法加载控制器:Public

[ 2019-01-28T10:12:41+08:00 ] ::1 /Fun1/Public/static/h-ui.admin/skin/yellow/skin.css
ERR: 无法加载控制器:Public

[ 2019-01-28T10:12:43+08:00 ] ::1 /Fun1/Public/static/h-ui.admin/skin/yellow/skin.css
ERR: 无法加载控制器:Public

[ 2019-01-28T10:13:28+08:00 ] ::1 /Fun1/Public/static/h-ui.admin/skin/yellow/skin.css
ERR: 无法加载控制器:Public

[ 2019-01-28T10:14:38+08:00 ] ::1 /Fun1/Public/static/h-ui.admin/skin/yellow/skin.css
ERR: 无法加载控制器:Public

[ 2019-01-28T10:15:12+08:00 ] ::1 /Fun1/Public/static/h-ui.admin/skin/yellow/skin.css
ERR: 无法加载控制器:Public

[ 2019-01-28T10:15:34+08:00 ] ::1 /Fun1/Public/static/h-ui.admin/skin/yellow/skin.css
ERR: 无法加载控制器:Public

[ 2019-01-28T10:16:17+08:00 ] ::1 /Fun1/Public/static/h-ui.admin/skin/yellow/skin.css
ERR: 无法加载控制器:Public

[ 2019-01-28T10:17:39+08:00 ] ::1 /Fun1/Public/static/h-ui.admin/skin/yellow/skin.css
ERR: 无法加载控制器:Public

[ 2019-01-28T10:17:47+08:00 ] ::1 /Fun1/Public/static/h-ui.admin/skin/yellow/skin.css
ERR: 无法加载控制器:Public

[ 2019-01-28T10:19:48+08:00 ] ::1 /Fun1/Public/static/h-ui.admin/skin/yellow/skin.css
ERR: 无法加载控制器:Public

[ 2019-01-28T10:19:55+08:00 ] ::1 /Fun1/Public/static/h-ui.admin/skin/yellow/skin.css
ERR: 无法加载控制器:Public

[ 2019-01-28T10:20:09+08:00 ] ::1 /Fun1/Public/static/h-ui.admin/skin/yellow/skin.css
ERR: 无法加载控制器:Public

[ 2019-01-28T10:20:13+08:00 ] ::1 /Fun1/Public/static/h-ui.admin/skin/yellow/skin.css
ERR: 无法加载控制器:Public

[ 2019-01-28T10:20:17+08:00 ] ::1 /Fun1/Public/static/h-ui.admin/skin/yellow/skin.css
ERR: 无法加载控制器:Public

[ 2019-01-28T10:20:20+08:00 ] ::1 /Fun1/Public/static/h-ui.admin/skin/yellow/skin.css
ERR: 无法加载控制器:Public

[ 2019-01-28T10:20:29+08:00 ] ::1 /Fun1/Public/static/h-ui.admin/skin/yellow/skin.css
ERR: 无法加载控制器:Public

[ 2019-01-28T10:23:32+08:00 ] ::1 /Fun1/Public/static/h-ui.admin/skin/yellow/skin.css
ERR: 无法加载控制器:Public

[ 2019-01-28T10:23:38+08:00 ] ::1 /Fun1/Public/static/h-ui.admin/skin/yellow/skin.css
ERR: 无法加载控制器:Public

[ 2019-01-28T10:25:17+08:00 ] ::1 /Fun1/Public/static/h-ui.admin/skin/yellow/skin.css
ERR: 无法加载控制器:Public

[ 2019-01-28T10:25:24+08:00 ] ::1 /Fun1/Public/static/h-ui.admin/skin/yellow/skin.css
ERR: 无法加载控制器:Public

[ 2019-01-28T10:25:29+08:00 ] ::1 /Fun1/Public/static/h-ui.admin/skin/yellow/skin.css
ERR: 无法加载控制器:Public

[ 2019-01-28T10:25:32+08:00 ] ::1 /Fun1/Public/static/h-ui.admin/skin/yellow/skin.css
ERR: 无法加载控制器:Public

[ 2019-01-28T10:25:37+08:00 ] ::1 /Fun1/Public/static/h-ui.admin/skin/yellow/skin.css
ERR: 无法加载控制器:Public

[ 2019-01-28T10:34:12+08:00 ] ::1 /Fun1/Public/static/h-ui.admin/skin/yellow/skin.css
ERR: 无法加载控制器:Public

[ 2019-01-28T10:34:14+08:00 ] ::1 /Fun1/Public/static/h-ui.admin/skin/yellow/skin.css
ERR: 无法加载控制器:Public

[ 2019-01-28T10:34:21+08:00 ] ::1 /Fun1/Public/static/h-ui.admin/skin/yellow/skin.css
ERR: 无法加载控制器:Public

[ 2019-01-28T10:35:30+08:00 ] ::1 /Fun1/Public/static/h-ui.admin/skin/yellow/skin.css
ERR: 无法加载控制器:Public

[ 2019-01-28T10:35:34+08:00 ] ::1 /Fun1/Public/static/h-ui.admin/skin/yellow/skin.css
ERR: 无法加载控制器:Public

[ 2019-01-28T10:37:17+08:00 ] ::1 /Fun1/Public/static/h-ui.admin/skin/yellow/skin.css
ERR: 无法加载控制器:Public

[ 2019-01-28T10:37:25+08:00 ] ::1 /Fun1/Public/static/h-ui.admin/skin/yellow/skin.css
ERR: 无法加载控制器:Public

[ 2019-01-28T11:01:36+08:00 ] ::1 /Fun1/Public/static/h-ui.admin/skin/yellow/skin.css
ERR: 无法加载控制器:Public

[ 2019-01-28T11:01:53+08:00 ] ::1 /Fun1/Public/static/h-ui.admin/skin/yellow/skin.css
ERR: 无法加载控制器:Public

[ 2019-01-28T11:02:12+08:00 ] ::1 /Fun1/Public/static/h-ui.admin/skin/yellow/skin.css
ERR: 无法加载控制器:Public

[ 2019-01-28T11:05:13+08:00 ] ::1 /Fun1/Public/static/h-ui.admin/skin/yellow/skin.css
ERR: 无法加载控制器:Public

[ 2019-01-28T11:05:22+08:00 ] ::1 /Fun1/Public/static/h-ui.admin/skin/yellow/skin.css
ERR: 无法加载控制器:Public

[ 2019-01-28T11:06:24+08:00 ] ::1 /Fun1/Public/static/h-ui.admin/skin/yellow/skin.css
ERR: 无法加载控制器:Public

[ 2019-01-28T11:07:35+08:00 ] ::1 /Fun1/Public/static/h-ui.admin/skin/yellow/skin.css
ERR: 无法加载控制器:Public

[ 2019-01-28T15:11:03+08:00 ] ::1 /Fun1/Public/static/h-ui.admin/skin/yellow/skin.css
ERR: 无法加载控制器:Public

[ 2019-01-28T15:11:08+08:00 ] ::1 /Fun1/Public/static/h-ui.admin/skin/yellow/skin.css
ERR: 无法加载控制器:Public

[ 2019-01-28T15:11:14+08:00 ] ::1 /Fun1/Public/static/h-ui.admin/skin/yellow/skin.css
ERR: 无法加载控制器:Public

[ 2019-01-28T15:12:38+08:00 ] ::1 /Fun1/Public/static/h-ui.admin/skin/yellow/skin.css
ERR: 无法加载控制器:Public

[ 2019-01-28T15:13:49+08:00 ] ::1 /Fun1/Public/static/h-ui.admin/skin/yellow/skin.css
ERR: 无法加载控制器:Public

[ 2019-01-28T15:16:09+08:00 ] ::1 /Fun1/Public/static/h-ui.admin/skin/yellow/skin.css
ERR: 无法加载控制器:Public

[ 2019-01-28T15:16:22+08:00 ] ::1 /Fun1/Public/static/h-ui.admin/skin/yellow/skin.css
ERR: 无法加载控制器:Public

[ 2019-01-28T16:10:59+08:00 ] ::1 /Fun1/Public/static/h-ui.admin/skin/yellow/skin.css
ERR: 无法加载控制器:Public

[ 2019-01-28T16:12:31+08:00 ] ::1 /Fun1/Public/static/h-ui.admin/skin/yellow/skin.css
ERR: 无法加载控制器:Public

[ 2019-01-28T16:12:42+08:00 ] ::1 /Fun1/Public/static/h-ui.admin/skin/yellow/skin.css
ERR: 无法加载控制器:Public

[ 2019-01-28T16:12:46+08:00 ] ::1 /Fun1/Public/static/h-ui.admin/skin/yellow/skin.css
ERR: 无法加载控制器:Public

[ 2019-01-28T16:13:15+08:00 ] ::1 /Fun1/Public/static/h-ui.admin/skin/yellow/skin.css
ERR: 无法加载控制器:Public

[ 2019-01-28T16:13:20+08:00 ] ::1 /Fun1/Public/static/h-ui.admin/skin/yellow/skin.css
ERR: 无法加载控制器:Public

[ 2019-01-28T16:13:36+08:00 ] ::1 /Fun1/Public/static/h-ui.admin/skin/yellow/skin.css
ERR: 无法加载控制器:Public

[ 2019-01-28T16:13:42+08:00 ] ::1 /Fun1/Public/static/h-ui.admin/skin/yellow/skin.css
ERR: 无法加载控制器:Public

[ 2019-01-28T16:13:45+08:00 ] ::1 /Fun1/Public/static/h-ui.admin/skin/yellow/skin.css
ERR: 无法加载控制器:Public

[ 2019-01-28T16:13:48+08:00 ] ::1 /Fun1/Public/static/h-ui.admin/skin/yellow/skin.css
ERR: 无法加载控制器:Public

[ 2019-01-28T16:17:23+08:00 ] ::1 /Fun1/Public/static/h-ui.admin/skin/yellow/skin.css
ERR: 无法加载控制器:Public

[ 2019-01-28T16:17:49+08:00 ] ::1 /Fun1/Public/static/h-ui.admin/skin/yellow/skin.css
ERR: 无法加载控制器:Public

[ 2019-01-28T16:18:03+08:00 ] ::1 /Fun1/Public/static/h-ui.admin/skin/yellow/skin.css
ERR: 无法加载控制器:Public

[ 2019-01-28T16:18:06+08:00 ] ::1 /Fun1/Public/static/h-ui.admin/skin/yellow/skin.css
ERR: 无法加载控制器:Public

[ 2019-01-28T16:18:14+08:00 ] ::1 /Fun1/Public/static/h-ui.admin/skin/yellow/skin.css
ERR: 无法加载控制器:Public

[ 2019-01-28T16:23:49+08:00 ] ::1 /Fun1/Public/static/h-ui.admin/skin/yellow/skin.css
ERR: 无法加载控制器:Public

[ 2019-01-28T16:23:56+08:00 ] ::1 /Fun1/Public/static/h-ui.admin/skin/yellow/skin.css
ERR: 无法加载控制器:Public

[ 2019-01-28T16:58:53+08:00 ] ::1 /Fun1/Public/static/h-ui.admin/skin/yellow/skin.css
ERR: 无法加载控制器:Public

[ 2019-01-28T16:59:03+08:00 ] ::1 /Fun1/Public/static/h-ui.admin/skin/yellow/skin.css
ERR: 无法加载控制器:Public

[ 2019-01-28T16:59:06+08:00 ] ::1 /Fun1/Public/static/h-ui.admin/skin/yellow/skin.css
ERR: 无法加载控制器:Public

[ 2019-01-28T16:59:16+08:00 ] ::1 /Fun1/Public/static/h-ui.admin/skin/yellow/skin.css
ERR: 无法加载控制器:Public

[ 2019-01-28T16:59:19+08:00 ] ::1 /Fun1/Public/static/h-ui.admin/skin/yellow/skin.css
ERR: 无法加载控制器:Public

[ 2019-01-28T16:59:37+08:00 ] ::1 /Fun1/Public/static/h-ui.admin/skin/yellow/skin.css
ERR: 无法加载控制器:Public

[ 2019-01-28T16:59:39+08:00 ] ::1 /Fun1/Public/static/h-ui.admin/skin/yellow/skin.css
ERR: 无法加载控制器:Public

[ 2019-01-28T17:02:31+08:00 ] ::1 /Fun1/Public/static/h-ui.admin/skin/yellow/skin.css
ERR: 无法加载控制器:Public

[ 2019-01-28T17:02:36+08:00 ] ::1 /Fun1/Public/static/h-ui.admin/skin/yellow/skin.css
ERR: 无法加载控制器:Public

[ 2019-01-28T17:02:56+08:00 ] ::1 /Fun1/Public/static/h-ui.admin/skin/yellow/skin.css
ERR: 无法加载控制器:Public

[ 2019-01-28T17:03:01+08:00 ] ::1 /Fun1/Public/static/h-ui.admin/skin/yellow/skin.css
ERR: 无法加载控制器:Public

[ 2019-01-28T17:03:03+08:00 ] ::1 /Fun1/Public/static/h-ui.admin/skin/yellow/skin.css
ERR: 无法加载控制器:Public

[ 2019-01-28T17:03:21+08:00 ] ::1 /Fun1/Public/static/h-ui.admin/skin/yellow/skin.css
ERR: 无法加载控制器:Public

[ 2019-01-28T17:03:23+08:00 ] ::1 /Fun1/Public/static/h-ui.admin/skin/yellow/skin.css
ERR: 无法加载控制器:Public

[ 2019-01-28T17:03:25+08:00 ] ::1 /Fun1/Public/static/h-ui.admin/skin/yellow/skin.css
ERR: 无法加载控制器:Public

[ 2019-01-28T17:03:35+08:00 ] ::1 /Fun1/Public/static/h-ui.admin/skin/yellow/skin.css
ERR: 无法加载控制器:Public

[ 2019-01-28T17:04:32+08:00 ] ::1 /Fun1/Public/static/h-ui.admin/skin/yellow/skin.css
ERR: 无法加载控制器:Public

[ 2019-01-28T17:04:36+08:00 ] ::1 /Fun1/Public/static/h-ui.admin/skin/yellow/skin.css
ERR: 无法加载控制器:Public

[ 2019-01-28T17:06:30+08:00 ] ::1 /Fun1/Public/static/h-ui.admin/skin/yellow/skin.css
ERR: 无法加载控制器:Public

[ 2019-01-28T17:06:33+08:00 ] ::1 /Fun1/Public/static/h-ui.admin/skin/yellow/skin.css
ERR: 无法加载控制器:Public

[ 2019-01-28T17:06:37+08:00 ] ::1 /Fun1/Public/static/h-ui.admin/skin/yellow/skin.css
ERR: 无法加载控制器:Public

[ 2019-01-28T17:06:45+08:00 ] ::1 /Fun1/Public/static/h-ui.admin/skin/yellow/skin.css
ERR: 无法加载控制器:Public

[ 2019-01-28T17:06:48+08:00 ] ::1 /Fun1/Public/static/h-ui.admin/skin/yellow/skin.css
ERR: 无法加载控制器:Public

[ 2019-01-28T17:07:20+08:00 ] ::1 /Fun1/Public/static/h-ui.admin/skin/yellow/skin.css
ERR: 无法加载控制器:Public

[ 2019-01-28T17:07:22+08:00 ] ::1 /Fun1/Public/static/h-ui.admin/skin/yellow/skin.css
ERR: 无法加载控制器:Public

[ 2019-01-28T17:09:54+08:00 ] ::1 /Fun1/Public/static/h-ui.admin/skin/yellow/skin.css
ERR: 无法加载控制器:Public

[ 2019-01-28T17:09:59+08:00 ] ::1 /Fun1/Public/static/h-ui.admin/skin/yellow/skin.css
ERR: 无法加载控制器:Public

[ 2019-01-28T17:10:01+08:00 ] ::1 /Fun1/Public/static/h-ui.admin/skin/yellow/skin.css
ERR: 无法加载控制器:Public

[ 2019-01-28T17:11:12+08:00 ] ::1 /Fun1/Public/static/h-ui.admin/skin/yellow/skin.css
ERR: 无法加载控制器:Public

[ 2019-01-28T17:11:17+08:00 ] ::1 /Fun1/Public/static/h-ui.admin/skin/yellow/skin.css
ERR: 无法加载控制器:Public

[ 2019-01-28T17:13:18+08:00 ] ::1 /Fun1/Public/static/h-ui.admin/skin/yellow/skin.css
ERR: 无法加载控制器:Public

[ 2019-01-28T17:13:29+08:00 ] ::1 /Fun1/Public/static/h-ui.admin/skin/yellow/skin.css
ERR: 无法加载控制器:Public

[ 2019-01-28T17:13:34+08:00 ] ::1 /Fun1/Public/static/h-ui.admin/skin/yellow/skin.css
ERR: 无法加载控制器:Public

[ 2019-01-28T17:13:42+08:00 ] ::1 /Fun1/Public/static/h-ui.admin/skin/yellow/skin.css
ERR: 无法加载控制器:Public

[ 2019-01-28T17:13:45+08:00 ] ::1 /Fun1/Public/static/h-ui.admin/skin/yellow/skin.css
ERR: 无法加载控制器:Public

[ 2019-01-28T17:13:55+08:00 ] ::1 /Fun1/Public/static/h-ui.admin/skin/yellow/skin.css
ERR: 无法加载控制器:Public

[ 2019-01-28T17:13:59+08:00 ] ::1 /Fun1/Public/static/h-ui.admin/skin/yellow/skin.css
ERR: 无法加载控制器:Public

[ 2019-01-28T17:14:17+08:00 ] ::1 /Fun1/Public/static/h-ui.admin/skin/yellow/skin.css
ERR: 无法加载控制器:Public

