[ 2018-12-03T15:09:35+08:00 ] ::1 /Fun1/Admin/Article/addArticle.html
INFO: [ app_begin ] --START--
INFO: Run Behavior\ReadHtmlCacheBehavior [ RunTime:0.000000s ]
INFO: [ app_begin ] --END-- [ RunTime:0.001000s ]
SQL: SHOW COLUMNS FROM `fun_article` [ RunTime:0.0160s ]
SQL: UPDATE `fun_article` SET `articleTitle`='你离婚后还能遇见真爱吗',`articleCover`='https://img.d1xz.net/d/2018/08/5b763059e6717.jpg',`articleDescription`='离婚之后你是不是不能独立生活呢？',`articleContent`='&lt;p&gt;离婚一般都是无奈之举，不到万不得已的时候大部分人是不会选择离婚的，不过既然已经离婚，大部分人也会欣然接受自己崭新的生活的，离婚后还是需要努力生活的。那么你离婚后还能遇见真爱吗？测试一下就知道答案了，下面我们就一起来做个婚姻测试吧。1、离婚之后你是不是不能独立生活呢？6、你是不是觉得离婚是万不得已的呢？测试答案：A、你离婚后还能遇见真爱离婚对你虽然有打击，但是也让你好好的反省了一番，离婚之后你还能遇到真爱的，你觉得自己更加懂得该如何去爱别人和爱自己了。离婚并没有影响你的正常生活，对你来说离婚是新生活的开心，你会因为摆脱了不对的人而变得更加的自信，生活越来越好。　B、你离婚后不知道怎么去爱离婚对你又太多的打击，你已经失去了爱人的能力了，离婚之后你会有很长的一段时间陷入深深的伤痛中。爱情是你不敢提及的事情，怎么再去爱你也没有想过，你只想让自己走出伤痛，好好生活，你心里很害怕自己会失去独立生活的能力，你并不能遇到真爱。C、你离婚后对爱情没有兴趣了离婚之后你就不想再去谈感情了，你觉得一次失败的婚姻给了自己太多的教训，你不想在去经历那些曾经经历过的伤害。爱情在你看来变成了一件很无趣的事情，你对爱情完全没有了兴趣，即使再婚你也很难因为爱情了，你觉得生活除了爱情还有很多东西。D、你离婚后不再注重感情离婚对你来说是一件很重大的事情，你离婚后就不会把自己的重心放在感情上，你觉得被婚姻束缚了太久，你有太多想做的事情没能去做。离婚之后你会完全放飞自我，自己想做什么就会去做什么，你觉得自己自由了，该把时间放在自己想做的事情上了。第一星座网原创文章，转载请联系网站管理人员，否则视为侵权。（若有侵权，请联系管理员删除！）&lt;/p&gt;',`articleType`='1',`articleRecommend`='1' WHERE `articleId` = 2 LIMIT 1  [ RunTime:0.0010s ]

[ 2018-12-03T15:09:56+08:00 ] ::1 /Fun1/Admin/Article/addArticle.html
INFO: [ app_begin ] --START--
INFO: Run Behavior\ReadHtmlCacheBehavior [ RunTime:0.001001s ]
INFO: [ app_begin ] --END-- [ RunTime:0.002001s ]
SQL: SHOW COLUMNS FROM `fun_article` [ RunTime:0.0090s ]
SQL: UPDATE `fun_article` SET `articleTitle`='测你是哪个品种的喵星人',`articleCover`='https://img.d1xz.net/d/2018/08/5b83631076946.jpg',`articleDescription`='你是哪个品种的喵星人呢？',`articleContent`='&lt;p&gt;养猫在现在的生活中是越来越受年轻人的喜欢了，猫并没有狗那么黏人，照顾起来也会方便一些，人也不会感觉那么的孤单了，猫是很可爱的动物。那么你是哪个品种的喵星人？测试一下就知道答案了，下面我们就一起来做个趣味测试吧。1、你会不会养猫呢？会的→2
　　不会的→4
　　看情况→3

　　2、猫在你看来是不是温柔的动物呢？
　　是的→4
　　不是的→3
　　不好说→6

　　3、你被猫抓伤的时候会不会恐惧呢？
　　特别恐惧→4
　　不恐惧→7
　　看情况→5

　　4、你是不是看到猫就很排斥的人呢？
　　超级排斥→6
　　不排斥→7
　　看情况→8

　　5、养猫你最害怕的是什么呢？
　　猫掉毛→7
　　猫咬人→8
　　猫太吵→6
6、你是不是什么动物都不喜欢的人呢？
　　是的，一点都不喜欢→9
　　不是的，都很喜欢→7
　　不好说→10

　　7、在你看来，喜欢动物的人是不是很有爱心呢？
　　是的→8
　　不是的→10
　　不好说→9

　　8、你的家人会因为什么反对你养猫呢？
　　怕脏→9
　　怕吵→C
　　怕浪费钱→10

　　9、你是不是会用心样宠物的人呢？
　　是的→B
　　不是的→D
　　看情况→10

　　10、你是不是只会养自己的人呢？
　　是的→A
　　不是的→B
　　看情况→C
测试答案：

　　A、你是埃及猫
　　埃及猫聪明、敏锐，身上带着一种激情和速度，它们天性好动，喜欢户外生活，并不容易被环境所拘束着，它们有敏锐的警惕性，自己的领域不容被他人侵犯。你在生活中是一个很喜欢自由的人，你喜欢埃及猫身上的性格，你对自己身边的人环境也充满了警惕性。

　　B、你是苏格兰折耳猫
　　苏格兰折耳猫是非常恋家的猫，它们平易近人，并不具备攻击性，它们也很聪明，对自己的主人很忠诚，只有在猎物面前才会表现出攻击性来。你在生活中是一个很注重家庭的人，你和苏格兰折耳猫一样都恋家，你看起来很有亲和力，因此有很多的朋友。

　　C、你是布偶猫
　　布偶猫是很安静温柔的，它们特别的黏人，会主动的去亲近自己的主人，养布偶猫的时候会感觉自己一点不孤单，它们都任何人都很友善，身上一点攻击力都没有。你在生活中是一个不喜欢热闹的人，你对自己喜欢的人很主动，但是对别人却常常表现出冷漠来。

　　D、你是波斯猫
　　波斯猫属于猫中的贵族，有很强的适应能力和很高的警惕性，它们也很黏人，但是主人在做事情的时候它们并不会去打扰，而是选择安静的陪伴，即使内心孤单。你在生活中是一个低调的人，你并不会因为自己的能力而轻视别人，你很像波斯猫一样会去尊重别人。

第一星座网原创文章，转载请联系网站管理人员，否则视为侵权。（若有侵权，请联系管理员删除！）&lt;/p&gt;',`articleType`='3',`articleRecommend`='1' WHERE `articleId` = 3 LIMIT 1  [ RunTime:0.0010s ]

[ 2018-12-03T15:10:02+08:00 ] ::1 /Fun1/Admin/Article/addArticle.html
INFO: [ app_begin ] --START--
INFO: Run Behavior\ReadHtmlCacheBehavior [ RunTime:0.001000s ]
INFO: [ app_begin ] --END-- [ RunTime:0.002001s ]
SQL: SHOW COLUMNS FROM `fun_article` [ RunTime:0.0100s ]
SQL: UPDATE `fun_article` SET `articleTitle`='情感类2222',`articleCover`='http://img4.imgtn.bdimg.com/it/u=1878770333,4043213811&amp;fm=26&amp;gp=0.jpg',`articleDescription`='你离婚后，22222？',`articleContent`='&lt;p&gt;生活中，我们遇到那些跋扈自恣的人往往会表现出反感，这类人通常是不懂得该如何尊重别人的，他们看起来很狂妄自大，在生活中并不讨喜。那么你是一个跋扈自恣的人吗？测试一下就知道答案了，下面我们就一起来做个性格测试吧！面对跋扈自恣的人，你会怎么做呢？&lt;/p&gt;',`articleType`='1',`articleRecommend`='1' WHERE `articleId` = 4 LIMIT 1  [ RunTime:0.0000s ]

