[ 2018-11-28T09:11:21+08:00 ] ::1 /Fun1/Admin/Article/setRecommend.html
INFO: [ app_begin ] --START--
INFO: Run Behavior\ReadHtmlCacheBehavior [ RunTime:0.001000s ]
INFO: [ app_begin ] --END-- [ RunTime:0.002000s ]
SQL: SHOW COLUMNS FROM `fun_article` [ RunTime:0.0110s ]
SQL: UPDATE `fun_article` SET `articleRecommend`='0' WHERE `articleId` = 9 LIMIT 1  [ RunTime:0.0010s ]

[ 2018-11-28T09:11:25+08:00 ] ::1 /Fun1/Admin/Article/setRecommend.html
INFO: [ app_begin ] --START--
INFO: Run Behavior\ReadHtmlCacheBehavior [ RunTime:0.001000s ]
INFO: [ app_begin ] --END-- [ RunTime:0.001000s ]
SQL: SHOW COLUMNS FROM `fun_article` [ RunTime:0.0040s ]
SQL: UPDATE `fun_article` SET `articleRecommend`='1' WHERE `articleId` = 9 LIMIT 1  [ RunTime:0.0000s ]

[ 2018-11-28T09:11:51+08:00 ] ::1 /Fun1/Admin/Article/addArticle.html
INFO: [ app_begin ] --START--
INFO: Run Behavior\ReadHtmlCacheBehavior [ RunTime:0.001000s ]
INFO: [ app_begin ] --END-- [ RunTime:0.002000s ]
SQL: SHOW COLUMNS FROM `fun_article` [ RunTime:0.0090s ]
SQL: UPDATE `fun_article` SET `articleTitle`='情感类66666',`articleCover`='http://img4.imgtn.bdimg.com/it/u=1878770333,4043213811&amp;fm=26&amp;gp=0.jpg',`articleDescription`='你离婚后，666666？',`articleContent`='&lt;p&gt;&amp;nbsp; &amp;nbsp; &amp;nbsp; &amp;nbsp;我们遇到那些跋扈自恣的人往往会表现出反感，这类人通常是不懂得该如何尊重别人的，他们&lt;/p&gt;',`articleType`='1',`articleRecommend`='0' WHERE `articleId` = 8 LIMIT 1  [ RunTime:0.0000s ]

[ 2018-11-28T09:13:51+08:00 ] ::1 /Fun1/Admin/Index/charts-1.html
ERR: 非法操作:charts-1

[ 2018-11-28T09:13:52+08:00 ] ::1 /Fun1/Admin/Index/charts-3.html
ERR: 非法操作:charts-3

[ 2018-11-28T09:13:52+08:00 ] ::1 /Fun1/Admin/Index/charts-6.html
ERR: 非法操作:charts-6

[ 2018-11-28T09:13:53+08:00 ] ::1 /Fun1/Admin/Index/charts-7.html
ERR: 非法操作:charts-7

[ 2018-11-28T09:13:54+08:00 ] ::1 /Fun1/Admin/Index/charts-6.html
ERR: 非法操作:charts-6

[ 2018-11-28T09:13:54+08:00 ] ::1 /Fun1/Admin/Index/charts-5.html
ERR: 非法操作:charts-5

[ 2018-11-28T09:13:55+08:00 ] ::1 /Fun1/Admin/Index/charts-4.html
ERR: 非法操作:charts-4

[ 2018-11-28T09:13:55+08:00 ] ::1 /Fun1/Admin/Index/charts-3.html
ERR: 非法操作:charts-3

[ 2018-11-28T09:15:50+08:00 ] ::1 /Fun1/Admin/Index/article-add.html
ERR: 非法操作:article-add

[ 2018-11-28T09:15:58+08:00 ] ::1 /Fun1/Admin/Index/member-add.html
ERR: 非法操作:member-add

[ 2018-11-28T09:16:02+08:00 ] ::1 /Fun1/Admin/Index/product-add.html
ERR: 非法操作:product-add

[ 2018-11-28T09:16:07+08:00 ] ::1 /Fun1/Admin/Index/member-add.html
ERR: 非法操作:member-add

[ 2018-11-28T09:27:34+08:00 ] ::1 /Fun1/Admin/Management/resetPassword.html
INFO: [ app_begin ] --START--
INFO: Run Behavior\ReadHtmlCacheBehavior [ RunTime:0.001000s ]
INFO: [ app_begin ] --END-- [ RunTime:0.002000s ]
SQL: SHOW COLUMNS FROM `fun_admin` [ RunTime:0.0130s ]
SQL: UPDATE `fun_admin` SET `adminPassword`='e10adc3949ba59abbe56e057f20f883e' WHERE `adminId` = 1 LIMIT 1  [ RunTime:0.0000s ]

[ 2018-11-28T09:28:14+08:00 ] ::1 /Fun1/Admin/Management/alterPassword.html
INFO: [ app_begin ] --START--
INFO: Run Behavior\ReadHtmlCacheBehavior [ RunTime:0.001000s ]
INFO: [ app_begin ] --END-- [ RunTime:0.002000s ]
SQL: SHOW COLUMNS FROM `fun_admin` [ RunTime:0.0110s ]
SQL: SELECT `adminPassword` FROM `fun_admin` WHERE `adminId` = 4 LIMIT 1   [ RunTime:0.0000s ]

[ 2018-11-28T09:28:22+08:00 ] ::1 /Fun1/Admin/Management/alterPassword.html
INFO: [ app_begin ] --START--
INFO: Run Behavior\ReadHtmlCacheBehavior [ RunTime:0.001000s ]
INFO: [ app_begin ] --END-- [ RunTime:0.002000s ]
SQL: SHOW COLUMNS FROM `fun_admin` [ RunTime:0.0040s ]
SQL: SELECT `adminPassword` FROM `fun_admin` WHERE `adminId` = 4 LIMIT 1   [ RunTime:0.0000s ]
SQL: UPDATE `fun_admin` SET `adminPassword`='96e79218965eb72c92a549dd5a330112' WHERE `adminId` = 4 LIMIT 1  [ RunTime:0.0000s ]

[ 2018-11-28T09:28:23+08:00 ] ::1 /Fun1/Admin/Login/logout
INFO: [ app_begin ] --START--
INFO: Run Behavior\ReadHtmlCacheBehavior [ RunTime:0.001000s ]
INFO: [ app_begin ] --END-- [ RunTime:0.001000s ]

[ 2018-11-28T09:28:55+08:00 ] ::1 /Fun1/Admin/Management/resetPassword.html
INFO: [ app_begin ] --START--
INFO: Run Behavior\ReadHtmlCacheBehavior [ RunTime:0.001000s ]
INFO: [ app_begin ] --END-- [ RunTime:0.002000s ]
SQL: SHOW COLUMNS FROM `fun_admin` [ RunTime:0.0070s ]
SQL: UPDATE `fun_admin` SET `adminPassword`='e10adc3949ba59abbe56e057f20f883e' WHERE `adminId` = 4 LIMIT 1  [ RunTime:0.0000s ]

[ 2018-11-28T10:28:42+08:00 ] ::1 /Fun1/Admin/Banner/setStatus.html
INFO: [ app_begin ] --START--
INFO: Run Behavior\ReadHtmlCacheBehavior [ RunTime:0.002001s ]
INFO: [ app_begin ] --END-- [ RunTime:0.003001s ]
SQL: SHOW COLUMNS FROM `fun_banner` [ RunTime:0.0050s ]
SQL: UPDATE `fun_banner` SET `bannerStatus`='1' WHERE `bannerId` = 4 LIMIT 1  [ RunTime:0.0000s ]

[ 2018-11-28T10:50:48+08:00 ] ::1 /Fun1/Admin/Banner/setStatus.html
INFO: [ app_begin ] --START--
INFO: Run Behavior\ReadHtmlCacheBehavior [ RunTime:0.001000s ]
INFO: [ app_begin ] --END-- [ RunTime:0.002000s ]
SQL: SHOW COLUMNS FROM `fun_banner` [ RunTime:0.0070s ]
SQL: UPDATE `fun_banner` SET `bannerStatus`='0' WHERE `bannerId` = 4 LIMIT 1  [ RunTime:0.0000s ]

[ 2018-11-28T10:51:02+08:00 ] ::1 /Fun1/Admin/Banner/setStatus.html
INFO: [ app_begin ] --START--
INFO: Run Behavior\ReadHtmlCacheBehavior [ RunTime:0.001000s ]
INFO: [ app_begin ] --END-- [ RunTime:0.002000s ]
SQL: SHOW COLUMNS FROM `fun_banner` [ RunTime:0.0060s ]
SQL: UPDATE `fun_banner` SET `bannerStatus`='0' WHERE `bannerId` = 1 LIMIT 1  [ RunTime:0.0000s ]

[ 2018-11-28T10:51:13+08:00 ] ::1 /Fun1/Admin/Banner/setStatus.html
INFO: [ app_begin ] --START--
INFO: Run Behavior\ReadHtmlCacheBehavior [ RunTime:0.001000s ]
INFO: [ app_begin ] --END-- [ RunTime:0.002000s ]
SQL: SHOW COLUMNS FROM `fun_banner` [ RunTime:0.0150s ]
SQL: UPDATE `fun_banner` SET `bannerStatus`='1' WHERE `bannerId` = 1 LIMIT 1  [ RunTime:0.0010s ]

[ 2018-11-28T10:52:34+08:00 ] ::1 /Fun1/Admin/Article/setRecommend.html
INFO: [ app_begin ] --START--
INFO: Run Behavior\ReadHtmlCacheBehavior [ RunTime:0.001000s ]
INFO: [ app_begin ] --END-- [ RunTime:0.002000s ]
SQL: SHOW COLUMNS FROM `fun_article` [ RunTime:0.0090s ]
SQL: UPDATE `fun_article` SET `articleRecommend`='1' WHERE `articleId` = 13 LIMIT 1  [ RunTime:0.0000s ]

[ 2018-11-28T15:15:17+08:00 ] ::1 /Fun1/Admin/Article/addArticle.html
INFO: [ app_begin ] --START--
INFO: Run Behavior\ReadHtmlCacheBehavior [ RunTime:0.001000s ]
INFO: [ app_begin ] --END-- [ RunTime:0.001000s ]
SQL: SHOW COLUMNS FROM `fun_article` [ RunTime:0.0060s ]
SQL: UPDATE `fun_article` SET `articleTitle`='测试添加文章',`articleCover`='http://localhost/Fun1/Public/upload/temp/2018-11/20//article746f42fd178911255525577729d87bbe2000404.jpg',`articleDescription`='这是测试添加的东西一！！！',`articleContent`='&lt;p style=&quot;text-align: center;&quot;&gt;测试标题&lt;/p&gt;&lt;p style=&quot;text-align: left;&quot;&gt;开始写内容&lt;/p&gt;&lt;p style=&quot;text-align: left;&quot;&gt;&amp;nbsp; &amp;nbsp;1.我要放图片咯！&lt;/p&gt;&lt;p style=&quot;text-align: left;&quot;&gt;&lt;img src=&quot;http://localhost/Fun1/Public/ueditor/php/upload/20181120/15426796192962.jpg&quot; _src=&quot;http://localhost/Fun1/Public/ueditor/php/upload/20181120/15426796192962.jpg&quot; style=&quot;width: 91px; height: 93px;&quot;/&gt;&lt;/p&gt;&lt;p style=&quot;text-align: left;&quot;&gt;&lt;br/&gt;&lt;/p&gt;&lt;p style=&quot;text-align: left;&quot;&gt;这图片还能放大和缩小，真神奇！&lt;/p&gt;&lt;p style=&quot;text-align: center;&quot;&gt;我要拿优秀毕业生咯咯咯！！！&lt;/p&gt;&lt;p style=&quot;text-align: center;&quot;&gt;author&amp;nbsp; by&amp;nbsp; dada&lt;/p&gt;',`articleType`='3',`articleRecommend`='1' WHERE `articleId` = 13 LIMIT 1  [ RunTime:0.0000s ]

[ 2018-11-28T15:17:24+08:00 ] ::1 /Fun1/Admin/Article/addArticle.html
INFO: [ app_begin ] --START--
INFO: Run Behavior\ReadHtmlCacheBehavior [ RunTime:0.001000s ]
INFO: [ app_begin ] --END-- [ RunTime:0.001000s ]
SQL: SHOW COLUMNS FROM `fun_article` [ RunTime:0.0060s ]
SQL: UPDATE `fun_article` SET `articleTitle`='测试添加文章',`articleCover`='http://localhost/Fun1/Public/upload/temp/2018-11/20//article746f42fd178911255525577729d87bbe2000404.jpg',`articleDescription`='这是测试添加的东西一！！！',`articleContent`='&lt;p style=&quot;text-align: center;&quot;&gt;测试标题&lt;/p&gt;&lt;p style=&quot;text-align: left;&quot;&gt;开始写内容&lt;/p&gt;&lt;p style=&quot;text-align: left;&quot;&gt;&amp;nbsp; &amp;nbsp;&lt;span style=&quot;color:#ff0000&quot;&gt;1.我要放图片咯！&lt;/span&gt;&lt;/p&gt;&lt;p style=&quot;text-align: left;&quot;&gt;&lt;img src=&quot;http://localhost/Fun1/Public/ueditor/php/upload/20181120/15426796192962.jpg&quot; _src=&quot;http://localhost/Fun1/Public/ueditor/php/upload/20181120/15426796192962.jpg&quot; style=&quot;width: 91px; height: 93px;&quot;/&gt;&lt;/p&gt;&lt;p style=&quot;text-align: left;&quot;&gt;&lt;br/&gt;&lt;/p&gt;&lt;p style=&quot;text-align: left;&quot;&gt;这图片还能放大和缩小，真神奇！&lt;/p&gt;&lt;p style=&quot;text-align: center;&quot;&gt;我&lt;span style=&quot;background-color: rgb(255, 255, 0);&quot;&gt;要拿优秀毕业生咯咯&lt;/span&gt;咯！！！&lt;/p&gt;&lt;p style=&quot;text-align: center;&quot;&gt;author&amp;nbsp; by&amp;nbsp; dada&lt;/p&gt;',`articleType`='3',`articleRecommend`='1' WHERE `articleId` = 13 LIMIT 1  [ RunTime:0.0000s ]

[ 2018-11-28T15:22:37+08:00 ] ::1 /Fun1/Admin/Article/addArticle.html
INFO: [ app_begin ] --START--
INFO: Run Behavior\ReadHtmlCacheBehavior [ RunTime:0.002000s ]
INFO: [ app_begin ] --END-- [ RunTime:0.002000s ]
SQL: SHOW COLUMNS FROM `fun_article` [ RunTime:0.0040s ]
SQL: UPDATE `fun_article` SET `articleTitle`='测试添加文章',`articleCover`='http://localhost/Fun1/Public/upload/temp/2018-11/20//article746f42fd178911255525577729d87bbe2000404.jpg',`articleDescription`='这是测试添加的东西一！！！',`articleContent`='&lt;p style=&quot;text-align: center;&quot;&gt;测试标题&lt;/p&gt;&lt;p style=&quot;text-align: left;&quot;&gt;开始写内容&lt;/p&gt;&lt;hr/&gt;&lt;p style=&quot;text-align: left;&quot;&gt;&amp;nbsp; &amp;nbsp;&lt;span style=&quot;color:#ff0000&quot;&gt;1.我要放图片咯！&lt;/span&gt;&lt;/p&gt;&lt;p style=&quot;text-align: left;&quot;&gt;&lt;img src=&quot;http://localhost/Fun1/Public/ueditor/php/upload/20181120/15426796192962.jpg&quot; _src=&quot;http://localhost/Fun1/Public/ueditor/php/upload/20181120/15426796192962.jpg&quot; style=&quot;width: 34px; height: 39px;&quot;/&gt;&lt;/p&gt;&lt;p style=&quot;text-align: left;&quot;&gt;&lt;br/&gt;&lt;/p&gt;&lt;p style=&quot;text-align: left;&quot;&gt;这图片还能放大和缩小，真神奇！&lt;/p&gt;&lt;p style=&quot;text-align: center;&quot;&gt;我&lt;span style=&quot;background-color: rgb(255, 255, 0);&quot;&gt;要拿优秀毕业生咯咯&lt;/span&gt;咯！！！&lt;/p&gt;&lt;p style=&quot;text-align: center;&quot;&gt;author&amp;nbsp; by&amp;nbsp; dada&lt;/p&gt;',`articleType`='3',`articleRecommend`='1' WHERE `articleId` = 13 LIMIT 1  [ RunTime:0.0000s ]

