[ 2018-11-22T09:16:26+08:00 ] ::1 /Fun1/Admin/Article/setRecommend.html
INFO: [ app_begin ] --START--
INFO: Run Behavior\ReadHtmlCacheBehavior [ RunTime:0.001500s ]
INFO: [ app_begin ] --END-- [ RunTime:0.002000s ]
SQL: SHOW COLUMNS FROM `fun_article` [ RunTime:0.0100s ]
SQL: UPDATE `fun_article` SET `articleRecommend`='0' WHERE `articleId` = 9 LIMIT 1  [ RunTime:0.0010s ]

[ 2018-11-22T09:16:29+08:00 ] ::1 /Fun1/Admin/Article/setRecommend.html
INFO: [ app_begin ] --START--
INFO: Run Behavior\ReadHtmlCacheBehavior [ RunTime:0.001000s ]
INFO: [ app_begin ] --END-- [ RunTime:0.001501s ]
SQL: SHOW COLUMNS FROM `fun_article` [ RunTime:0.0115s ]
SQL: UPDATE `fun_article` SET `articleRecommend`='1' WHERE `articleId` = 9 LIMIT 1  [ RunTime:0.0005s ]

[ 2018-11-22T09:16:59+08:00 ] ::1 /Fun1/Admin/Banner/setStatus.html
INFO: [ app_begin ] --START--
INFO: Run Behavior\ReadHtmlCacheBehavior [ RunTime:0.001500s ]
INFO: [ app_begin ] --END-- [ RunTime:0.002000s ]
SQL: SHOW COLUMNS FROM `fun_banner` [ RunTime:0.0055s ]
SQL: UPDATE `fun_banner` SET `bannerStatus`='1' WHERE `bannerId` = 4 LIMIT 1  [ RunTime:0.0005s ]

[ 2018-11-22T09:17:03+08:00 ] ::1 /Fun1/Admin/Banner/setStatus.html
INFO: [ app_begin ] --START--
INFO: Run Behavior\ReadHtmlCacheBehavior [ RunTime:0.001000s ]
INFO: [ app_begin ] --END-- [ RunTime:0.001500s ]
SQL: SHOW COLUMNS FROM `fun_banner` [ RunTime:0.0070s ]
SQL: UPDATE `fun_banner` SET `bannerStatus`='0' WHERE `bannerId` = 4 LIMIT 1  [ RunTime:0.0005s ]

[ 2018-11-22T15:12:33+08:00 ] ::1 /Fun1/Admin/Question/add-management.html
ERR: 非法操作:add-management

[ 2018-11-22T15:20:06+08:00 ] ::1 /Fun1/Admin/Question/add-management.html
ERR: 非法操作:add-management

[ 2018-11-22T16:06:58+08:00 ] ::1 /Fun1/Admin/Question/addQuestionaire.html
INFO: [ app_begin ] --START--
INFO: Run Behavior\ReadHtmlCacheBehavior [ RunTime:0.001001s ]
INFO: [ app_begin ] --END-- [ RunTime:0.001501s ]
ERR: 1146:Table 'funtest.fun_questionaire' doesn't exist
 [ SQL语句 ] : SHOW COLUMNS FROM `fun_questionaire`
ERR: 1146:Table 'funtest.fun_questionaire' doesn't exist
 [ SQL语句 ] : SHOW COLUMNS FROM `fun_questionaire`

[ 2018-11-22T16:16:43+08:00 ] ::1 /Fun1/Admin/Question/addQuestionaire.html
INFO: [ app_begin ] --START--
INFO: Run Behavior\ReadHtmlCacheBehavior [ RunTime:0.001000s ]
INFO: [ app_begin ] --END-- [ RunTime:0.001500s ]
ERR: 1146:Table 'funtest.fun_questionaire' doesn't exist
 [ SQL语句 ] : SHOW COLUMNS FROM `fun_questionaire`
ERR: 1146:Table 'funtest.fun_questionaire' doesn't exist
 [ SQL语句 ] : SHOW COLUMNS FROM `fun_questionaire`

[ 2018-11-22T16:16:59+08:00 ] ::1 /Fun1/Admin/Question/addQuestionaire.html
INFO: [ app_begin ] --START--
INFO: Run Behavior\ReadHtmlCacheBehavior [ RunTime:0.001500s ]
INFO: [ app_begin ] --END-- [ RunTime:0.002000s ]
ERR: 1146:Table 'funtest.fun_questionaire' doesn't exist
 [ SQL语句 ] : SHOW COLUMNS FROM `fun_questionaire`
ERR: 1146:Table 'funtest.fun_questionaire' doesn't exist
 [ SQL语句 ] : SHOW COLUMNS FROM `fun_questionaire`

[ 2018-11-22T16:17:10+08:00 ] ::1 /Fun1/Admin/Question/addQuestionaire.html
INFO: [ app_begin ] --START--
INFO: Run Behavior\ReadHtmlCacheBehavior [ RunTime:0.001000s ]
INFO: [ app_begin ] --END-- [ RunTime:0.001500s ]
ERR: 1146:Table 'funtest.fun_questionaire' doesn't exist
 [ SQL语句 ] : SHOW COLUMNS FROM `fun_questionaire`
ERR: 1146:Table 'funtest.fun_questionaire' doesn't exist
 [ SQL语句 ] : SHOW COLUMNS FROM `fun_questionaire`

[ 2018-11-22T16:17:16+08:00 ] ::1 /Fun1/Admin/Question/addQuestionaire.html
INFO: [ app_begin ] --START--
INFO: Run Behavior\ReadHtmlCacheBehavior [ RunTime:0.001000s ]
INFO: [ app_begin ] --END-- [ RunTime:0.001000s ]
ERR: 1146:Table 'funtest.fun_questionaire' doesn't exist
 [ SQL语句 ] : SHOW COLUMNS FROM `fun_questionaire`
ERR: 1146:Table 'funtest.fun_questionaire' doesn't exist
 [ SQL语句 ] : SHOW COLUMNS FROM `fun_questionaire`

[ 2018-11-22T17:47:30+08:00 ] ::1 /Fun1/Admin/Question/addQuestionaire.html
INFO: [ app_begin ] --START--
INFO: Run Behavior\ReadHtmlCacheBehavior [ RunTime:0.001000s ]
INFO: [ app_begin ] --END-- [ RunTime:0.001500s ]

[ 2018-11-22T17:56:06+08:00 ] ::1 /Fun1/Admin/Question/addQuestionaire.html
INFO: [ app_begin ] --START--
INFO: Run Behavior\ReadHtmlCacheBehavior [ RunTime:0.001500s ]
INFO: [ app_begin ] --END-- [ RunTime:0.002500s ]
ERR: 1146:Table 'funtest.fun_questionaire' doesn't exist
 [ SQL语句 ] : SHOW COLUMNS FROM `fun_questionaire`
ERR: 1146:Table 'funtest.fun_questionaire' doesn't exist
 [ SQL语句 ] : SHOW COLUMNS FROM `fun_questionaire`

[ 2018-11-22T17:56:11+08:00 ] ::1 /Fun1/Admin/Question/addQuestionaire.html
INFO: [ app_begin ] --START--
INFO: Run Behavior\ReadHtmlCacheBehavior [ RunTime:0.001501s ]
INFO: [ app_begin ] --END-- [ RunTime:0.002001s ]
ERR: 1146:Table 'funtest.fun_questionaire' doesn't exist
 [ SQL语句 ] : SHOW COLUMNS FROM `fun_questionaire`
ERR: 1146:Table 'funtest.fun_questionaire' doesn't exist
 [ SQL语句 ] : SHOW COLUMNS FROM `fun_questionaire`

[ 2018-11-22T17:59:30+08:00 ] ::1 /Fun1/Admin/Question/addQuestionaire.html
INFO: [ app_begin ] --START--
INFO: Run Behavior\ReadHtmlCacheBehavior [ RunTime:0.001500s ]
INFO: [ app_begin ] --END-- [ RunTime:0.002000s ]

[ 2018-11-22T18:00:03+08:00 ] ::1 /Fun1/Admin/Question/addQuestionaire.html
INFO: [ app_begin ] --START--
INFO: Run Behavior\ReadHtmlCacheBehavior [ RunTime:0.000500s ]
INFO: [ app_begin ] --END-- [ RunTime:0.001500s ]

[ 2018-11-22T18:00:16+08:00 ] ::1 /Fun1/Admin/Question/addQuestionaire.html
INFO: [ app_begin ] --START--
INFO: Run Behavior\ReadHtmlCacheBehavior [ RunTime:0.001500s ]
INFO: [ app_begin ] --END-- [ RunTime:0.002000s ]

[ 2018-11-22T18:00:22+08:00 ] ::1 /Fun1/Admin/Question/addQuestionaire.html
INFO: [ app_begin ] --START--
INFO: Run Behavior\ReadHtmlCacheBehavior [ RunTime:0.001000s ]
INFO: [ app_begin ] --END-- [ RunTime:0.001500s ]

[ 2018-11-22T18:00:43+08:00 ] ::1 /Fun1/Admin/Question/addQuestionaire.html
INFO: [ app_begin ] --START--
INFO: Run Behavior\ReadHtmlCacheBehavior [ RunTime:0.001000s ]
INFO: [ app_begin ] --END-- [ RunTime:0.001501s ]

[ 2018-11-22T18:00:48+08:00 ] ::1 /Fun1/Admin/Question/addQuestionaire.html
INFO: [ app_begin ] --START--
INFO: Run Behavior\ReadHtmlCacheBehavior [ RunTime:0.001000s ]
INFO: [ app_begin ] --END-- [ RunTime:0.001500s ]

[ 2018-11-22T18:00:53+08:00 ] ::1 /Fun1/Admin/Question/addQuestionaire.html
INFO: [ app_begin ] --START--
INFO: Run Behavior\ReadHtmlCacheBehavior [ RunTime:0.001500s ]
INFO: [ app_begin ] --END-- [ RunTime:0.001500s ]

[ 2018-11-22T18:00:59+08:00 ] ::1 /Fun1/Admin/Question/addQuestionaire.html
INFO: [ app_begin ] --START--
INFO: Run Behavior\ReadHtmlCacheBehavior [ RunTime:0.001500s ]
INFO: [ app_begin ] --END-- [ RunTime:0.002000s ]

[ 2018-11-22T18:02:07+08:00 ] ::1 /Fun1/Admin/Question/addQuestionaire.html
INFO: [ app_begin ] --START--
INFO: Run Behavior\ReadHtmlCacheBehavior [ RunTime:0.001501s ]
INFO: [ app_begin ] --END-- [ RunTime:0.002501s ]
ERR: 1146:Table 'funtest.fun_questionaire' doesn't exist
 [ SQL语句 ] : SHOW COLUMNS FROM `fun_questionaire`
ERR: 1146:Table 'funtest.fun_questionaire' doesn't exist
 [ SQL语句 ] : SHOW COLUMNS FROM `fun_questionaire`

[ 2018-11-22T18:02:38+08:00 ] ::1 /Fun1/Admin/Question/addQuestionaire.html
INFO: [ app_begin ] --START--
INFO: Run Behavior\ReadHtmlCacheBehavior [ RunTime:0.002000s ]
INFO: [ app_begin ] --END-- [ RunTime:0.002500s ]
ERR: 1146:Table 'funtest.fun_questionaire' doesn't exist
 [ SQL语句 ] : SHOW COLUMNS FROM `fun_questionaire`
ERR: 1146:Table 'funtest.fun_questionaire' doesn't exist
 [ SQL语句 ] : SHOW COLUMNS FROM `fun_questionaire`

[ 2018-11-22T18:16:49+08:00 ] ::1 /Fun1/Admin/Question/addQuestionnaire.html
INFO: [ app_begin ] --START--
INFO: Run Behavior\ReadHtmlCacheBehavior [ RunTime:0.001000s ]
INFO: [ app_begin ] --END-- [ RunTime:0.001500s ]
SQL: SHOW COLUMNS FROM `fun_questionnaire` [ RunTime:0.0080s ]
NOTIC: [2] Missing argument 1 for Think\Model::where(), called in D:\myphp_www\PHPTutorial\WWW\Fun1\Application\Admin\Controller\QuestionController.class.php on line 46 and defined D:\myphp_www\PHPTutorial\WWW\Fun1\ThinkPHP\Library\Think\Model.class.php 第 1797 行.
NOTIC: [8] Undefined variable: where D:\myphp_www\PHPTutorial\WWW\Fun1\ThinkPHP\Library\Think\Model.class.php 第 1805 行.
NOTIC: [8] Undefined variable: where D:\myphp_www\PHPTutorial\WWW\Fun1\ThinkPHP\Library\Think\Model.class.php 第 1808 行.
NOTIC: [8] Undefined variable: where D:\myphp_www\PHPTutorial\WWW\Fun1\ThinkPHP\Library\Think\Model.class.php 第 1816 行.
SQL: INSERT INTO `fun_questionnaire` (`questionTitle`,`questionCover`,`questionDescription`,`questionPayState`,`questionType`,`preMoney`,`nowMoney`,`questionCreateTime`) VALUES ('测试一','http://localhost/Fun1/Public/upload/temp/2018-11/22//questionaire00a7757adf1d01d1321e21e5b4f548737709398.jpg','这是测试添加的东西一！！！','1','3','999.00','99.99','2018-11-22 06:16:49') [ RunTime:0.0010s ]

[ 2018-11-22T19:48:47+08:00 ] ::1 /Fun1/Admin/Question/setPayState.html
INFO: [ app_begin ] --START--
INFO: Run Behavior\ReadHtmlCacheBehavior [ RunTime:0.001000s ]
INFO: [ app_begin ] --END-- [ RunTime:0.001500s ]
SQL: SHOW COLUMNS FROM `fun_questionnaire` [ RunTime:0.0120s ]
SQL: UPDATE `fun_questionnaire` SET `questionPayState`='0' LIMIT 1  [ RunTime:0.0005s ]

[ 2018-11-22T19:49:06+08:00 ] ::1 /Fun1/Admin/Question/setPayState.html
INFO: [ app_begin ] --START--
INFO: Run Behavior\ReadHtmlCacheBehavior [ RunTime:0.001000s ]
INFO: [ app_begin ] --END-- [ RunTime:0.002000s ]
SQL: SHOW COLUMNS FROM `fun_questionnaire` [ RunTime:0.0110s ]
SQL: UPDATE `fun_questionnaire` SET `questionPayState`='0' LIMIT 1  [ RunTime:0.0005s ]

[ 2018-11-22T19:50:23+08:00 ] ::1 /Fun1/Admin/Question/setPayState.html
INFO: [ app_begin ] --START--
INFO: Run Behavior\ReadHtmlCacheBehavior [ RunTime:0.001000s ]
INFO: [ app_begin ] --END-- [ RunTime:0.001500s ]
SQL: SHOW COLUMNS FROM `fun_questionnaire` [ RunTime:0.0105s ]
SQL: UPDATE `fun_questionnaire` SET `questionPayState`='0' LIMIT 1  [ RunTime:0.0005s ]

[ 2018-11-22T19:50:26+08:00 ] ::1 /Fun1/Admin/Question/setPayState.html
INFO: [ app_begin ] --START--
INFO: Run Behavior\ReadHtmlCacheBehavior [ RunTime:0.001500s ]
INFO: [ app_begin ] --END-- [ RunTime:0.002000s ]
SQL: SHOW COLUMNS FROM `fun_questionnaire` [ RunTime:0.0070s ]
SQL: UPDATE `fun_questionnaire` SET `questionPayState`='1' LIMIT 1  [ RunTime:0.0005s ]

[ 2018-11-22T19:51:32+08:00 ] ::1 /Fun1/Admin/Question/setPayState.html
INFO: [ app_begin ] --START--
INFO: Run Behavior\ReadHtmlCacheBehavior [ RunTime:0.002000s ]
INFO: [ app_begin ] --END-- [ RunTime:0.003000s ]
SQL: SHOW COLUMNS FROM `fun_questionnaire` [ RunTime:0.0035s ]
SQL: UPDATE `fun_questionnaire` SET `questionPayState`='0' WHERE `questionId` = 3 LIMIT 1  [ RunTime:0.0000s ]

[ 2018-11-22T19:51:58+08:00 ] ::1 /Fun1/Admin/Question/setPayState.html
INFO: [ app_begin ] --START--
INFO: Run Behavior\ReadHtmlCacheBehavior [ RunTime:0.001500s ]
INFO: [ app_begin ] --END-- [ RunTime:0.002000s ]
SQL: SHOW COLUMNS FROM `fun_questionnaire` [ RunTime:0.0075s ]
SQL: UPDATE `fun_questionnaire` SET `questionPayState`='1' WHERE `questionId` = 3 LIMIT 1  [ RunTime:0.0005s ]

[ 2018-11-22T19:52:05+08:00 ] ::1 /Fun1/Admin/Question/setPayState.html
INFO: [ app_begin ] --START--
INFO: Run Behavior\ReadHtmlCacheBehavior [ RunTime:0.001501s ]
INFO: [ app_begin ] --END-- [ RunTime:0.002501s ]
SQL: SHOW COLUMNS FROM `fun_questionnaire` [ RunTime:0.0115s ]
SQL: UPDATE `fun_questionnaire` SET `questionPayState`='0' WHERE `questionId` = 1 LIMIT 1  [ RunTime:0.0005s ]

[ 2018-11-22T19:52:11+08:00 ] ::1 /Fun1/Admin/Question/setPayState.html
INFO: [ app_begin ] --START--
INFO: Run Behavior\ReadHtmlCacheBehavior [ RunTime:0.001000s ]
INFO: [ app_begin ] --END-- [ RunTime:0.002500s ]
SQL: SHOW COLUMNS FROM `fun_questionnaire` [ RunTime:0.0075s ]
SQL: UPDATE `fun_questionnaire` SET `questionPayState`='0' WHERE `questionId` = 3 LIMIT 1  [ RunTime:0.0000s ]

[ 2018-11-22T19:52:20+08:00 ] ::1 /Fun1/Admin/Question/setPayState.html
INFO: [ app_begin ] --START--
INFO: Run Behavior\ReadHtmlCacheBehavior [ RunTime:0.001001s ]
INFO: [ app_begin ] --END-- [ RunTime:0.001501s ]
SQL: SHOW COLUMNS FROM `fun_questionnaire` [ RunTime:0.0095s ]
SQL: UPDATE `fun_questionnaire` SET `questionPayState`='1' WHERE `questionId` = 2 LIMIT 1  [ RunTime:0.0005s ]

[ 2018-11-22T19:52:24+08:00 ] ::1 /Fun1/Admin/Question/setPayState.html
INFO: [ app_begin ] --START--
INFO: Run Behavior\ReadHtmlCacheBehavior [ RunTime:0.001000s ]
INFO: [ app_begin ] --END-- [ RunTime:0.001000s ]
SQL: SHOW COLUMNS FROM `fun_questionnaire` [ RunTime:0.0080s ]
SQL: UPDATE `fun_questionnaire` SET `questionPayState`='0' WHERE `questionId` = 2 LIMIT 1  [ RunTime:0.0005s ]

[ 2018-11-22T19:52:29+08:00 ] ::1 /Fun1/Admin/Question/setPayState.html
INFO: [ app_begin ] --START--
INFO: Run Behavior\ReadHtmlCacheBehavior [ RunTime:0.001500s ]
INFO: [ app_begin ] --END-- [ RunTime:0.002000s ]
SQL: SHOW COLUMNS FROM `fun_questionnaire` [ RunTime:0.0090s ]
SQL: UPDATE `fun_questionnaire` SET `questionPayState`='1' WHERE `questionId` = 3 LIMIT 1  [ RunTime:0.0000s ]

[ 2018-11-22T20:16:54+08:00 ] ::1 /Fun1/Admin/Question/addQuestion.html
INFO: [ app_begin ] --START--
INFO: Run Behavior\ReadHtmlCacheBehavior [ RunTime:0.001500s ]
INFO: [ app_begin ] --END-- [ RunTime:0.002000s ]
ERR: 非法操作:addQuestion

[ 2018-11-22T20:17:38+08:00 ] ::1 /Fun1/Admin/Question/addQuestion.html
INFO: [ app_begin ] --START--
INFO: Run Behavior\ReadHtmlCacheBehavior [ RunTime:0.001000s ]
INFO: [ app_begin ] --END-- [ RunTime:0.001500s ]
ERR: 非法操作:addQuestion

[ 2018-11-22T20:17:50+08:00 ] ::1 /Fun1/Admin/Question/addQuestion.html
INFO: [ app_begin ] --START--
INFO: Run Behavior\ReadHtmlCacheBehavior [ RunTime:0.001000s ]
INFO: [ app_begin ] --END-- [ RunTime:0.002001s ]
ERR: 非法操作:addQuestion

[ 2018-11-22T20:19:14+08:00 ] ::1 /Fun1/Admin/Question/addQuestion.html
INFO: [ app_begin ] --START--
INFO: Run Behavior\ReadHtmlCacheBehavior [ RunTime:0.001500s ]
INFO: [ app_begin ] --END-- [ RunTime:0.002000s ]
ERR: 非法操作:addQuestion

[ 2018-11-22T20:19:27+08:00 ] ::1 /Fun1/Admin/Question/addQuestionnaire.html
INFO: [ app_begin ] --START--
INFO: Run Behavior\ReadHtmlCacheBehavior [ RunTime:0.001000s ]
INFO: [ app_begin ] --END-- [ RunTime:0.001000s ]
SQL: SHOW COLUMNS FROM `fun_questionnaire` [ RunTime:0.0110s ]
NOTIC: [2] Missing argument 1 for Think\Model::where(), called in D:\myphp_www\PHPTutorial\WWW\Fun1\Application\Admin\Controller\QuestionController.class.php on line 46 and defined D:\myphp_www\PHPTutorial\WWW\Fun1\ThinkPHP\Library\Think\Model.class.php 第 1797 行.
NOTIC: [8] Undefined variable: where D:\myphp_www\PHPTutorial\WWW\Fun1\ThinkPHP\Library\Think\Model.class.php 第 1805 行.
NOTIC: [8] Undefined variable: where D:\myphp_www\PHPTutorial\WWW\Fun1\ThinkPHP\Library\Think\Model.class.php 第 1808 行.
NOTIC: [8] Undefined variable: where D:\myphp_www\PHPTutorial\WWW\Fun1\ThinkPHP\Library\Think\Model.class.php 第 1816 行.
SQL: INSERT INTO `fun_questionnaire` (`questionTitle`,`questionCover`,`questionDescription`,`questionPayState`,`questionType`,`preMoney`,`nowMoney`,`questionCreateTime`) VALUES ('测试一','http://localhost/Fun1/Public/upload/temp/2018-11/22//questionaire00a7757adf1d01d1321e21e5b4f548737709398.jpg','这是测试添加的东西一！！！','0','10','999.01','99.99','2018-11-22 08:19:27') [ RunTime:0.0005s ]

[ 2018-11-22T20:20:21+08:00 ] ::1 /Fun1/Admin/Question/addQuestionnaire.html
INFO: [ app_begin ] --START--
INFO: Run Behavior\ReadHtmlCacheBehavior [ RunTime:0.001500s ]
INFO: [ app_begin ] --END-- [ RunTime:0.002000s ]
SQL: SHOW COLUMNS FROM `fun_questionnaire` [ RunTime:0.0095s ]
SQL: UPDATE `fun_questionnaire` SET `questionTitle`='测试一',`questionCover`='http://localhost/Fun1/Public/upload/temp/2018-11/22//questionaire00a7757adf1d01d1321e21e5b4f548737709398.jpg',`questionDescription`='这是测试添加的东西一！！！',`questionPayState`='0',`questionType`='1',`preMoney`='50',`nowMoney`='99.99' LIMIT 1  [ RunTime:0.0005s ]

[ 2018-11-22T20:22:05+08:00 ] ::1 /Fun1/Admin/Question/setPayState.html
INFO: [ app_begin ] --START--
INFO: Run Behavior\ReadHtmlCacheBehavior [ RunTime:0.001000s ]
INFO: [ app_begin ] --END-- [ RunTime:0.001500s ]
SQL: SHOW COLUMNS FROM `fun_questionnaire` [ RunTime:0.0080s ]
SQL: UPDATE `fun_questionnaire` SET `questionPayState`='0' WHERE `questionId` = 3 LIMIT 1  [ RunTime:0.0005s ]

[ 2018-11-22T20:22:09+08:00 ] ::1 /Fun1/Admin/Question/setPayState.html
INFO: [ app_begin ] --START--
INFO: Run Behavior\ReadHtmlCacheBehavior [ RunTime:0.001500s ]
INFO: [ app_begin ] --END-- [ RunTime:0.002000s ]
SQL: SHOW COLUMNS FROM `fun_questionnaire` [ RunTime:0.0095s ]
SQL: UPDATE `fun_questionnaire` SET `questionPayState`='1' WHERE `questionId` = 3 LIMIT 1  [ RunTime:0.0005s ]

[ 2018-11-22T20:23:22+08:00 ] ::1 /Fun1/Admin/Question/addQuestionnaire.html
INFO: [ app_begin ] --START--
INFO: Run Behavior\ReadHtmlCacheBehavior [ RunTime:0.001500s ]
INFO: [ app_begin ] --END-- [ RunTime:0.002501s ]
SQL: SHOW COLUMNS FROM `fun_questionnaire` [ RunTime:0.0120s ]
SQL: UPDATE `fun_questionnaire` SET `questionTitle`='这是大标题',`questionCover`='http://localhost/Fun1/Public/upload/temp/2018-11/22//questionaire00a7757adf1d01d1321e21e5b4f548737709398.jpg',`questionDescription`='描述描述描述描述',`questionPayState`='0',`questionType`='1',`preMoney`='10',`nowMoney`='0' LIMIT 1  [ RunTime:0.0005s ]

[ 2018-11-22T20:25:24+08:00 ] ::1 /Fun1/Admin/Question/addQuestionnaire.html
INFO: [ app_begin ] --START--
INFO: Run Behavior\ReadHtmlCacheBehavior [ RunTime:0.001500s ]
INFO: [ app_begin ] --END-- [ RunTime:0.003000s ]
SQL: SHOW COLUMNS FROM `fun_questionnaire` [ RunTime:0.0030s ]
SQL: UPDATE `fun_questionnaire` SET `questionTitle`='测试一',`questionCover`='http://localhost/Fun1/Public/upload/temp/2018-11/22//questionaire00a7757adf1d01d1321e21e5b4f548737709398.jpg',`questionDescription`='这是测试添加的东西一！！！',`questionPayState`='0',`questionType`='10',`preMoney`='66',`nowMoney`='9' LIMIT 1  [ RunTime:0.0005s ]

[ 2018-11-22T20:28:18+08:00 ] ::1 /Fun1/Admin/Question/addQuestionnaire.html
INFO: [ app_begin ] --START--
INFO: Run Behavior\ReadHtmlCacheBehavior [ RunTime:0.001500s ]
INFO: [ app_begin ] --END-- [ RunTime:0.002500s ]
SQL: SHOW COLUMNS FROM `fun_questionnaire` [ RunTime:0.0050s ]
SQL: UPDATE `fun_questionnaire` SET `questionTitle`='测试一',`questionCover`='http://localhost/Fun1/Public/upload/temp/2018-11/22//questionaire00a7757adf1d01d1321e21e5b4f548737709398.jpg',`questionDescription`='这是测试添加的东西一！！！',`questionPayState`='0',`questionType`='10',`preMoney`='999.00',`nowMoney`='99.99' LIMIT 1  [ RunTime:0.0000s ]

[ 2018-11-22T20:28:56+08:00 ] ::1 /Fun1/Admin/Question/addQuestionnaire.html
INFO: [ app_begin ] --START--
INFO: Run Behavior\ReadHtmlCacheBehavior [ RunTime:0.000500s ]
INFO: [ app_begin ] --END-- [ RunTime:0.002000s ]
SQL: SHOW COLUMNS FROM `fun_questionnaire` [ RunTime:0.0075s ]
SQL: UPDATE `fun_questionnaire` SET `questionTitle`='测试一',`questionCover`='http://localhost/Fun1/Public/upload/temp/2018-11/22//questionaire00a7757adf1d01d1321e21e5b4f548737709398.jpg',`questionDescription`='这是测试添加的东西一！！！',`questionPayState`='1',`questionType`='1',`preMoney`='999.00',`nowMoney`='99.99' LIMIT 1  [ RunTime:0.0005s ]

[ 2018-11-22T20:29:18+08:00 ] ::1 /Fun1/Admin/Question/addQuestionnaire.html
INFO: [ app_begin ] --START--
INFO: Run Behavior\ReadHtmlCacheBehavior [ RunTime:0.001000s ]
INFO: [ app_begin ] --END-- [ RunTime:0.001500s ]
SQL: SHOW COLUMNS FROM `fun_questionnaire` [ RunTime:0.0040s ]
SQL: UPDATE `fun_questionnaire` SET `questionTitle`='测试一',`questionCover`='http://localhost/Fun1/Public/upload/temp/2018-11/22//questionaire00a7757adf1d01d1321e21e5b4f548737709398.jpg',`questionDescription`='这是测试添加的东西一！！！',`questionPayState`='1',`questionType`='10',`preMoney`='999.00',`nowMoney`='99.99' LIMIT 1  [ RunTime:0.0005s ]

[ 2018-11-22T20:31:41+08:00 ] ::1 /Fun1/Admin/Question/addQuestionnaire.html
INFO: [ app_begin ] --START--
INFO: Run Behavior\ReadHtmlCacheBehavior [ RunTime:0.002000s ]
INFO: [ app_begin ] --END-- [ RunTime:0.003000s ]
SQL: SHOW COLUMNS FROM `fun_questionnaire` [ RunTime:0.0115s ]
SQL: UPDATE `fun_questionnaire` SET `questionTitle`='测试一',`questionCover`='http://localhost/Fun1/Public/upload/temp/2018-11/22//questionaire00a7757adf1d01d1321e21e5b4f548737709398.jpg',`questionDescription`='这是测试添加的东西一！！！',`questionPayState`='1',`questionType`='1',`preMoney`='999.00',`nowMoney`='99.99' [ RunTime:0.0015s ]

[ 2018-11-22T20:32:50+08:00 ] ::1 /Fun1/Admin/Question/addQuestionnaire.html
INFO: [ app_begin ] --START--
INFO: Run Behavior\ReadHtmlCacheBehavior [ RunTime:0.002000s ]
INFO: [ app_begin ] --END-- [ RunTime:0.002500s ]
SQL: SHOW COLUMNS FROM `fun_questionnaire` [ RunTime:0.0125s ]
SQL: UPDATE `fun_questionnaire` SET `questionTitle`='测试一',`questionCover`='http://localhost/Fun1/Public/upload/temp/2018-11/22//questionaire00a7757adf1d01d1321e21e5b4f548737709398.jpg',`questionDescription`='这是测试添加的东西一！！！',`questionPayState`='1',`questionType`='10',`preMoney`='999.00',`nowMoney`='99.99' [ RunTime:0.0010s ]

[ 2018-11-22T20:33:38+08:00 ] ::1 /Fun1/Admin/Question/addQuestionnaire.html
INFO: [ app_begin ] --START--
INFO: Run Behavior\ReadHtmlCacheBehavior [ RunTime:0.001000s ]
INFO: [ app_begin ] --END-- [ RunTime:0.002000s ]

[ 2018-11-22T20:33:56+08:00 ] ::1 /Fun1/Admin/Question/addQuestionnaire.html
INFO: [ app_begin ] --START--
INFO: Run Behavior\ReadHtmlCacheBehavior [ RunTime:0.001000s ]
INFO: [ app_begin ] --END-- [ RunTime:0.001500s ]

[ 2018-11-22T20:34:48+08:00 ] ::1 /Fun1/Admin/Question/addQuestionnaire.html
INFO: [ app_begin ] --START--
INFO: Run Behavior\ReadHtmlCacheBehavior [ RunTime:0.001000s ]
INFO: [ app_begin ] --END-- [ RunTime:0.001500s ]
SQL: SHOW COLUMNS FROM `fun_questionnaire` [ RunTime:0.0080s ]
SQL: UPDATE `fun_questionnaire` SET `questionTitle`='测试一',`questionCover`='http://localhost/Fun1/Public/upload/temp/2018-11/22//questionaire00a7757adf1d01d1321e21e5b4f548737709398.jpg',`questionDescription`='这是测试添加的东西一！！！',`questionPayState`='1',`questionType`='2',`preMoney`='999.00',`nowMoney`='99.99' WHERE `questionId` = 4 [ RunTime:0.0000s ]

[ 2018-11-22T20:35:27+08:00 ] ::1 /Fun1/Admin/Question/setPayState.html
INFO: [ app_begin ] --START--
INFO: Run Behavior\ReadHtmlCacheBehavior [ RunTime:0.002000s ]
INFO: [ app_begin ] --END-- [ RunTime:0.003000s ]
SQL: SHOW COLUMNS FROM `fun_questionnaire` [ RunTime:0.0120s ]
SQL: UPDATE `fun_questionnaire` SET `questionPayState`='0' WHERE `questionId` = 1 LIMIT 1  [ RunTime:0.0005s ]

[ 2018-11-22T20:35:29+08:00 ] ::1 /Fun1/Admin/Question/setPayState.html
INFO: [ app_begin ] --START--
INFO: Run Behavior\ReadHtmlCacheBehavior [ RunTime:0.001500s ]
INFO: [ app_begin ] --END-- [ RunTime:0.002500s ]
SQL: SHOW COLUMNS FROM `fun_questionnaire` [ RunTime:0.0030s ]
SQL: UPDATE `fun_questionnaire` SET `questionPayState`='0' WHERE `questionId` = 2 LIMIT 1  [ RunTime:0.0000s ]

[ 2018-11-22T20:35:32+08:00 ] ::1 /Fun1/Admin/Question/setPayState.html
INFO: [ app_begin ] --START--
INFO: Run Behavior\ReadHtmlCacheBehavior [ RunTime:0.001000s ]
INFO: [ app_begin ] --END-- [ RunTime:0.002500s ]
SQL: SHOW COLUMNS FROM `fun_questionnaire` [ RunTime:0.0035s ]
SQL: UPDATE `fun_questionnaire` SET `questionPayState`='0' WHERE `questionId` = 3 LIMIT 1  [ RunTime:0.0005s ]

[ 2018-11-22T20:36:03+08:00 ] ::1 /Fun1/Admin/Question/addQuestionnaire.html
INFO: [ app_begin ] --START--
INFO: Run Behavior\ReadHtmlCacheBehavior [ RunTime:0.002500s ]
INFO: [ app_begin ] --END-- [ RunTime:0.003000s ]
SQL: SHOW COLUMNS FROM `fun_questionnaire` [ RunTime:0.0080s ]
SQL: UPDATE `fun_questionnaire` SET `questionTitle`='测试一',`questionCover`='http://localhost/Fun1/Public/upload/temp/2018-11/22//questionaire00a7757adf1d01d1321e21e5b4f548737709398.jpg',`questionDescription`='这是测试添加的东西一！！！',`questionPayState`='0',`questionType`='1',`preMoney`='10',`nowMoney`='0' WHERE `questionId` = 1 LIMIT 1  [ RunTime:0.0005s ]

[ 2018-11-22T20:36:27+08:00 ] ::1 /Fun1/Admin/Question/addQuestionnaire.html
INFO: [ app_begin ] --START--
INFO: Run Behavior\ReadHtmlCacheBehavior [ RunTime:0.001000s ]
INFO: [ app_begin ] --END-- [ RunTime:0.002000s ]
SQL: SHOW COLUMNS FROM `fun_questionnaire` [ RunTime:0.0110s ]
SQL: UPDATE `fun_questionnaire` SET `questionTitle`='测试一',`questionCover`='http://localhost/Fun1/Public/upload/temp/2018-11/22//questionaire00a7757adf1d01d1321e21e5b4f548737709398.jpg',`questionDescription`='这是测试添加的东西一！！！',`questionPayState`='0',`questionType`='2',`preMoney`='66.66',`nowMoney`='9.99' WHERE `questionId` = 2 LIMIT 1  [ RunTime:0.0010s ]

[ 2018-11-22T20:36:47+08:00 ] ::1 /Fun1/Admin/Question/addQuestionnaire.html
INFO: [ app_begin ] --START--
INFO: Run Behavior\ReadHtmlCacheBehavior [ RunTime:0.001000s ]
INFO: [ app_begin ] --END-- [ RunTime:0.002001s ]
SQL: SHOW COLUMNS FROM `fun_questionnaire` [ RunTime:0.0115s ]
SQL: UPDATE `fun_questionnaire` SET `questionTitle`='测试3',`questionCover`='http://localhost/Fun1/Public/upload/temp/2018-11/22//questionaire00a7757adf1d01d1321e21e5b4f548737709398.jpg',`questionDescription`='这是测试添加的东西一！！！',`questionPayState`='0',`questionType`='1',`preMoney`='88',`nowMoney`='50' WHERE `questionId` = 3 LIMIT 1  [ RunTime:0.0005s ]

[ 2018-11-22T20:36:59+08:00 ] ::1 /Fun1/Admin/Question/addQuestionnaire.html
INFO: [ app_begin ] --START--
INFO: Run Behavior\ReadHtmlCacheBehavior [ RunTime:0.001500s ]
INFO: [ app_begin ] --END-- [ RunTime:0.002500s ]
SQL: SHOW COLUMNS FROM `fun_questionnaire` [ RunTime:0.0120s ]
SQL: UPDATE `fun_questionnaire` SET `questionTitle`='测试2',`questionCover`='http://localhost/Fun1/Public/upload/temp/2018-11/22//questionaire00a7757adf1d01d1321e21e5b4f548737709398.jpg',`questionDescription`='这是测试添加的东西一！！！',`questionPayState`='0',`questionType`='2',`preMoney`='66.66',`nowMoney`='9.99' WHERE `questionId` = 2 LIMIT 1  [ RunTime:0.0010s ]

[ 2018-11-22T20:37:15+08:00 ] ::1 /Fun1/Admin/Question/addQuestionnaire.html
INFO: [ app_begin ] --START--
INFO: Run Behavior\ReadHtmlCacheBehavior [ RunTime:0.001500s ]
INFO: [ app_begin ] --END-- [ RunTime:0.002000s ]
SQL: SHOW COLUMNS FROM `fun_questionnaire` [ RunTime:0.0070s ]
SQL: UPDATE `fun_questionnaire` SET `questionTitle`='测试4',`questionCover`='http://localhost/Fun1/Public/upload/temp/2018-11/22//questionaire00a7757adf1d01d1321e21e5b4f548737709398.jpg',`questionDescription`='这是测试添加的东西4！！！',`questionPayState`='1',`questionType`='3',`preMoney`='999.00',`nowMoney`='99.99' WHERE `questionId` = 4 LIMIT 1  [ RunTime:0.0005s ]

[ 2018-11-22T20:37:29+08:00 ] ::1 /Fun1/Admin/Question/addQuestionnaire.html
INFO: [ app_begin ] --START--
INFO: Run Behavior\ReadHtmlCacheBehavior [ RunTime:0.002000s ]
INFO: [ app_begin ] --END-- [ RunTime:0.003000s ]
SQL: SHOW COLUMNS FROM `fun_questionnaire` [ RunTime:0.0120s ]
SQL: UPDATE `fun_questionnaire` SET `questionTitle`='测试一',`questionCover`='http://localhost/Fun1/Public/upload/temp/2018-11/22//article72d56e79cbd30e0145019f4c7e442c951484839.jpg',`questionDescription`='这是测试添加的东西一！！！',`questionPayState`='0',`questionType`='1',`preMoney`='10.00',`nowMoney`='0.00' WHERE `questionId` = 1 LIMIT 1  [ RunTime:0.0005s ]

