[ 2018-11-27T12:32:55+08:00 ] ::1 /Fun1/Admin/Question/addTest.html
INFO: [ app_begin ] --START--
INFO: Run Behavior\ReadHtmlCacheBehavior [ RunTime:0.001000s ]
INFO: [ app_begin ] --END-- [ RunTime:0.001500s ]
SQL: SHOW COLUMNS FROM `fun_test` [ RunTime:0.0040s ]
SQL: UPDATE `fun_test` SET `questionId`='2',`testNumber`='3',`testTitle`='测试3',`testImg`='http://localhost/Fun1/Public/upload/temp/2018-11/26//titleimgtestbd946c570e62a6bc1299837de6af52ea3757391.jpg',`aTitle`='a文本',`aScore`='10',`aImg`='',`bTitle`='',`bScore`='20',`bImg`='http://localhost/Fun1/Public/upload/temp/2018-11/26//bimgtestf7d1aa794ba7f5ac96e2d9ae4bda4c623701118.jpg',`cTitle`='',`cScore`='30',`cImg`='http://localhost/Fun1/Public/upload/temp/2018-11/27//cimgtestec4ca095c2611030d93e2e9d521acdb18226293.jpg',`dTitle`='',`dScore`='40',`dImg`='http://localhost/Fun1/Public/upload/temp/2018-11/26//dimgteste50054aa6a2b24c041be2152f9e56f1f8973464.jpg' WHERE `testId` = 3 LIMIT 1  [ RunTime:0.0200s ]

[ 2018-11-27T12:33:52+08:00 ] ::1 /Fun1/Admin/Question/addTest.html
INFO: [ app_begin ] --START--
INFO: Run Behavior\ReadHtmlCacheBehavior [ RunTime:0.002000s ]
INFO: [ app_begin ] --END-- [ RunTime:0.002500s ]
SQL: SHOW COLUMNS FROM `fun_test` [ RunTime:0.0125s ]
SQL: UPDATE `fun_test` SET `questionId`='2',`testNumber`='3',`testTitle`='测试3',`testImg`='http://localhost/Fun1/Public/upload/temp/2018-11/26//titleimgtestbd946c570e62a6bc1299837de6af52ea3757391.jpg',`aTitle`='a文本',`aScore`='10',`aImg`='',`bTitle`='',`bScore`='20',`bImg`='http://localhost/Fun1/Public/upload/temp/2018-11/26//bimgtestf7d1aa794ba7f5ac96e2d9ae4bda4c623701118.jpg',`cTitle`='',`cScore`='30',`cImg`='http://localhost/Fun1/Public/upload/temp/2018-11/27//cimgtestec4ca095c2611030d93e2e9d521acdb18226293.jpg',`dTitle`='',`dScore`='40',`dImg`='http://localhost/Fun1/Public/upload/temp/2018-11/26//dimgteste50054aa6a2b24c041be2152f9e56f1f8973464.jpg' WHERE `testId` = 3 LIMIT 1  [ RunTime:0.0010s ]

[ 2018-11-27T12:34:05+08:00 ] ::1 /Fun1/Admin/Question/addTest.html
INFO: [ app_begin ] --START--
INFO: Run Behavior\ReadHtmlCacheBehavior [ RunTime:0.001000s ]
INFO: [ app_begin ] --END-- [ RunTime:0.001500s ]
SQL: SHOW COLUMNS FROM `fun_test` [ RunTime:0.0050s ]
SQL: UPDATE `fun_test` SET `questionId`='2',`testNumber`='3',`testTitle`='测试3',`testImg`='http://localhost/Fun1/Public/upload/temp/2018-11/26//titleimgtestbd946c570e62a6bc1299837de6af52ea3757391.jpg',`aTitle`='a文本',`aScore`='10',`aImg`='',`bTitle`='',`bScore`='20',`bImg`='http://localhost/Fun1/Public/upload/temp/2018-11/26//bimgtestf7d1aa794ba7f5ac96e2d9ae4bda4c623701118.jpg',`cTitle`='',`cScore`='30',`cImg`='http://localhost/Fun1/Public/upload/temp/2018-11/27//cimgtestec4ca095c2611030d93e2e9d521acdb18226293.jpg',`dTitle`='',`dScore`='40',`dImg`='http://localhost/Fun1/Public/upload/temp/2018-11/26//dimgteste50054aa6a2b24c041be2152f9e56f1f8973464.jpg' WHERE `testId` = 3 LIMIT 1  [ RunTime:0.0000s ]

[ 2018-11-27T12:35:29+08:00 ] ::1 /Fun1/Admin/Question/addTest.html
INFO: [ app_begin ] --START--
INFO: Run Behavior\ReadHtmlCacheBehavior [ RunTime:0.001000s ]
INFO: [ app_begin ] --END-- [ RunTime:0.001500s ]
SQL: SHOW COLUMNS FROM `fun_test` [ RunTime:0.0070s ]
SQL: UPDATE `fun_test` SET `questionId`='2',`testNumber`='3',`testTitle`='测试3',`testImg`='http://localhost/Fun1/Public/upload/temp/2018-11/26//titleimgtestbd946c570e62a6bc1299837de6af52ea3757391.jpg',`aTitle`='a文本',`aScore`='10',`aImg`='',`bTitle`='',`bScore`='20',`bImg`='http://localhost/Fun1/Public/upload/temp/2018-11/26//bimgtestf7d1aa794ba7f5ac96e2d9ae4bda4c623701118.jpg',`cTitle`='',`cScore`='30',`cImg`='http://localhost/Fun1/Public/upload/temp/2018-11/27//cimgtestec4ca095c2611030d93e2e9d521acdb18226293.jpg',`dTitle`='',`dScore`='50',`dImg`='http://localhost/Fun1/Public/upload/temp/2018-11/26//dimgteste50054aa6a2b24c041be2152f9e56f1f8973464.jpg' WHERE `testId` = 3 LIMIT 1  [ RunTime:0.0005s ]

[ 2018-11-27T12:35:48+08:00 ] ::1 /Fun1/Admin/Question/addTest.html
INFO: [ app_begin ] --START--
INFO: Run Behavior\ReadHtmlCacheBehavior [ RunTime:0.001500s ]
INFO: [ app_begin ] --END-- [ RunTime:0.001500s ]
SQL: SHOW COLUMNS FROM `fun_test` [ RunTime:0.0100s ]
SQL: UPDATE `fun_test` SET `questionId`='2',`testNumber`='3',`testTitle`='测试3-3',`testImg`='http://localhost/Fun1/Public/upload/temp/2018-11/26//titleimgtestbd946c570e62a6bc1299837de6af52ea3757391.jpg',`aTitle`='a文本',`aScore`='10',`aImg`='',`bTitle`='',`bScore`='20',`bImg`='http://localhost/Fun1/Public/upload/temp/2018-11/26//bimgtestf7d1aa794ba7f5ac96e2d9ae4bda4c623701118.jpg',`cTitle`='',`cScore`='30',`cImg`='http://localhost/Fun1/Public/upload/temp/2018-11/27//cimgtestec4ca095c2611030d93e2e9d521acdb18226293.jpg',`dTitle`='',`dScore`='50',`dImg`='http://localhost/Fun1/Public/upload/temp/2018-11/26//dimgteste50054aa6a2b24c041be2152f9e56f1f8973464.jpg' WHERE `testId` = 3 LIMIT 1  [ RunTime:0.0010s ]

[ 2018-11-27T13:56:06+08:00 ] ::1 /Fun1/Admin/Users/add-management.html
ERR: 非法操作:add-management

[ 2018-11-27T14:35:25+08:00 ] ::1 /Fun1/Admin/Goods/index
ERR: 1146:Table 'funtest.category' doesn't exist
 [ SQL语句 ] : SHOW COLUMNS FROM `category`

[ 2018-11-27T20:15:42+08:00 ] ::1 /Fun1/Admin/Management/alterPassword.html
INFO: [ app_begin ] --START--
INFO: Run Behavior\ReadHtmlCacheBehavior [ RunTime:0.001000s ]
INFO: [ app_begin ] --END-- [ RunTime:0.002000s ]
SQL: SHOW COLUMNS FROM `fun_admin` [ RunTime:0.0140s ]
ERR: Think\Model:getFiled方法不存在！

[ 2018-11-27T20:17:20+08:00 ] ::1 /Fun1/Admin/Management/alterPassword.html
INFO: [ app_begin ] --START--
INFO: Run Behavior\ReadHtmlCacheBehavior [ RunTime:0.001000s ]
INFO: [ app_begin ] --END-- [ RunTime:0.001000s ]
SQL: SHOW COLUMNS FROM `fun_admin` [ RunTime:0.0040s ]
ERR: Think\Model:getFiled方法不存在！

[ 2018-11-27T20:19:33+08:00 ] ::1 /Fun1/Admin/Management/alterPassword.html
INFO: [ app_begin ] --START--
INFO: Run Behavior\ReadHtmlCacheBehavior [ RunTime:0.001000s ]
INFO: [ app_begin ] --END-- [ RunTime:0.001000s ]
SQL: SHOW COLUMNS FROM `fun_admin` [ RunTime:0.0090s ]
ERR: Think\Model:getFiled方法不存在！

[ 2018-11-27T20:19:55+08:00 ] ::1 /Fun1/Admin/Management/alterPassword.html
INFO: [ app_begin ] --START--
INFO: Run Behavior\ReadHtmlCacheBehavior [ RunTime:0.002000s ]
INFO: [ app_begin ] --END-- [ RunTime:0.003000s ]
SQL: SHOW COLUMNS FROM `fun_admin` [ RunTime:0.0050s ]
ERR: Think\Model:getFiled方法不存在！

[ 2018-11-27T20:21:14+08:00 ] ::1 /Fun1/Admin/Management/alterPassword.html
INFO: [ app_begin ] --START--
INFO: Run Behavior\ReadHtmlCacheBehavior [ RunTime:0.001000s ]
INFO: [ app_begin ] --END-- [ RunTime:0.002001s ]
SQL: SHOW COLUMNS FROM `fun_admin` [ RunTime:0.0100s ]
ERR: Think\Model:getFiled方法不存在！

[ 2018-11-27T20:22:25+08:00 ] ::1 /Fun1/Admin/Management/alterPassword.html
INFO: [ app_begin ] --START--
INFO: Run Behavior\ReadHtmlCacheBehavior [ RunTime:0.001000s ]
INFO: [ app_begin ] --END-- [ RunTime:0.002000s ]
SQL: SHOW COLUMNS FROM `fun_admin` [ RunTime:0.0130s ]
SQL: SELECT `adminPassword` FROM `fun_admin` WHERE `adminId` = 0 LIMIT 1   [ RunTime:0.0010s ]

[ 2018-11-27T20:27:30+08:00 ] ::1 /Fun1/Admin/Management/alterPassword.html
INFO: [ app_begin ] --START--
INFO: Run Behavior\ReadHtmlCacheBehavior [ RunTime:0.002000s ]
INFO: [ app_begin ] --END-- [ RunTime:0.004000s ]
SQL: SHOW COLUMNS FROM `fun_admin` [ RunTime:0.0060s ]
SQL: SELECT `adminPassword` FROM `fun_admin` WHERE `adminId` = 0 LIMIT 1   [ RunTime:0.0000s ]

[ 2018-11-27T20:27:31+08:00 ] ::1 /Fun1/Admin/Login/logout.html
INFO: [ app_begin ] --START--
INFO: Run Behavior\ReadHtmlCacheBehavior [ RunTime:0.001501s ]
INFO: [ app_begin ] --END-- [ RunTime:0.002001s ]

[ 2018-11-27T20:29:09+08:00 ] ::1 /Fun1/Admin/Management/alterPassword.html
INFO: [ app_begin ] --START--
INFO: Run Behavior\ReadHtmlCacheBehavior [ RunTime:0.001000s ]
INFO: [ app_begin ] --END-- [ RunTime:0.002000s ]
SQL: SHOW COLUMNS FROM `fun_admin` [ RunTime:0.0110s ]
SQL: SELECT `adminPassword` FROM `fun_admin` WHERE `adminId` = 0 LIMIT 1   [ RunTime:0.0000s ]

[ 2018-11-27T20:29:10+08:00 ] ::1 /Fun1/Admin/Login/logout
INFO: [ app_begin ] --START--
INFO: Run Behavior\ReadHtmlCacheBehavior [ RunTime:0.002000s ]
INFO: [ app_begin ] --END-- [ RunTime:0.002000s ]

[ 2018-11-27T20:31:10+08:00 ] ::1 /Fun1/Admin/Management/alterPassword.html
INFO: [ app_begin ] --START--
INFO: Run Behavior\ReadHtmlCacheBehavior [ RunTime:0.001000s ]
INFO: [ app_begin ] --END-- [ RunTime:0.003000s ]
SQL: SHOW COLUMNS FROM `fun_admin` [ RunTime:0.0060s ]
SQL: SELECT `adminPassword` FROM `fun_admin` WHERE `adminId` = 0 LIMIT 1   [ RunTime:0.0000s ]

[ 2018-11-27T20:31:11+08:00 ] ::1 /Fun1/Admin/Login/logout
INFO: [ app_begin ] --START--
INFO: Run Behavior\ReadHtmlCacheBehavior [ RunTime:0.001000s ]
INFO: [ app_begin ] --END-- [ RunTime:0.002000s ]

[ 2018-11-27T20:32:58+08:00 ] ::1 /Fun1/Admin/Management/alterPassword.html
INFO: [ app_begin ] --START--
INFO: Run Behavior\ReadHtmlCacheBehavior [ RunTime:0.001000s ]
INFO: [ app_begin ] --END-- [ RunTime:0.002000s ]
SQL: SHOW COLUMNS FROM `fun_admin` [ RunTime:0.0090s ]
SQL: SELECT `adminPassword` FROM `fun_admin` WHERE `adminId` = 0 LIMIT 1   [ RunTime:0.0010s ]

[ 2018-11-27T20:33:00+08:00 ] ::1 /Fun1/Admin/Login/logout
INFO: [ app_begin ] --START--
INFO: Run Behavior\ReadHtmlCacheBehavior [ RunTime:0.001000s ]
INFO: [ app_begin ] --END-- [ RunTime:0.002000s ]

[ 2018-11-27T20:36:14+08:00 ] ::1 /Fun1/Admin/Management/alterPassword.html
INFO: [ app_begin ] --START--
INFO: Run Behavior\ReadHtmlCacheBehavior [ RunTime:0.001000s ]
INFO: [ app_begin ] --END-- [ RunTime:0.001000s ]
SQL: SHOW COLUMNS FROM `fun_admin` [ RunTime:0.0100s ]
SQL: SELECT `adminPassword` FROM `fun_admin` WHERE `adminId` = 0 LIMIT 1   [ RunTime:0.0000s ]

[ 2018-11-27T20:36:47+08:00 ] ::1 /Fun1/Admin/Management/alterPassword.html
INFO: [ app_begin ] --START--
INFO: Run Behavior\ReadHtmlCacheBehavior [ RunTime:0.001000s ]
INFO: [ app_begin ] --END-- [ RunTime:0.002000s ]
SQL: SHOW COLUMNS FROM `fun_admin` [ RunTime:0.0120s ]
SQL: SELECT `adminPassword` FROM `fun_admin` WHERE `adminId` = 0 LIMIT 1   [ RunTime:0.0010s ]

[ 2018-11-27T20:37:11+08:00 ] ::1 /Fun1/Admin/Management/alterPassword.html
INFO: [ app_begin ] --START--
INFO: Run Behavior\ReadHtmlCacheBehavior [ RunTime:0.001000s ]
INFO: [ app_begin ] --END-- [ RunTime:0.001000s ]
SQL: SHOW COLUMNS FROM `fun_admin` [ RunTime:0.0040s ]
SQL: SELECT `adminPassword` FROM `fun_admin` WHERE `adminId` = 0 LIMIT 1   [ RunTime:0.0000s ]

[ 2018-11-27T20:37:40+08:00 ] ::1 /Fun1/Admin/Management/alterPassword.html
INFO: [ app_begin ] --START--
INFO: Run Behavior\ReadHtmlCacheBehavior [ RunTime:0.001000s ]
INFO: [ app_begin ] --END-- [ RunTime:0.002000s ]
SQL: SHOW COLUMNS FROM `fun_admin` [ RunTime:0.0040s ]
SQL: SELECT `adminPassword` FROM `fun_admin` WHERE `adminId` = 0 LIMIT 1   [ RunTime:0.0010s ]

[ 2018-11-27T20:37:50+08:00 ] ::1 /Fun1/Admin/Management/alterPassword.html
INFO: [ app_begin ] --START--
INFO: Run Behavior\ReadHtmlCacheBehavior [ RunTime:0.002000s ]
INFO: [ app_begin ] --END-- [ RunTime:0.002000s ]
SQL: SHOW COLUMNS FROM `fun_admin` [ RunTime:0.0050s ]
SQL: SELECT `adminPassword` FROM `fun_admin` WHERE `adminId` = 0 LIMIT 1   [ RunTime:0.0000s ]

[ 2018-11-27T20:38:44+08:00 ] ::1 /Fun1/Admin/Management/alterPassword.html
INFO: [ app_begin ] --START--
INFO: Run Behavior\ReadHtmlCacheBehavior [ RunTime:0.002000s ]
INFO: [ app_begin ] --END-- [ RunTime:0.002000s ]
SQL: SHOW COLUMNS FROM `fun_admin` [ RunTime:0.0080s ]
SQL: SELECT `adminPassword` FROM `fun_admin` WHERE `adminId` = 0 LIMIT 1   [ RunTime:0.0010s ]

[ 2018-11-27T20:40:23+08:00 ] ::1 /Fun1/Admin/Management/alterPassword.html
INFO: [ app_begin ] --START--
INFO: Run Behavior\ReadHtmlCacheBehavior [ RunTime:0.001000s ]
INFO: [ app_begin ] --END-- [ RunTime:0.002000s ]
SQL: SHOW COLUMNS FROM `fun_admin` [ RunTime:0.0090s ]
SQL: SELECT `adminPassword` FROM `fun_admin` WHERE `adminId` = 0 LIMIT 1   [ RunTime:0.0000s ]

[ 2018-11-27T20:40:40+08:00 ] ::1 /Fun1/Admin/Management/alterPassword.html
INFO: [ app_begin ] --START--
INFO: Run Behavior\ReadHtmlCacheBehavior [ RunTime:0.001000s ]
INFO: [ app_begin ] --END-- [ RunTime:0.001000s ]
SQL: SHOW COLUMNS FROM `fun_admin` [ RunTime:0.0030s ]
SQL: SELECT `adminPassword` FROM `fun_admin` WHERE `adminId` = 0 LIMIT 1   [ RunTime:0.0000s ]

[ 2018-11-27T20:40:47+08:00 ] ::1 /Fun1/Admin/Management/alterPassword.html
INFO: [ app_begin ] --START--
INFO: Run Behavior\ReadHtmlCacheBehavior [ RunTime:0.001000s ]
INFO: [ app_begin ] --END-- [ RunTime:0.001000s ]
SQL: SHOW COLUMNS FROM `fun_admin` [ RunTime:0.0040s ]
SQL: SELECT `adminPassword` FROM `fun_admin` WHERE `adminId` = 0 LIMIT 1   [ RunTime:0.0000s ]

[ 2018-11-27T20:42:25+08:00 ] ::1 /Fun1/Admin/Management/alterPassword.html
INFO: [ app_begin ] --START--
INFO: Run Behavior\ReadHtmlCacheBehavior [ RunTime:0.001000s ]
INFO: [ app_begin ] --END-- [ RunTime:0.002000s ]
SQL: SHOW COLUMNS FROM `fun_admin` [ RunTime:0.0100s ]
SQL: SELECT `adminPassword` FROM `fun_admin` WHERE `adminId` = 0 LIMIT 1   [ RunTime:0.0010s ]

[ 2018-11-27T20:47:46+08:00 ] ::1 /Fun1/Admin/Management/alterPassword.html
INFO: [ app_begin ] --START--
INFO: Run Behavior\ReadHtmlCacheBehavior [ RunTime:0.001000s ]
INFO: [ app_begin ] --END-- [ RunTime:0.001000s ]
SQL: SHOW COLUMNS FROM `fun_admin` [ RunTime:0.0130s ]
SQL: SELECT `adminPassword` FROM `fun_admin` WHERE `adminId` = 4 LIMIT 1   [ RunTime:0.0010s ]

[ 2018-11-27T20:47:52+08:00 ] ::1 /Fun1/Admin/Management/alterPassword.html
INFO: [ app_begin ] --START--
INFO: Run Behavior\ReadHtmlCacheBehavior [ RunTime:0.001000s ]
INFO: [ app_begin ] --END-- [ RunTime:0.002000s ]
SQL: SHOW COLUMNS FROM `fun_admin` [ RunTime:0.0140s ]
SQL: SELECT `adminPassword` FROM `fun_admin` WHERE `adminId` = 4 LIMIT 1   [ RunTime:0.0000s ]
SQL: UPDATE `fun_admin` SET `adminPassword`='96e79218965eb72c92a549dd5a330112' WHERE `adminId` = 4 LIMIT 1  [ RunTime:0.0000s ]

[ 2018-11-27T20:48:03+08:00 ] ::1 /Fun1/Admin/Management/alterPassword.html
INFO: [ app_begin ] --START--
INFO: Run Behavior\ReadHtmlCacheBehavior [ RunTime:0.001000s ]
INFO: [ app_begin ] --END-- [ RunTime:0.002000s ]
SQL: SHOW COLUMNS FROM `fun_admin` [ RunTime:0.0060s ]
SQL: SELECT `adminPassword` FROM `fun_admin` WHERE `adminId` = 4 LIMIT 1   [ RunTime:0.0000s ]

[ 2018-11-27T20:48:09+08:00 ] ::1 /Fun1/Admin/Management/alterPassword.html
INFO: [ app_begin ] --START--
INFO: Run Behavior\ReadHtmlCacheBehavior [ RunTime:0.002000s ]
INFO: [ app_begin ] --END-- [ RunTime:0.003001s ]
SQL: SHOW COLUMNS FROM `fun_admin` [ RunTime:0.0060s ]
SQL: SELECT `adminPassword` FROM `fun_admin` WHERE `adminId` = 4 LIMIT 1   [ RunTime:0.0000s ]

[ 2018-11-27T20:48:16+08:00 ] ::1 /Fun1/Admin/Management/alterPassword.html
INFO: [ app_begin ] --START--
INFO: Run Behavior\ReadHtmlCacheBehavior [ RunTime:0.001000s ]
INFO: [ app_begin ] --END-- [ RunTime:0.001000s ]
SQL: SHOW COLUMNS FROM `fun_admin` [ RunTime:0.0100s ]
SQL: SELECT `adminPassword` FROM `fun_admin` WHERE `adminId` = 4 LIMIT 1   [ RunTime:0.0000s ]
SQL: UPDATE `fun_admin` SET `adminPassword`='96e79218965eb72c92a549dd5a330112' WHERE `adminId` = 4 LIMIT 1  [ RunTime:0.0010s ]

[ 2018-11-27T20:49:01+08:00 ] ::1 /Fun1/Admin/Management/alterPassword.html
INFO: [ app_begin ] --START--
INFO: Run Behavior\ReadHtmlCacheBehavior [ RunTime:0.001000s ]
INFO: [ app_begin ] --END-- [ RunTime:0.002000s ]
SQL: SHOW COLUMNS FROM `fun_admin` [ RunTime:0.0140s ]
SQL: SELECT `adminPassword` FROM `fun_admin` WHERE `adminId` = 4 LIMIT 1   [ RunTime:0.0010s ]

[ 2018-11-27T20:49:10+08:00 ] ::1 /Fun1/Admin/Management/alterPassword.html
INFO: [ app_begin ] --START--
INFO: Run Behavior\ReadHtmlCacheBehavior [ RunTime:0.002000s ]
INFO: [ app_begin ] --END-- [ RunTime:0.003000s ]
SQL: SHOW COLUMNS FROM `fun_admin` [ RunTime:0.0070s ]
SQL: SELECT `adminPassword` FROM `fun_admin` WHERE `adminId` = 4 LIMIT 1   [ RunTime:0.0000s ]
SQL: UPDATE `fun_admin` SET `adminPassword`='e3ceb5881a0a1fdaad01296d7554868d' WHERE `adminId` = 4 LIMIT 1  [ RunTime:0.0000s ]

[ 2018-11-27T20:50:30+08:00 ] ::1 /Fun1/Admin/Management/alterPassword.html
INFO: [ app_begin ] --START--
INFO: Run Behavior\ReadHtmlCacheBehavior [ RunTime:0.001000s ]
INFO: [ app_begin ] --END-- [ RunTime:0.001000s ]
SQL: SHOW COLUMNS FROM `fun_admin` [ RunTime:0.0060s ]
SQL: SELECT `adminPassword` FROM `fun_admin` WHERE `adminId` = 4 LIMIT 1   [ RunTime:0.0000s ]
SQL: UPDATE `fun_admin` SET `adminPassword`='e3ceb5881a0a1fdaad01296d7554868d' WHERE `adminId` = 4 LIMIT 1  [ RunTime:0.0000s ]

[ 2018-11-27T20:50:49+08:00 ] ::1 /Fun1/Admin/Management/alterPassword.html
INFO: [ app_begin ] --START--
INFO: Run Behavior\ReadHtmlCacheBehavior [ RunTime:0.002000s ]
INFO: [ app_begin ] --END-- [ RunTime:0.004000s ]
SQL: SHOW COLUMNS FROM `fun_admin` [ RunTime:0.0140s ]
SQL: SELECT `adminPassword` FROM `fun_admin` WHERE `adminId` = 4 LIMIT 1   [ RunTime:0.0010s ]

[ 2018-11-27T20:51:14+08:00 ] ::1 /Fun1/Admin/Management/alterPassword.html
INFO: [ app_begin ] --START--
INFO: Run Behavior\ReadHtmlCacheBehavior [ RunTime:0.002000s ]
INFO: [ app_begin ] --END-- [ RunTime:0.002000s ]
SQL: SHOW COLUMNS FROM `fun_admin` [ RunTime:0.0080s ]
SQL: SELECT `adminPassword` FROM `fun_admin` WHERE `adminId` = 4 LIMIT 1   [ RunTime:0.0000s ]
SQL: UPDATE `fun_admin` SET `adminPassword`='e3ceb5881a0a1fdaad01296d7554868d' WHERE `adminId` = 4 LIMIT 1  [ RunTime:0.0000s ]

[ 2018-11-27T20:52:56+08:00 ] ::1 /Fun1/Admin/Management/alterPassword.html
INFO: [ app_begin ] --START--
INFO: Run Behavior\ReadHtmlCacheBehavior [ RunTime:0.001000s ]
INFO: [ app_begin ] --END-- [ RunTime:0.002000s ]
SQL: SHOW COLUMNS FROM `fun_admin` [ RunTime:0.0050s ]
SQL: SELECT `adminPassword` FROM `fun_admin` WHERE `adminId` = 4 LIMIT 1   [ RunTime:0.0010s ]
SQL: UPDATE `fun_admin` SET `adminPassword`='e3ceb5881a0a1fdaad01296d7554868d' WHERE `adminId` = 4 LIMIT 1  [ RunTime:0.0000s ]

[ 2018-11-27T20:53:05+08:00 ] ::1 /Fun1/Admin/Management/alterPassword.html
INFO: [ app_begin ] --START--
INFO: Run Behavior\ReadHtmlCacheBehavior [ RunTime:0.001000s ]
INFO: [ app_begin ] --END-- [ RunTime:0.002000s ]
SQL: SHOW COLUMNS FROM `fun_admin` [ RunTime:0.0100s ]
SQL: SELECT `adminPassword` FROM `fun_admin` WHERE `adminId` = 4 LIMIT 1   [ RunTime:0.0000s ]
INFO: [ app_end ] --START--
INFO: Run Behavior\ShowPageTraceBehavior [ RunTime:0.003000s ]
INFO: [ app_end ] --END-- [ RunTime:0.003000s ]

[ 2018-11-27T20:53:18+08:00 ] ::1 /Fun1/Admin/Management/alterPassword.html
INFO: [ app_begin ] --START--
INFO: Run Behavior\ReadHtmlCacheBehavior [ RunTime:0.002000s ]
INFO: [ app_begin ] --END-- [ RunTime:0.003000s ]
SQL: SHOW COLUMNS FROM `fun_admin` [ RunTime:0.0140s ]
SQL: SELECT `adminPassword` FROM `fun_admin` WHERE `adminId` = 4 LIMIT 1   [ RunTime:0.0000s ]
INFO: [ app_end ] --START--
INFO: Run Behavior\ShowPageTraceBehavior [ RunTime:0.004000s ]
INFO: [ app_end ] --END-- [ RunTime:0.004000s ]

[ 2018-11-27T20:53:27+08:00 ] ::1 /Fun1/Admin/Management/alterPassword.html
INFO: [ app_begin ] --START--
INFO: Run Behavior\ReadHtmlCacheBehavior [ RunTime:0.002000s ]
INFO: [ app_begin ] --END-- [ RunTime:0.003000s ]
SQL: SHOW COLUMNS FROM `fun_admin` [ RunTime:0.0080s ]
SQL: SELECT `adminPassword` FROM `fun_admin` WHERE `adminId` = 4 LIMIT 1   [ RunTime:0.0000s ]
INFO: [ app_end ] --START--
INFO: Run Behavior\ShowPageTraceBehavior [ RunTime:0.003000s ]
INFO: [ app_end ] --END-- [ RunTime:0.003000s ]

[ 2018-11-27T20:56:53+08:00 ] ::1 /Fun1/Admin/Management/alterPassword.html
INFO: [ app_begin ] --START--
INFO: Run Behavior\ReadHtmlCacheBehavior [ RunTime:0.001000s ]
INFO: [ app_begin ] --END-- [ RunTime:0.002000s ]
SQL: SHOW COLUMNS FROM `fun_admin` [ RunTime:0.0120s ]
SQL: SELECT `adminPassword` FROM `fun_admin` WHERE `adminId` = 4 LIMIT 1   [ RunTime:0.0010s ]
INFO: [ app_end ] --START--
INFO: Run Behavior\ShowPageTraceBehavior [ RunTime:0.004000s ]
INFO: [ app_end ] --END-- [ RunTime:0.005000s ]

[ 2018-11-27T20:56:58+08:00 ] ::1 /Fun1/Admin/Management/alterPassword.html
INFO: [ app_begin ] --START--
INFO: Run Behavior\ReadHtmlCacheBehavior [ RunTime:0.001000s ]
INFO: [ app_begin ] --END-- [ RunTime:0.002000s ]
SQL: SHOW COLUMNS FROM `fun_admin` [ RunTime:0.0100s ]
SQL: SELECT `adminPassword` FROM `fun_admin` WHERE `adminId` = 4 LIMIT 1   [ RunTime:0.0000s ]
INFO: [ app_end ] --START--
INFO: Run Behavior\ShowPageTraceBehavior [ RunTime:0.002000s ]
INFO: [ app_end ] --END-- [ RunTime:0.002000s ]

[ 2018-11-27T20:57:20+08:00 ] ::1 /Fun1/Admin/Management/alterPassword.html
INFO: [ app_begin ] --START--
INFO: Run Behavior\ReadHtmlCacheBehavior [ RunTime:0.001000s ]
INFO: [ app_begin ] --END-- [ RunTime:0.002000s ]
SQL: SHOW COLUMNS FROM `fun_admin` [ RunTime:0.0120s ]
SQL: SELECT `adminPassword` FROM `fun_admin` WHERE `adminId` = 4 LIMIT 1   [ RunTime:0.0010s ]
INFO: [ app_end ] --START--
INFO: Run Behavior\ShowPageTraceBehavior [ RunTime:0.003000s ]
INFO: [ app_end ] --END-- [ RunTime:0.003000s ]

[ 2018-11-27T20:57:25+08:00 ] ::1 /Fun1/Admin/Management/alterPassword.html
INFO: [ app_begin ] --START--
INFO: Run Behavior\ReadHtmlCacheBehavior [ RunTime:0.001000s ]
INFO: [ app_begin ] --END-- [ RunTime:0.002000s ]
SQL: SHOW COLUMNS FROM `fun_admin` [ RunTime:0.0150s ]
SQL: SELECT `adminPassword` FROM `fun_admin` WHERE `adminId` = 4 LIMIT 1   [ RunTime:0.0010s ]

[ 2018-11-27T20:57:31+08:00 ] ::1 /Fun1/Admin/Management/alterPassword.html
INFO: [ app_begin ] --START--
INFO: Run Behavior\ReadHtmlCacheBehavior [ RunTime:0.001000s ]
INFO: [ app_begin ] --END-- [ RunTime:0.002000s ]
SQL: SHOW COLUMNS FROM `fun_admin` [ RunTime:0.0150s ]
SQL: SELECT `adminPassword` FROM `fun_admin` WHERE `adminId` = 4 LIMIT 1   [ RunTime:0.0000s ]

[ 2018-11-27T20:57:36+08:00 ] ::1 /Fun1/Admin/Management/alterPassword.html
INFO: [ app_begin ] --START--
INFO: Run Behavior\ReadHtmlCacheBehavior [ RunTime:0.001000s ]
INFO: [ app_begin ] --END-- [ RunTime:0.002000s ]
SQL: SHOW COLUMNS FROM `fun_admin` [ RunTime:0.0130s ]
SQL: SELECT `adminPassword` FROM `fun_admin` WHERE `adminId` = 4 LIMIT 1   [ RunTime:0.0010s ]
INFO: [ app_end ] --START--
INFO: Run Behavior\ShowPageTraceBehavior [ RunTime:0.005000s ]
INFO: [ app_end ] --END-- [ RunTime:0.005000s ]

[ 2018-11-27T20:58:03+08:00 ] ::1 /Fun1/Admin/Management/alterPassword.html
INFO: [ app_begin ] --START--
INFO: Run Behavior\ReadHtmlCacheBehavior [ RunTime:0.001000s ]
INFO: [ app_begin ] --END-- [ RunTime:0.001000s ]
SQL: SHOW COLUMNS FROM `fun_admin` [ RunTime:0.0150s ]
SQL: SELECT `adminPassword` FROM `fun_admin` WHERE `adminId` = 4 LIMIT 1   [ RunTime:0.0010s ]

[ 2018-11-27T20:58:09+08:00 ] ::1 /Fun1/Admin/Management/alterPassword.html
INFO: [ app_begin ] --START--
INFO: Run Behavior\ReadHtmlCacheBehavior [ RunTime:0.002000s ]
INFO: [ app_begin ] --END-- [ RunTime:0.002000s ]
SQL: SHOW COLUMNS FROM `fun_admin` [ RunTime:0.0090s ]
SQL: SELECT `adminPassword` FROM `fun_admin` WHERE `adminId` = 4 LIMIT 1   [ RunTime:0.0000s ]
SQL: UPDATE `fun_admin` SET `adminPassword`='e10adc3949ba59abbe56e057f20f883e' WHERE `adminId` = 4 LIMIT 1  [ RunTime:0.0000s ]

[ 2018-11-27T20:59:48+08:00 ] ::1 /Fun1/Admin/Management/alterPassword.html
INFO: [ app_begin ] --START--
INFO: Run Behavior\ReadHtmlCacheBehavior [ RunTime:0.001000s ]
INFO: [ app_begin ] --END-- [ RunTime:0.002000s ]
SQL: SHOW COLUMNS FROM `fun_admin` [ RunTime:0.0100s ]
SQL: SELECT `adminPassword` FROM `fun_admin` WHERE `adminId` = 4 LIMIT 1   [ RunTime:0.0010s ]
SQL: UPDATE `fun_admin` SET `adminPassword`='96e79218965eb72c92a549dd5a330112' WHERE `adminId` = 4 LIMIT 1  [ RunTime:0.0000s ]

[ 2018-11-27T20:59:49+08:00 ] ::1 /Fun1/Admin/Login/logout
INFO: [ app_begin ] --START--
INFO: Run Behavior\ReadHtmlCacheBehavior [ RunTime:0.001000s ]
INFO: [ app_begin ] --END-- [ RunTime:0.002000s ]

[ 2018-11-27T21:07:27+08:00 ] ::1 /Fun1/Admin/Management/alterPassword.html
INFO: [ app_begin ] --START--
INFO: Run Behavior\ReadHtmlCacheBehavior [ RunTime:0.002000s ]
INFO: [ app_begin ] --END-- [ RunTime:0.003000s ]
SQL: SHOW COLUMNS FROM `fun_admin` [ RunTime:0.0120s ]
SQL: SELECT `adminPassword` FROM `fun_admin` WHERE `adminId` = 0 LIMIT 1   [ RunTime:0.0010s ]

[ 2018-11-27T21:07:32+08:00 ] ::1 /Fun1/Admin/Management/alterPassword.html
INFO: [ app_begin ] --START--
INFO: Run Behavior\ReadHtmlCacheBehavior [ RunTime:0.002000s ]
INFO: [ app_begin ] --END-- [ RunTime:0.002000s ]
SQL: SHOW COLUMNS FROM `fun_admin` [ RunTime:0.0080s ]
SQL: SELECT `adminPassword` FROM `fun_admin` WHERE `adminId` = 0 LIMIT 1   [ RunTime:0.0000s ]

[ 2018-11-27T21:07:39+08:00 ] ::1 /Fun1/Admin/Management/alterPassword.html
INFO: [ app_begin ] --START--
INFO: Run Behavior\ReadHtmlCacheBehavior [ RunTime:0.002000s ]
INFO: [ app_begin ] --END-- [ RunTime:0.003000s ]
SQL: SHOW COLUMNS FROM `fun_admin` [ RunTime:0.0080s ]
SQL: SELECT `adminPassword` FROM `fun_admin` WHERE `adminId` = 0 LIMIT 1   [ RunTime:0.0010s ]

[ 2018-11-27T21:07:44+08:00 ] ::1 /Fun1/Admin/Management/alterPassword.html
INFO: [ app_begin ] --START--
INFO: Run Behavior\ReadHtmlCacheBehavior [ RunTime:0.001001s ]
INFO: [ app_begin ] --END-- [ RunTime:0.002001s ]
SQL: SHOW COLUMNS FROM `fun_admin` [ RunTime:0.0130s ]
SQL: SELECT `adminPassword` FROM `fun_admin` WHERE `adminId` = 0 LIMIT 1   [ RunTime:0.0010s ]

[ 2018-11-27T21:08:32+08:00 ] ::1 /Fun1/Admin/Management/alterPassword.html
INFO: [ app_begin ] --START--
INFO: Run Behavior\ReadHtmlCacheBehavior [ RunTime:0.001000s ]
INFO: [ app_begin ] --END-- [ RunTime:0.002000s ]
SQL: SHOW COLUMNS FROM `fun_admin` [ RunTime:0.0090s ]
SQL: SELECT `adminPassword` FROM `fun_admin` WHERE `adminId` = 4 LIMIT 1   [ RunTime:0.0000s ]

[ 2018-11-27T21:08:38+08:00 ] ::1 /Fun1/Admin/Management/alterPassword.html
INFO: [ app_begin ] --START--
INFO: Run Behavior\ReadHtmlCacheBehavior [ RunTime:0.001000s ]
INFO: [ app_begin ] --END-- [ RunTime:0.001000s ]
SQL: SHOW COLUMNS FROM `fun_admin` [ RunTime:0.0150s ]
SQL: SELECT `adminPassword` FROM `fun_admin` WHERE `adminId` = 4 LIMIT 1   [ RunTime:0.0010s ]
SQL: UPDATE `fun_admin` SET `adminPassword`='e10adc3949ba59abbe56e057f20f883e' WHERE `adminId` = 4 LIMIT 1  [ RunTime:0.0010s ]

[ 2018-11-27T21:08:39+08:00 ] ::1 /Fun1/Admin/Login/logout
INFO: [ app_begin ] --START--
INFO: Run Behavior\ReadHtmlCacheBehavior [ RunTime:0.001000s ]
INFO: [ app_begin ] --END-- [ RunTime:0.002000s ]

