[ 2018-11-16T20:46:56+08:00 ] ::1 /Fun1/Admin/Management/editManagement.html
INFO: [ app_begin ] --START--
INFO: Run Behavior\ReadHtmlCacheBehavior [ RunTime:0.001000s ]
INFO: [ app_begin ] --END-- [ RunTime:0.002001s ]
SQL: SHOW COLUMNS FROM `fun_admin` [ RunTime:0.0100s ]
SQL: UPDATE `fun_admin` SET `adminName`='dada',`adminSex`='1',`adminPhone`='13266666666',`adminAddress`='广州大学华软软件学院R820',`adminDepartment`='管理部',`adminQQ`='1102574412',`adminWeChat`='13421508185',`adminEmail`='1102574412@qq.com',`adminState`='1',`adminDescription`='管理部' WHERE `adminId` = 1 [ RunTime:0.0015s ]

[ 2018-11-16T20:49:52+08:00 ] ::1 /Fun1/Admin/Management/editManagement.html
INFO: [ app_begin ] --START--
INFO: Run Behavior\ReadHtmlCacheBehavior [ RunTime:0.001500s ]
INFO: [ app_begin ] --END-- [ RunTime:0.002000s ]
SQL: SHOW COLUMNS FROM `fun_admin` [ RunTime:0.0105s ]
SQL: UPDATE `fun_admin` SET `adminName`='dada',`adminSex`='1',`adminPhone`='13266666666',`adminAddress`='广州大学华软软件学院R820',`adminDepartment`='管理部',`adminQQ`='1102574412',`adminWeChat`='13421508185',`adminEmail`='1102574412@qq.com',`adminState`='1',`adminDescription`='' WHERE `adminId` = 1 LIMIT 1  [ RunTime:0.0015s ]

[ 2018-11-16T20:50:50+08:00 ] ::1 /Fun1/Admin/Management/editManagement.html
INFO: [ app_begin ] --START--
INFO: Run Behavior\ReadHtmlCacheBehavior [ RunTime:0.001500s ]
INFO: [ app_begin ] --END-- [ RunTime:0.002000s ]
SQL: SHOW COLUMNS FROM `fun_admin` [ RunTime:0.0100s ]
SQL: UPDATE `fun_admin` SET `adminName`='dada',`adminSex`='1',`adminPhone`='13266666666',`adminAddress`='广州大学华软软件学院R820',`adminDepartment`='管理部',`adminQQ`='1102574412',`adminWeChat`='13421508185',`adminEmail`='1102574412@qq.com',`adminState`='1',`adminDescription`='拥有至高无上的权利' WHERE `adminId` = 1 LIMIT 1  [ RunTime:0.0005s ]

[ 2018-11-16T20:50:59+08:00 ] ::1 /Fun1/Admin/Management/editManagement.html
INFO: [ app_begin ] --START--
INFO: Run Behavior\ReadHtmlCacheBehavior [ RunTime:0.000500s ]
INFO: [ app_begin ] --END-- [ RunTime:0.001001s ]
SQL: SHOW COLUMNS FROM `fun_admin` [ RunTime:0.0100s ]
SQL: UPDATE `fun_admin` SET `adminName`='dada',`adminSex`='0',`adminPhone`='13266666666',`adminAddress`='广州大学华软软件学院R820',`adminDepartment`='管理部',`adminQQ`='1102574412',`adminWeChat`='13421508185',`adminEmail`='1102574412@qq.com',`adminState`='1',`adminDescription`='拥有至高无上的权利' WHERE `adminId` = 1 LIMIT 1  [ RunTime:0.0005s ]

[ 2018-11-16T20:51:07+08:00 ] ::1 /Fun1/Admin/Management/editManagement.html
INFO: [ app_begin ] --START--
INFO: Run Behavior\ReadHtmlCacheBehavior [ RunTime:0.001000s ]
INFO: [ app_begin ] --END-- [ RunTime:0.001500s ]
SQL: SHOW COLUMNS FROM `fun_admin` [ RunTime:0.0100s ]
SQL: UPDATE `fun_admin` SET `adminName`='dada',`adminSex`='1',`adminPhone`='13266666666',`adminAddress`='广州大学华软软件学院R820',`adminDepartment`='管理部',`adminQQ`='1102574412',`adminWeChat`='13421508185',`adminEmail`='1102574412@qq.com',`adminState`='1',`adminDescription`='拥有至高无上的权利' WHERE `adminId` = 1 LIMIT 1  [ RunTime:0.0010s ]

[ 2018-11-16T20:51:46+08:00 ] ::1 /Fun1/Admin/Management/editManagement.html
INFO: [ app_begin ] --START--
INFO: Run Behavior\ReadHtmlCacheBehavior [ RunTime:0.001000s ]
INFO: [ app_begin ] --END-- [ RunTime:0.001000s ]
SQL: SHOW COLUMNS FROM `fun_admin` [ RunTime:0.0100s ]
SQL: UPDATE `fun_admin` SET `adminName`='dada',`adminSex`='1',`adminPhone`='13266666666',`adminAddress`='广州大学华软软件学院R820',`adminDepartment`='管理部',`adminQQ`='1102574412',`adminWeChat`='13421508185',`adminEmail`='1102574412@qq.com',`adminState`='1',`adminDescription`='拥有至高无上的权利1' WHERE `adminId` = 1 LIMIT 1  [ RunTime:0.0005s ]

[ 2018-11-16T20:51:54+08:00 ] ::1 /Fun1/Admin/Management/editManagement.html
INFO: [ app_begin ] --START--
INFO: Run Behavior\ReadHtmlCacheBehavior [ RunTime:0.001001s ]
INFO: [ app_begin ] --END-- [ RunTime:0.001501s ]
SQL: SHOW COLUMNS FROM `fun_admin` [ RunTime:0.0095s ]
SQL: UPDATE `fun_admin` SET `adminName`='dada',`adminSex`='1',`adminPhone`='13266666666',`adminAddress`='广州大学华软软件学院R820',`adminDepartment`='管理部',`adminQQ`='1102574412',`adminWeChat`='13421508185',`adminEmail`='1102574412@qq.com',`adminState`='1',`adminDescription`='拥有至高无上的权利' WHERE `adminId` = 1 LIMIT 1  [ RunTime:0.0005s ]

[ 2018-11-16T21:06:29+08:00 ] ::1 /Fun1/Admin/Management/resetPassword.html
INFO: [ app_begin ] --START--
INFO: Run Behavior\ReadHtmlCacheBehavior [ RunTime:0.001500s ]
INFO: [ app_begin ] --END-- [ RunTime:0.001500s ]
SQL: SHOW COLUMNS FROM `fun_admin` [ RunTime:0.0095s ]
SQL: UPDATE `fun_admin` SET `adminPassword`='202cb962ac59075b964b07152d234b70' WHERE `adminId` = 1 LIMIT 1  [ RunTime:0.0005s ]

[ 2018-11-16T21:07:15+08:00 ] ::1 /Fun1/Admin/Management/resetPassword.html
INFO: [ app_begin ] --START--
INFO: Run Behavior\ReadHtmlCacheBehavior [ RunTime:0.001000s ]
INFO: [ app_begin ] --END-- [ RunTime:0.001500s ]
SQL: SHOW COLUMNS FROM `fun_admin` [ RunTime:0.0180s ]
SQL: UPDATE `fun_admin` SET `adminPassword`='e10adc3949ba59abbe56e057f20f883e' WHERE `adminId` = 1 LIMIT 1  [ RunTime:0.0005s ]

[ 2018-11-16T21:20:48+08:00 ] ::1 /Fun1/Admin/Management/editManagement.html
INFO: [ app_begin ] --START--
INFO: Run Behavior\ReadHtmlCacheBehavior [ RunTime:0.001500s ]
INFO: [ app_begin ] --END-- [ RunTime:0.002000s ]
SQL: SHOW COLUMNS FROM `fun_admin` [ RunTime:0.0110s ]
SQL: UPDATE `fun_admin` SET `adminName`='aa',`adminSex`='0',`adminPhone`='12121212121',`adminAddress`='lalala',`adminDepartment`='aa',`adminQQ`='123456789',`adminWeChat`='124578',`adminEmail`='111111@qq.com',`adminState`='1',`adminDescription`='aa' WHERE `adminId` = 4 LIMIT 1  [ RunTime:0.0005s ]

