[ 2018-11-29T15:04:20+08:00 ] ::1 /Fun1/Admin/Article/addArticle.html
INFO: [ app_begin ] --START--
INFO: Run Behavior\ReadHtmlCacheBehavior [ RunTime:0.001000s ]
INFO: [ app_begin ] --END-- [ RunTime:0.002000s ]
SQL: SHOW COLUMNS FROM `fun_article` [ RunTime:0.0080s ]
SQL: UPDATE `fun_article` SET `articleTitle`='情感类66666',`articleCover`='http://img4.imgtn.bdimg.com/it/u=1878770333,4043213811&amp;fm=26&amp;gp=0.jpg',`articleDescription`='你离婚后，666666？',`articleContent`='   我们遇到那些跋扈自恣的人往往会表现出反感，这类人通常是不懂得该如何尊重别人的，他们
   是
',`articleType`='1',`articleRecommend`='0' WHERE `articleId` = 8 LIMIT 1  [ RunTime:0.0000s ]

[ 2018-11-29T15:05:05+08:00 ] ::1 /Fun1/Admin/Article/setRecommend.html
INFO: [ app_begin ] --START--
INFO: Run Behavior\ReadHtmlCacheBehavior [ RunTime:0.001000s ]
INFO: [ app_begin ] --END-- [ RunTime:0.002000s ]
SQL: SHOW COLUMNS FROM `fun_article` [ RunTime:0.0110s ]
SQL: UPDATE `fun_article` SET `articleRecommend`='1' WHERE `articleId` = 8 LIMIT 1  [ RunTime:0.0010s ]

[ 2018-11-29T15:08:23+08:00 ] ::1 /Fun1/Admin/Article/addArticle.html
INFO: [ app_begin ] --START--
INFO: Run Behavior\ReadHtmlCacheBehavior [ RunTime:0.001000s ]
INFO: [ app_begin ] --END-- [ RunTime:0.001000s ]
SQL: SHOW COLUMNS FROM `fun_article` [ RunTime:0.0060s ]
SQL: UPDATE `fun_article` SET `articleTitle`='情感类66666',`articleCover`='http://img4.imgtn.bdimg.com/it/u=1878770333,4043213811&amp;fm=26&amp;gp=0.jpg',`articleDescription`='你离婚后，666666？',`articleContent`='     我们遇到那些跋扈自恣的人往往会表现出反感，这类人通常是不懂得该如何尊重别人的，他们
     是',`articleType`='1',`articleRecommend`='1' WHERE `articleId` = 8 LIMIT 1  [ RunTime:0.0000s ]

[ 2018-11-29T15:13:22+08:00 ] ::1 /Fun1/Admin/Article/addArticle.html
INFO: [ app_begin ] --START--
INFO: Run Behavior\ReadHtmlCacheBehavior [ RunTime:0.002000s ]
INFO: [ app_begin ] --END-- [ RunTime:0.002000s ]
SQL: SHOW COLUMNS FROM `fun_article` [ RunTime:0.0130s ]
SQL: UPDATE `fun_article` SET `articleTitle`='情感类66666',`articleCover`='http://img4.imgtn.bdimg.com/it/u=1878770333,4043213811&amp;fm=26&amp;gp=0.jpg',`articleDescription`='你离婚后，666666？',`articleContent`='     我们遇到那些跋扈自恣的人往往会表现出反感，这类人通常是不懂得该如何尊重别人的，他们     是
',`articleType`='1',`articleRecommend`='1' WHERE `articleId` = 8 LIMIT 1  [ RunTime:0.0010s ]

[ 2018-11-29T15:19:38+08:00 ] ::1 /Fun1/Admin/Article/addArticle.html
INFO: [ app_begin ] --START--
INFO: Run Behavior\ReadHtmlCacheBehavior [ RunTime:0.001000s ]
INFO: [ app_begin ] --END-- [ RunTime:0.002000s ]
SQL: SHOW COLUMNS FROM `fun_article` [ RunTime:0.0080s ]
SQL: UPDATE `fun_article` SET `articleTitle`='情感类66666',`articleCover`='http://img4.imgtn.bdimg.com/it/u=1878770333,4043213811&amp;fm=26&amp;gp=0.jpg',`articleDescription`='你离婚后，666666？',`articleContent`='&lt;html&gt;&lt;head&gt;
&lt;meta charset=&quot;utf-8&quot;&gt;
&lt;meta name=&quot;renderer&quot; content=&quot;webkit|ie-comp|ie-stand&quot;&gt;
&lt;meta http-equiv=&quot;X-UA-Compatible&quot; content=&quot;IE=edge,chrome=1&quot;&gt;
&lt;meta name=&quot;viewport&quot; content=&quot;width=device-width,initial-scale=1,minimum-scale=1.0,maximum-scale=1.0,user-scalable=no&quot;&gt;
&lt;meta http-equiv=&quot;Cache-Control&quot; content=&quot;no-siteapp&quot;&gt;
&lt;!--[if lt IE 9]&gt;
&lt;script type=&quot;text/javascript&quot; src=&quot;lib/html5shiv.js&quot;&gt;&lt;/script&gt;
&lt;script type=&quot;text/javascript&quot; src=&quot;lib/respond.min.js&quot;&gt;&lt;/script&gt;
&lt;![endif]--&gt;
&lt;link rel=&quot;stylesheet&quot; type=&quot;text/css&quot; href=&quot;/Fun1/Public/static/h-ui/css/H-ui.min.css&quot;&gt;
&lt;link rel=&quot;stylesheet&quot; type=&quot;text/css&quot; href=&quot;/Fun1/Public/static/h-ui.admin/css/H-ui.admin.css&quot;&gt;
&lt;link rel=&quot;stylesheet&quot; type=&quot;text/css&quot; href=&quot;/Fun1/Public/lib/Hui-iconfont/1.0.8/iconfont.css&quot;&gt;
&lt;link rel=&quot;stylesheet&quot; type=&quot;text/css&quot; href=&quot;/Fun1/Public/static/h-ui.admin/skin/default/skin.css&quot; id=&quot;skin&quot;&gt;
&lt;link rel=&quot;stylesheet&quot; type=&quot;text/css&quot; href=&quot;/Fun1/Public/static/h-ui.admin/css/style.css&quot;&gt;
&lt;title&gt;文章列表&lt;/title&gt;
&lt;link href=&quot;/Fun1/Public/ueditor/themes/default/css/umeditor.min.css&quot; rel=&quot;stylesheet&quot;&gt;
&lt;script src=&quot;/Fun1/Public/ueditor/third-party/jquery.min.js&quot;&gt;&lt;/script&gt;
&lt;script src=&quot;/Fun1/Public/ueditor/umeditor.config.js&quot;&gt;&lt;/script&gt;
&lt;script src=&quot;/Fun1/Public/ueditor/umeditor.min.js&quot;&gt;&lt;/script&gt;
&lt;script src=&quot;/Fun1/Public/ueditor/lang/zh-cn/zh-cn.js&quot;&gt;&lt;/script&gt;
&lt;script&gt;
    $(function () {
        UM.getEditor(\'myEditor\', {
		initialFrameWidth:&quot;98%&quot;,
		//initialFrameHeight:&quot;100%&quot;
	});
});
&lt;/script&gt;
&lt;link rel=&quot;stylesheet&quot; href=&quot;http://localhost/Fun1/Public/lib/layer/2.4/skin/layer.css&quot; id=&quot;layui_layer_skinlayercss&quot; style=&quot;&quot;&gt;&lt;link href=&quot;/Fun1/Public/lib/My97DatePicker/4.8/skin/WdatePicker.css&quot; rel=&quot;stylesheet&quot; type=&quot;text/css&quot;&gt;&lt;script src=&quot;http://localhost/Fun1/Public/ueditor/dialogs/link/link.js&quot; type=&quot;text/javascript&quot; defer=&quot;defer&quot;&gt;&lt;/script&gt;&lt;script src=&quot;http://localhost/Fun1/Public/ueditor/dialogs/image/image.js&quot; type=&quot;text/javascript&quot; defer=&quot;defer&quot;&gt;&lt;/script&gt;&lt;script src=&quot;http://localhost/Fun1/Public/ueditor/dialogs/video/video.js&quot; type=&quot;text/javascript&quot; defer=&quot;defer&quot;&gt;&lt;/script&gt;&lt;script src=&quot;http://localhost/Fun1/Public/ueditor/dialogs/map/map.js&quot; type=&quot;text/javascript&quot; defer=&quot;defer&quot;&gt;&lt;/script&gt;&lt;script src=&quot;http://localhost/Fun1/Public/ueditor/dialogs/formula/formula.js&quot; type=&quot;text/javascript&quot; defer=&quot;defer&quot;&gt;&lt;/script&gt;&lt;script src=&quot;http://localhost/Fun1/Public/ueditor/dialogs/emotion/emotion.js&quot; type=&quot;text/javascript&quot; defer=&quot;defer&quot;&gt;&lt;/script&gt;&lt;/head&gt;&lt;body &gt;&lt;p&gt;&amp;nbsp; &amp;nbsp; 我们遇到那些跋扈自恣的人往往会表现出反感，这类人通常是不懂得该如何尊重别人的，他们 &amp;nbsp; &amp;nbsp;&amp;nbsp;&lt;/p&gt;&lt;p&gt;&amp;nbsp;是&lt;/p&gt;&lt;/body&gt;&lt;/html&gt;',`articleType`='1',`articleRecommend`='1' WHERE `articleId` = 8 LIMIT 1  [ RunTime:0.0010s ]

[ 2018-11-29T15:31:43+08:00 ] ::1 /Fun1/Admin/Article/addArticle.html
INFO: [ app_begin ] --START--
INFO: Run Behavior\ReadHtmlCacheBehavior [ RunTime:0.001000s ]
INFO: [ app_begin ] --END-- [ RunTime:0.001000s ]
SQL: SHOW COLUMNS FROM `fun_article` [ RunTime:0.0100s ]
SQL: UPDATE `fun_article` SET `articleTitle`='情感类66666',`articleCover`='http://img4.imgtn.bdimg.com/it/u=1878770333,4043213811&amp;fm=26&amp;gp=0.jpg',`articleDescription`='你离婚后，666666？',`articleContent`='    生活中是越来越受年轻人的喜欢了，猫并没有狗那么黏人，照顾起来也会方便一些，人也不
  会
&lt;script type=&quot;text/javascript&quot; src=&quot;lib/html5shiv.js&quot;&gt;&lt;script type=&quot;text/javascript&quot; src=&quot;lib/respond.min.js&quot;&gt;&lt;link rel=&quot;stylesheet&quot; type=&quot;text/css&quot; href=&quot;/Fun1/Public/static/h-ui/css/H-ui.min.css&quot;&gt;&lt;link rel=&quot;stylesheet&quot; type=&quot;text/css&quot; href=&quot;/Fun1/Public/static/h-ui.admin/css/H-ui.admin.css&quot;&gt;&lt;link rel=&quot;stylesheet&quot; type=&quot;text/css&quot; href=&quot;/Fun1/Public/lib/Hui-iconfont/1.0.8/iconfont.css&quot;&gt;&lt;link rel=&quot;stylesheet&quot; type=&quot;text/css&quot; href=&quot;/Fun1/Public/static/h-ui.admin/skin/default/skin.css&quot; id=&quot;skin&quot;&gt;&lt;link rel=&quot;stylesheet&quot; type=&quot;text/css&quot; href=&quot;/Fun1/Public/static/h-ui.admin/css/style.css&quot;&gt;文章列表&lt;link href=&quot;/Fun1/Public/ueditor/themes/default/css/umeditor.min.css&quot; rel=&quot;stylesheet&quot;&gt;&lt;script src=&quot;/Fun1/Public/ueditor/third-party/jquery.min.js&quot;&gt;&lt;script src=&quot;/Fun1/Public/ueditor/umeditor.config.js&quot;&gt;&lt;script src=&quot;/Fun1/Public/ueditor/umeditor.min.js&quot;&gt;&lt;script src=&quot;/Fun1/Public/ueditor/lang/zh-cn/zh-cn.js&quot;&gt;$(function () {        UM.getEditor(\'myEditor\', {		initialFrameWidth:&quot;98%&quot;,		//initialFrameHeight:',`articleType`='1',`articleRecommend`='1' WHERE `articleId` = 8 LIMIT 1  [ RunTime:0.0010s ]

[ 2018-11-29T15:32:52+08:00 ] ::1 /Fun1/Admin/Article/addArticle.html
INFO: [ app_begin ] --START--
INFO: Run Behavior\ReadHtmlCacheBehavior [ RunTime:0.001000s ]
INFO: [ app_begin ] --END-- [ RunTime:0.002000s ]
SQL: SHOW COLUMNS FROM `fun_article` [ RunTime:0.0080s ]
SQL: UPDATE `fun_article` SET `articleTitle`='情感类66666',`articleCover`='http://img4.imgtn.bdimg.com/it/u=1878770333,4043213811&amp;fm=26&amp;gp=0.jpg',`articleDescription`='你离婚后，666666？',`articleContent`='生活中是越来越受年轻人的喜欢了，猫并没有狗那么黏人，照顾起来也会方便一些，人也不  会
',`articleType`='1',`articleRecommend`='1' WHERE `articleId` = 8 LIMIT 1  [ RunTime:0.0010s ]

[ 2018-11-29T15:33:39+08:00 ] ::1 /Fun1/Admin/Article/addArticle.html
INFO: [ app_begin ] --START--
INFO: Run Behavior\ReadHtmlCacheBehavior [ RunTime:0.001000s ]
INFO: [ app_begin ] --END-- [ RunTime:0.001000s ]
SQL: SHOW COLUMNS FROM `fun_article` [ RunTime:0.0050s ]
SQL: UPDATE `fun_article` SET `articleTitle`='情感类66666',`articleCover`='http://img4.imgtn.bdimg.com/it/u=1878770333,4043213811&amp;fm=26&amp;gp=0.jpg',`articleDescription`='你离婚后，666666？',`articleContent`='&amp;lt;p&amp;gt;生活中是越来越受年轻人的喜欢了，猫并没有狗那么黏人，照顾起来也会&amp;lt;/p&amp;gt;
方便一些，人也不  会
',`articleType`='1',`articleRecommend`='1' WHERE `articleId` = 8 LIMIT 1  [ RunTime:0.0000s ]

[ 2018-11-29T15:34:48+08:00 ] ::1 /Fun1/Admin/Article/addArticle.html
INFO: [ app_begin ] --START--
INFO: Run Behavior\ReadHtmlCacheBehavior [ RunTime:0.001000s ]
INFO: [ app_begin ] --END-- [ RunTime:0.002000s ]
SQL: SHOW COLUMNS FROM `fun_article` [ RunTime:0.0070s ]
SQL: UPDATE `fun_article` SET `articleTitle`='情感类66666',`articleCover`='http://img4.imgtn.bdimg.com/it/u=1878770333,4043213811&amp;fm=26&amp;gp=0.jpg',`articleDescription`='你离婚后，666666？',`articleContent`='生活中是越来越受年轻人的喜欢了，猫并没有狗那么黏人，照顾起来也会
 方便一些，人也不  会
',`articleType`='1',`articleRecommend`='1' WHERE `articleId` = 8 LIMIT 1  [ RunTime:0.0010s ]

[ 2018-11-29T15:37:56+08:00 ] ::1 /Fun1/Admin/Article/addArticle.html
INFO: [ app_begin ] --START--
INFO: Run Behavior\ReadHtmlCacheBehavior [ RunTime:0.001000s ]
INFO: [ app_begin ] --END-- [ RunTime:0.002000s ]
SQL: SHOW COLUMNS FROM `fun_article` [ RunTime:0.0110s ]
SQL: UPDATE `fun_article` SET `articleTitle`='情感类66666',`articleCover`='http://img4.imgtn.bdimg.com/it/u=1878770333,4043213811&amp;fm=26&amp;gp=0.jpg',`articleDescription`='你离婚后，666666？',`articleContent`='&lt;p&gt;&amp;nbsp; 生活中是越来越受年轻人的喜欢了，猫并没有狗那么黏人，照顾起来也会&lt;/p&gt;&lt;p&gt;&amp;nbsp;方便一些，人也不 &amp;nbsp;会&lt;/p&gt;',`articleType`='1',`articleRecommend`='1' WHERE `articleId` = 8 LIMIT 1  [ RunTime:0.0010s ]

[ 2018-11-29T15:48:42+08:00 ] ::1 /Fun1/Admin/Article/addArticle.html
INFO: [ app_begin ] --START--
INFO: Run Behavior\ReadHtmlCacheBehavior [ RunTime:0.001000s ]
INFO: [ app_begin ] --END-- [ RunTime:0.002000s ]
SQL: SHOW COLUMNS FROM `fun_article` [ RunTime:0.0110s ]
SQL: UPDATE `fun_article` SET `articleTitle`='情感类66666',`articleCover`='http://img4.imgtn.bdimg.com/it/u=1878770333,4043213811&amp;fm=26&amp;gp=0.jpg',`articleDescription`='你离婚后，666666？',`articleContent`='&lt;p&gt;&amp;nbsp; &amp;nbsp; &amp;nbsp; &amp;nbsp; &amp;nbsp;生活中是越来越受年轻人的喜欢了，猫并没有狗那么黏人，照顾起来也会&lt;/p&gt;&lt;p&gt;&amp;nbsp;方便一些，人也不 &amp;nbsp;会&lt;/p&gt;',`articleType`='1',`articleRecommend`='1' WHERE `articleId` = 8 LIMIT 1  [ RunTime:0.0010s ]

[ 2018-11-29T16:30:57+08:00 ] ::1 /Fun1/Admin/Article/addArticle.html
INFO: [ app_begin ] --START--
INFO: Run Behavior\ReadHtmlCacheBehavior [ RunTime:0.001000s ]
INFO: [ app_begin ] --END-- [ RunTime:0.002001s ]
SQL: SHOW COLUMNS FROM `fun_article` [ RunTime:0.0080s ]
SQL: UPDATE `fun_article` SET `articleTitle`='情感类66666',`articleCover`='http://img4.imgtn.bdimg.com/it/u=1878770333,4043213811&amp;fm=26&amp;gp=0.jpg',`articleDescription`='你离婚后，666666？',`articleContent`='&lt;p&gt;&amp;nbsp; &amp;nbsp; &amp;nbsp; &amp;nbsp;生活中是越来越受年轻人的喜欢了，猫并没有狗那么黏人，照顾起来也会&lt;/p&gt;&lt;p&gt;方便一些，人也不 &amp;nbsp;会&lt;/p&gt;',`articleType`='1',`articleRecommend`='1' WHERE `articleId` = 8 LIMIT 1  [ RunTime:0.0000s ]

[ 2018-11-29T16:32:40+08:00 ] ::1 /Fun1/Admin/Article/addArticle.html
INFO: [ app_begin ] --START--
INFO: Run Behavior\ReadHtmlCacheBehavior [ RunTime:0.002000s ]
INFO: [ app_begin ] --END-- [ RunTime:0.002000s ]
SQL: SHOW COLUMNS FROM `fun_article` [ RunTime:0.0100s ]
SQL: UPDATE `fun_article` SET `articleTitle`='测试添加文章',`articleCover`='http://localhost/Fun1/Public/upload/temp/2018-11/20//article746f42fd178911255525577729d87bbe2000404.jpg',`articleDescription`='这是测试添加的东西一！！！',`articleContent`='&lt;p style=&quot;text-align: center;&quot;&gt;测试标题&lt;/p&gt;&lt;p style=&quot;text-align: left;&quot;&gt;开始写内容&lt;/p&gt;&lt;hr/&gt;&lt;p style=&quot;text-align: left;&quot;&gt;&amp;nbsp; &amp;nbsp;&amp;nbsp;&lt;span style=&quot;color:#ff0000&quot;&gt;1.我要放图片咯！&lt;/span&gt;&lt;/p&gt;&lt;p style=&quot;text-align: center;&quot;&gt;&lt;img src=&quot;http://localhost/Fun1/Public/ueditor/php/upload/20181120/15426796192962.jpg&quot; _src=&quot;http://localhost/Fun1/Public/ueditor/php/upload/20181120/15426796192962.jpg&quot; style=&quot;width: 244px; height: 160px;&quot;/&gt;&lt;/p&gt;&lt;p style=&quot;text-align: left;&quot;&gt;&lt;br/&gt;&lt;/p&gt;&lt;p style=&quot;text-align: left;&quot;&gt;&amp;nbsp; &amp;nbsp;这图片还能放大和缩小，真神奇！&lt;/p&gt;&lt;p style=&quot;text-align: center;&quot;&gt;我&lt;span style=&quot;background-color: rgb(255, 255, 0);&quot;&gt;要拿优秀毕业生咯咯&lt;/span&gt;咯！！！&lt;/p&gt;&lt;p style=&quot;text-align: center;&quot;&gt;author&amp;nbsp; by&amp;nbsp; dada&lt;/p&gt;',`articleType`='3',`articleRecommend`='1' WHERE `articleId` = 13 LIMIT 1  [ RunTime:0.0000s ]

[ 2018-11-29T16:44:28+08:00 ] ::1 /Fun1/Admin/Article/addArticle.html
INFO: [ app_begin ] --START--
INFO: Run Behavior\ReadHtmlCacheBehavior [ RunTime:0.001000s ]
INFO: [ app_begin ] --END-- [ RunTime:0.002000s ]
SQL: SHOW COLUMNS FROM `fun_article` [ RunTime:0.0140s ]
SQL: UPDATE `fun_article` SET `articleTitle`='测试添加文章',`articleCover`='http://localhost/Fun1/Public/upload/temp/2018-11/20//article746f42fd178911255525577729d87bbe2000404.jpg',`articleDescription`='这是测试添加的东西一！！！',`articleContent`='&lt;p style=&quot;text-align: center;&quot;&gt;测试标题&lt;/p&gt;&lt;p style=&quot;text-align: left;&quot;&gt;开始写内容&lt;/p&gt;&lt;hr/&gt;&lt;p style=&quot;text-align: left;&quot;&gt;&amp;nbsp; &amp;nbsp; &lt;span style=&quot;color:#ff0000&quot;&gt;1.我要放图片咯！&lt;/span&gt;&lt;/p&gt;&lt;p style=&quot;text-align: center;&quot;&gt;&lt;img src=&quot;http://localhost/Fun1/Public/ueditor/php/upload/20181120/15426796192962.jpg&quot; _src=&quot;http://localhost/Fun1/Public/ueditor/php/upload/20181120/15426796192962.jpg&quot; style=&quot;width: 244px; height: 160px;&quot;/&gt;&lt;/p&gt;&lt;p style=&quot;text-align: left;&quot;&gt;&lt;br/&gt;&lt;/p&gt;&lt;p style=&quot;text-align: left;&quot;&gt;&amp;nbsp; &amp;nbsp;这图片还能放大和缩小，真神奇！&lt;/p&gt;&lt;p style=&quot;text-align: center;&quot;&gt;我&lt;span style=&quot;background-color: rgb(255, 255, 0);&quot;&gt;要拿优秀毕业生咯咯&lt;/span&gt;咯！！！&lt;/p&gt;&lt;p style=&quot;text-align: center;&quot;&gt;author&amp;nbsp; by&amp;nbsp; dada&lt;/p&gt;',`articleType`='3',`articleRecommend`='1' WHERE `articleId` = 13 LIMIT 1  [ RunTime:0.0010s ]

[ 2018-11-29T16:48:34+08:00 ] ::1 /Fun1/Admin/Article/addArticle.html
INFO: [ app_begin ] --START--
INFO: Run Behavior\ReadHtmlCacheBehavior [ RunTime:0.001001s ]
INFO: [ app_begin ] --END-- [ RunTime:0.001001s ]
SQL: SHOW COLUMNS FROM `fun_article` [ RunTime:0.0100s ]
SQL: UPDATE `fun_article` SET `articleTitle`='测试添加文章',`articleCover`='http://localhost/Fun1/Public/upload/temp/2018-11/20//article746f42fd178911255525577729d87bbe2000404.jpg',`articleDescription`='这是测试添加的东西一！！！',`articleContent`='&lt;p style=&quot;text-align: center;&quot;&gt;测试标题&lt;/p&gt;&lt;p style=&quot;text-align: left;&quot;&gt;开始写内容&lt;/p&gt;&lt;hr/&gt;&lt;p style=&quot;text-align: left;&quot;&gt;&lt;span style=&quot;white-space: normal;&quot;&gt;&amp;nbsp; &amp;nbsp;&lt;/span&gt;&lt;span style=&quot;color:#ff0000&quot;&gt;1.我要放图片咯！&lt;/span&gt;&lt;/p&gt;&lt;p style=&quot;text-align: center;&quot;&gt;&lt;img src=&quot;http://localhost/Fun1/Public/ueditor/php/upload/20181120/15426796192962.jpg&quot; _src=&quot;http://localhost/Fun1/Public/ueditor/php/upload/20181120/15426796192962.jpg&quot; style=&quot;width: 244px; height: 160px;&quot;/&gt;&lt;/p&gt;&lt;p style=&quot;text-align: left;&quot;&gt;&lt;br/&gt;&lt;/p&gt;&lt;p style=&quot;text-align: left;&quot;&gt;&amp;nbsp; &amp;nbsp;这图片还能放大和缩小，真神奇！&lt;/p&gt;&lt;p style=&quot;text-align: center;&quot;&gt;我&lt;span style=&quot;background-color: rgb(255, 255, 0);&quot;&gt;要拿优秀毕业生咯咯&lt;/span&gt;咯！！！&lt;/p&gt;&lt;p style=&quot;text-align: center;&quot;&gt;author&amp;nbsp; by&amp;nbsp; dada&lt;/p&gt;',`articleType`='3',`articleRecommend`='1' WHERE `articleId` = 13 LIMIT 1  [ RunTime:0.0010s ]

[ 2018-11-29T17:18:46+08:00 ] ::1 /Fun1/Admin/Article/setRecommend.html
INFO: [ app_begin ] --START--
INFO: Run Behavior\ReadHtmlCacheBehavior [ RunTime:0.001001s ]
INFO: [ app_begin ] --END-- [ RunTime:0.002001s ]
SQL: SHOW COLUMNS FROM `fun_article` [ RunTime:0.0050s ]
SQL: UPDATE `fun_article` SET `articleRecommend`='0' WHERE `articleId` = 8 LIMIT 1  [ RunTime:0.0000s ]

[ 2018-11-29T17:38:44+08:00 ] ::1 /Fun1/Admin/Article/addArticle.html
INFO: [ app_begin ] --START--
INFO: Run Behavior\ReadHtmlCacheBehavior [ RunTime:0.000000s ]
INFO: [ app_begin ] --END-- [ RunTime:0.000000s ]
SQL: SHOW COLUMNS FROM `fun_article` [ RunTime:0.0140s ]
SQL: UPDATE `fun_article` SET `articleTitle`='啦啦啦啦啦',`articleCover`='https://img.d1xz.net/d/2018/08/5b6a62aa221c2.jpg',`articleDescription`='你们呢没那么难',`articleContent`='&lt;p&gt;生活中是越来越受年轻人的喜欢了，猫并没有狗那么黏人，照顾起来也会方便一些，人也不会&lt;/p&gt;',`articleType`='3',`articleRecommend`='0' WHERE `articleId` = 10 LIMIT 1  [ RunTime:0.0010s ]

[ 2018-11-29T17:38:53+08:00 ] ::1 /Fun1/Admin/Article/addArticle.html
INFO: [ app_begin ] --START--
INFO: Run Behavior\ReadHtmlCacheBehavior [ RunTime:0.000000s ]
INFO: [ app_begin ] --END-- [ RunTime:0.001000s ]
SQL: SHOW COLUMNS FROM `fun_article` [ RunTime:0.0080s ]
SQL: UPDATE `fun_article` SET `articleTitle`='发富商大贾',`articleCover`='https://img.d1xz.net/d/2018/08/5b6a62aa221c2.jpg',`articleDescription`='好地方规划？',`articleContent`='&lt;p&gt;越受年轻人的喜欢了，猫并没有狗那么&lt;/p&gt;',`articleType`='3',`articleRecommend`='0' WHERE `articleId` = 12 LIMIT 1  [ RunTime:0.0010s ]

[ 2018-11-29T17:39:00+08:00 ] ::1 /Fun1/Admin/Article/addArticle.html
INFO: [ app_begin ] --START--
INFO: Run Behavior\ReadHtmlCacheBehavior [ RunTime:0.000000s ]
INFO: [ app_begin ] --END-- [ RunTime:0.001000s ]
SQL: SHOW COLUMNS FROM `fun_article` [ RunTime:0.0150s ]
SQL: UPDATE `fun_article` SET `articleTitle`='年轻人的喜欢了',`articleCover`='https://img.d1xz.net/d/2018/08/5b6a62aa221c2.jpg',`articleDescription`='猫并没有狗那么黏人，照顾起来也会',`articleContent`='&lt;p&gt;生活中是越来越受年轻人的喜欢了，猫并没有狗那么黏人，照顾起来也会方便一些，人也不会&lt;/p&gt;',`articleType`='3',`articleRecommend`='0' WHERE `articleId` = 11 LIMIT 1  [ RunTime:0.0010s ]

[ 2018-11-29T17:39:15+08:00 ] ::1 /Fun1/Admin/Article/addArticle.html
INFO: [ app_begin ] --START--
INFO: Run Behavior\ReadHtmlCacheBehavior [ RunTime:0.001000s ]
INFO: [ app_begin ] --END-- [ RunTime:0.002000s ]
SQL: SHOW COLUMNS FROM `fun_article` [ RunTime:0.0080s ]
SQL: UPDATE `fun_article` SET `articleTitle`='情感类555',`articleCover`='http://img2.imgtn.bdimg.com/it/u=1379503454,3995438392&amp;fm=26&amp;gp=0.jpg',`articleDescription`='你离婚后，55555？',`articleContent`='&lt;p&gt;活中，我们遇到那些跋扈自恣的人往往会表现出反感，这类人通常是不懂得该如何尊重别人的，他&lt;/p&gt;',`articleType`='1',`articleRecommend`='0' WHERE `articleId` = 7 LIMIT 1  [ RunTime:0.0010s ]

[ 2018-11-29T17:39:25+08:00 ] ::1 /Fun1/Admin/Article/addArticle.html
INFO: [ app_begin ] --START--
INFO: Run Behavior\ReadHtmlCacheBehavior [ RunTime:0.001000s ]
INFO: [ app_begin ] --END-- [ RunTime:0.002000s ]
SQL: SHOW COLUMNS FROM `fun_article` [ RunTime:0.0100s ]
SQL: UPDATE `fun_article` SET `articleTitle`='情感类4444',`articleCover`='http://img4.imgtn.bdimg.com/it/u=1878770333,4043213811&amp;fm=26&amp;gp=0.jpg',`articleDescription`='你离婚后，4444？',`articleContent`='&lt;p&gt;生活中，我们遇到那些跋扈自恣的人往往会表现出反感，这类人通常是不懂得该如何尊重别人的，他们看起&lt;/p&gt;',`articleType`='1',`articleRecommend`='0' WHERE `articleId` = 6 LIMIT 1  [ RunTime:0.0000s ]

[ 2018-11-29T17:39:34+08:00 ] ::1 /Fun1/Admin/Article/addArticle.html
INFO: [ app_begin ] --START--
INFO: Run Behavior\ReadHtmlCacheBehavior [ RunTime:0.001000s ]
INFO: [ app_begin ] --END-- [ RunTime:0.001000s ]
SQL: SHOW COLUMNS FROM `fun_article` [ RunTime:0.0090s ]
SQL: UPDATE `fun_article` SET `articleTitle`='你是一个跋扈自恣的人吗',`articleCover`='https://img.d1xz.net/d/2018/08/5b6a62aa221c2.jpg',`articleDescription`='面对跋扈自恣的人，你会怎么做呢？',`articleContent`='&lt;p&gt;生活中，我们遇到那些跋扈自恣的人往往会表现出反感，这类人通常是不懂得该如何尊重别人的，他们看起来很狂妄自大，在生活中并不讨喜。那么你是一个跋扈自恣的人吗？测试一下就知道答案了，下面我们就一起来做个性格测试吧！面对跋扈自恣的人，你会怎么做呢？A、直接无视

　　B、嘲笑

　　C、偷偷观察

　　D、顺从
测试答案：

　　A、你是一个跋扈自恣的人
　　你在生活中是一个为所欲为的人，你觉得自己最大，你想做什么就去做什么，别人对你的劝告对你完全起不来作用。你的性格很孤僻，只会听从自己的心去做事情，身边的人觉得你经常一副目中无人的样子。因此，你是一个跋扈自恣的人。

　　B、你很大可能是一个跋扈自恣的人
　　你在生活中经常肆无忌惮的去做自己想做的事情，你做事带着冲动，很多时候你并没有考虑到自己的行为会有什么样子的后果。你并不是一个懂得体谅和关心别人的人，你把自己当成了生活的主角，因此，你很大可能是一个跋扈自恣的人。

　　C、你很小可能是一个跋扈自恣的人
　　你在生活中是一个胆小怕事的人，你是小心翼翼的过着自己的生活，你很害怕惹麻烦，你觉得以自己的能力更不处理不了麻烦。很多时候你希望生活能够越平静是越好的，你并不想生活出现风浪。因此，你很小可能是一个跋扈自恣的人。

　　D、你不是一个跋扈自恣的人
　　你是一个在生活中表现得很低调的人，你懂得尊重生活，并且遵守生活中的一些规则。身边的人觉得你是很老实听话的人，和你相处并不是难事，你懂得去体谅别人，并且适时的为了别人做一些让步。因此，你不是一个跋扈自恣的人。
第一星座网原创文章，转载请联系网站管理人员，否则视为侵权。（若有侵权，请联系管理员删除！）&lt;/p&gt;',`articleType`='10',`articleRecommend`='1' WHERE `articleId` = 1 LIMIT 1  [ RunTime:0.0010s ]

[ 2018-11-29T17:39:41+08:00 ] ::1 /Fun1/Admin/Article/addArticle.html
INFO: [ app_begin ] --START--
INFO: Run Behavior\ReadHtmlCacheBehavior [ RunTime:0.001000s ]
INFO: [ app_begin ] --END-- [ RunTime:0.002000s ]
SQL: SHOW COLUMNS FROM `fun_article` [ RunTime:0.0060s ]
SQL: UPDATE `fun_article` SET `articleTitle`='情感类3333',`articleCover`='http://img2.imgtn.bdimg.com/it/u=1379503454,3995438392&amp;fm=26&amp;gp=0.jpg',`articleDescription`='你离婚后，333？',`articleContent`='&lt;p&gt;生活中，我们遇到那些跋扈自恣的人往往会表现出反感，这类人通常是不懂得该如何尊重别人的，他&lt;/p&gt;',`articleType`='1',`articleRecommend`='0' WHERE `articleId` = 5 LIMIT 1  [ RunTime:0.0000s ]

[ 2018-11-29T17:39:53+08:00 ] ::1 /Fun1/Admin/Article/addArticle.html
INFO: [ app_begin ] --START--
INFO: Run Behavior\ReadHtmlCacheBehavior [ RunTime:0.000000s ]
INFO: [ app_begin ] --END-- [ RunTime:0.001000s ]
SQL: SHOW COLUMNS FROM `fun_article` [ RunTime:0.0140s ]
NOTIC: [2] Missing argument 1 for Think\Model::where(), called in D:\myphp_www\PHPTutorial\WWW\Fun1\Application\Admin\Controller\ArticleController.class.php on line 34 and defined D:\myphp_www\PHPTutorial\WWW\Fun1\ThinkPHP\Library\Think\Model.class.php 第 1797 行.
NOTIC: [8] Undefined variable: where D:\myphp_www\PHPTutorial\WWW\Fun1\ThinkPHP\Library\Think\Model.class.php 第 1805 行.
NOTIC: [8] Undefined variable: where D:\myphp_www\PHPTutorial\WWW\Fun1\ThinkPHP\Library\Think\Model.class.php 第 1808 行.
NOTIC: [8] Undefined variable: where D:\myphp_www\PHPTutorial\WWW\Fun1\ThinkPHP\Library\Think\Model.class.php 第 1816 行.
SQL: INSERT INTO `fun_article` (`articleTitle`,`articleCover`,`articleDescription`,`articleContent`,`articleType`,`articleRecommend`,`articleCreateTime`) VALUES ('','','','','1','0','2018-11-29 05:39:53') [ RunTime:0.0010s ]

[ 2018-11-29T21:02:52+08:00 ] ::1 /Fun1/Admin/Article/setRecommend.html
INFO: [ app_begin ] --START--
INFO: Run Behavior\ReadHtmlCacheBehavior [ RunTime:0.002000s ]
INFO: [ app_begin ] --END-- [ RunTime:0.002000s ]
SQL: SHOW COLUMNS FROM `fun_article` [ RunTime:0.0070s ]
SQL: UPDATE `fun_article` SET `articleRecommend`='1' WHERE `articleId` = 4 LIMIT 1  [ RunTime:0.0010s ]

[ 2018-11-29T21:02:53+08:00 ] ::1 /Fun1/Admin/Article/setRecommend.html
INFO: [ app_begin ] --START--
INFO: Run Behavior\ReadHtmlCacheBehavior [ RunTime:0.001000s ]
INFO: [ app_begin ] --END-- [ RunTime:0.002000s ]
SQL: SHOW COLUMNS FROM `fun_article` [ RunTime:0.0130s ]
SQL: UPDATE `fun_article` SET `articleRecommend`='1' WHERE `articleId` = 4 LIMIT 1  [ RunTime:0.0000s ]

[ 2018-11-29T21:02:54+08:00 ] ::1 /Fun1/Admin/Article/setRecommend.html
INFO: [ app_begin ] --START--
INFO: Run Behavior\ReadHtmlCacheBehavior [ RunTime:0.002000s ]
INFO: [ app_begin ] --END-- [ RunTime:0.003000s ]
SQL: SHOW COLUMNS FROM `fun_article` [ RunTime:0.0090s ]
SQL: UPDATE `fun_article` SET `articleRecommend`='1' WHERE `articleId` = 4 LIMIT 1  [ RunTime:0.0000s ]

[ 2018-11-29T21:02:56+08:00 ] ::1 /Fun1/Admin/Article/setRecommend.html
INFO: [ app_begin ] --START--
INFO: Run Behavior\ReadHtmlCacheBehavior [ RunTime:0.001000s ]
INFO: [ app_begin ] --END-- [ RunTime:0.002001s ]
SQL: SHOW COLUMNS FROM `fun_article` [ RunTime:0.0100s ]
SQL: UPDATE `fun_article` SET `articleRecommend`='1' WHERE `articleId` = 4 LIMIT 1  [ RunTime:0.0010s ]

[ 2018-11-29T21:02:58+08:00 ] ::1 /Fun1/Admin/Article/setRecommend.html
INFO: [ app_begin ] --START--
INFO: Run Behavior\ReadHtmlCacheBehavior [ RunTime:0.001000s ]
INFO: [ app_begin ] --END-- [ RunTime:0.002001s ]
SQL: SHOW COLUMNS FROM `fun_article` [ RunTime:0.0080s ]
SQL: UPDATE `fun_article` SET `articleRecommend`='1' WHERE `articleId` = 4 LIMIT 1  [ RunTime:0.0010s ]

[ 2018-11-29T21:02:59+08:00 ] ::1 /Fun1/Admin/Article/setRecommend.html
INFO: [ app_begin ] --START--
INFO: Run Behavior\ReadHtmlCacheBehavior [ RunTime:0.000000s ]
INFO: [ app_begin ] --END-- [ RunTime:0.001000s ]
SQL: SHOW COLUMNS FROM `fun_article` [ RunTime:0.0160s ]
SQL: UPDATE `fun_article` SET `articleRecommend`='1' WHERE `articleId` = 4 LIMIT 1  [ RunTime:0.0010s ]

