[ 2018-11-20T09:26:13+08:00 ] ::1 /Fun1/Admin/Article/addArticle.html
INFO: [ app_begin ] --START--
INFO: Run Behavior\ReadHtmlCacheBehavior [ RunTime:0.001000s ]
INFO: [ app_begin ] --END-- [ RunTime:0.001500s ]
SQL: SHOW COLUMNS FROM `fun_article` [ RunTime:0.0120s ]
INFO: [ app_end ] --START--
INFO: Run Behavior\ShowPageTraceBehavior [ RunTime:0.004001s ]
INFO: [ app_end ] --END-- [ RunTime:0.004001s ]

[ 2018-11-20T09:27:02+08:00 ] ::1 /Fun1/Admin/Article/addArticle.html
INFO: [ app_begin ] --START--
INFO: Run Behavior\ReadHtmlCacheBehavior [ RunTime:0.001000s ]
INFO: [ app_begin ] --END-- [ RunTime:0.002501s ]
SQL: SHOW COLUMNS FROM `fun_article` [ RunTime:0.0115s ]
INFO: [ app_end ] --START--
INFO: Run Behavior\ShowPageTraceBehavior [ RunTime:0.003500s ]
INFO: [ app_end ] --END-- [ RunTime:0.003500s ]

[ 2018-11-20T09:29:15+08:00 ] ::1 /Fun1/Admin/Article/addArticle.html
INFO: [ app_begin ] --START--
INFO: Run Behavior\ReadHtmlCacheBehavior [ RunTime:0.001501s ]
INFO: [ app_begin ] --END-- [ RunTime:0.002501s ]
SQL: SHOW COLUMNS FROM `fun_article` [ RunTime:0.0115s ]
INFO: [ app_end ] --START--
INFO: Run Behavior\ShowPageTraceBehavior [ RunTime:0.004000s ]
INFO: [ app_end ] --END-- [ RunTime:0.004000s ]

[ 2018-11-20T09:29:35+08:00 ] ::1 /Fun1/Admin/Article/addArticle.html
INFO: [ app_begin ] --START--
INFO: Run Behavior\ReadHtmlCacheBehavior [ RunTime:0.001000s ]
INFO: [ app_begin ] --END-- [ RunTime:0.001000s ]
SQL: SHOW COLUMNS FROM `fun_article` [ RunTime:0.0110s ]
INFO: [ app_end ] --START--
INFO: Run Behavior\ShowPageTraceBehavior [ RunTime:0.003500s ]
INFO: [ app_end ] --END-- [ RunTime:0.003500s ]

[ 2018-11-20T09:35:21+08:00 ] ::1 /Fun1/Admin/Article/addArticle.html
INFO: [ app_begin ] --START--
INFO: Run Behavior\ReadHtmlCacheBehavior [ RunTime:0.001500s ]
INFO: [ app_begin ] --END-- [ RunTime:0.002501s ]
SQL: SHOW COLUMNS FROM `fun_article` [ RunTime:0.0110s ]
INFO: [ app_end ] --START--
INFO: Run Behavior\ShowPageTraceBehavior [ RunTime:0.003501s ]
INFO: [ app_end ] --END-- [ RunTime:0.004001s ]

[ 2018-11-20T09:35:38+08:00 ] ::1 /Fun1/Admin/Article/addArticle.html
INFO: [ app_begin ] --START--
INFO: Run Behavior\ReadHtmlCacheBehavior [ RunTime:0.001000s ]
INFO: [ app_begin ] --END-- [ RunTime:0.001500s ]
SQL: SHOW COLUMNS FROM `fun_article` [ RunTime:0.0115s ]
INFO: [ app_end ] --START--
INFO: Run Behavior\ShowPageTraceBehavior [ RunTime:0.003501s ]
INFO: [ app_end ] --END-- [ RunTime:0.004001s ]

[ 2018-11-20T09:40:08+08:00 ] ::1 /Fun1/Admin/Article/addArticle.html
INFO: [ app_begin ] --START--
INFO: Run Behavior\ReadHtmlCacheBehavior [ RunTime:0.001000s ]
INFO: [ app_begin ] --END-- [ RunTime:0.001000s ]
SQL: SHOW COLUMNS FROM `fun_article` [ RunTime:0.0105s ]
INFO: [ app_end ] --START--
INFO: Run Behavior\ShowPageTraceBehavior [ RunTime:0.003501s ]
INFO: [ app_end ] --END-- [ RunTime:0.003501s ]

[ 2018-11-20T09:51:17+08:00 ] ::1 /Fun1/Admin/Article/addArticle.html
INFO: [ app_begin ] --START--
INFO: Run Behavior\ReadHtmlCacheBehavior [ RunTime:0.001000s ]
INFO: [ app_begin ] --END-- [ RunTime:0.001500s ]
SQL: SHOW COLUMNS FROM `fun_article` [ RunTime:0.0110s ]
INFO: [ app_end ] --START--
INFO: Run Behavior\ShowPageTraceBehavior [ RunTime:0.003501s ]
INFO: [ app_end ] --END-- [ RunTime:0.004001s ]

[ 2018-11-20T09:54:56+08:00 ] ::1 /Fun1/Admin/Article/addArticle.html
INFO: [ app_begin ] --START--
INFO: Run Behavior\ReadHtmlCacheBehavior [ RunTime:0.001500s ]
INFO: [ app_begin ] --END-- [ RunTime:0.002000s ]
SQL: SHOW COLUMNS FROM `fun_article` [ RunTime:0.0090s ]
INFO: [ app_end ] --START--
INFO: Run Behavior\ShowPageTraceBehavior [ RunTime:0.003001s ]
INFO: [ app_end ] --END-- [ RunTime:0.003001s ]

[ 2018-11-20T10:10:06+08:00 ] ::1 /Fun1/Admin/Article/addArticle.html
INFO: [ app_begin ] --START--
INFO: Run Behavior\ReadHtmlCacheBehavior [ RunTime:0.001500s ]
INFO: [ app_begin ] --END-- [ RunTime:0.002000s ]
SQL: SHOW COLUMNS FROM `fun_article` [ RunTime:0.0105s ]
NOTIC: [2] Missing argument 1 for Think\Model::where(), called in D:\myphp_www\PHPTutorial\WWW\Fun1\Application\Admin\Controller\ArticleController.class.php on line 28 and defined D:\myphp_www\PHPTutorial\WWW\Fun1\ThinkPHP\Library\Think\Model.class.php 第 1797 行.
NOTIC: [8] Undefined variable: where D:\myphp_www\PHPTutorial\WWW\Fun1\ThinkPHP\Library\Think\Model.class.php 第 1805 行.
NOTIC: [8] Undefined variable: where D:\myphp_www\PHPTutorial\WWW\Fun1\ThinkPHP\Library\Think\Model.class.php 第 1808 行.
NOTIC: [8] Undefined variable: where D:\myphp_www\PHPTutorial\WWW\Fun1\ThinkPHP\Library\Think\Model.class.php 第 1816 行.
SQL: INSERT INTO `fun_article` (`articleTitle`,`articleCover`,`articleDescription`,`articleContent`,`articleType`,`articleRecommend`) VALUES ('测试添加文章','http://localhost/Fun1/Public/upload/temp/2018-11/20//article746f42fd178911255525577729d87bbe2000404.jpg','这是测试添加的东西一！！！','&lt;p style=&quot;text-align: center;&quot;&gt;测试标题&lt;/p&gt;&lt;p style=&quot;text-align: left;&quot;&gt;开始写内容&lt;/p&gt;&lt;p style=&quot;text-align: left;&quot;&gt;&amp;nbsp; &amp;nbsp;1.我要放图片咯！&lt;/p&gt;&lt;p style=&quot;text-align: left;&quot;&gt;&lt;img src=&quot;http://localhost/Fun1/Public/ueditor/php/upload/20181120/15426796192962.jpg&quot; _src=&quot;http://localhost/Fun1/Public/ueditor/php/upload/20181120/15426796192962.jpg&quot; style=&quot;width: 160px; height: 164px;&quot;/&gt;&lt;/p&gt;&lt;p style=&quot;text-align: left;&quot;&gt;&lt;br/&gt;&lt;/p&gt;&lt;p style=&quot;text-align: left;&quot;&gt;这图片还能放大和缩小，真神奇！&lt;/p&gt;&lt;p style=&quot;text-align: center;&quot;&gt;我要拿优秀毕业生咯咯咯！！！&lt;/p&gt;&lt;p style=&quot;text-align: center;&quot;&gt;author&amp;nbsp; by&amp;nbsp; dada&lt;/p&gt;','3','0') [ RunTime:0.0005s ]

[ 2018-11-20T10:14:05+08:00 ] ::1 /Fun1/Admin/Article/addArticle.html
INFO: [ app_begin ] --START--
INFO: Run Behavior\ReadHtmlCacheBehavior [ RunTime:0.001000s ]
INFO: [ app_begin ] --END-- [ RunTime:0.001500s ]
SQL: SHOW COLUMNS FROM `fun_article` [ RunTime:0.0110s ]
INFO: [ app_end ] --START--
INFO: Run Behavior\ShowPageTraceBehavior [ RunTime:0.003500s ]
INFO: [ app_end ] --END-- [ RunTime:0.003500s ]

[ 2018-11-20T10:15:07+08:00 ] ::1 /Fun1/Admin/Article/addArticle.html
INFO: [ app_begin ] --START--
INFO: Run Behavior\ReadHtmlCacheBehavior [ RunTime:0.001000s ]
INFO: [ app_begin ] --END-- [ RunTime:0.001500s ]
SQL: SHOW COLUMNS FROM `fun_article` [ RunTime:0.0110s ]
INFO: [ app_end ] --START--
INFO: Run Behavior\ShowPageTraceBehavior [ RunTime:0.003501s ]
INFO: [ app_end ] --END-- [ RunTime:0.003501s ]

[ 2018-11-20T10:15:15+08:00 ] ::1 /Fun1/Admin/Article/addArticle.html
INFO: [ app_begin ] --START--
INFO: Run Behavior\ReadHtmlCacheBehavior [ RunTime:0.001500s ]
INFO: [ app_begin ] --END-- [ RunTime:0.001500s ]
SQL: SHOW COLUMNS FROM `fun_article` [ RunTime:0.0030s ]
INFO: [ app_end ] --START--
INFO: Run Behavior\ShowPageTraceBehavior [ RunTime:0.001000s ]
INFO: [ app_end ] --END-- [ RunTime:0.001000s ]

[ 2018-11-20T10:15:36+08:00 ] ::1 /Fun1/Admin/Article/addArticle.html
INFO: [ app_begin ] --START--
INFO: Run Behavior\ReadHtmlCacheBehavior [ RunTime:0.001000s ]
INFO: [ app_begin ] --END-- [ RunTime:0.002000s ]
SQL: SHOW COLUMNS FROM `fun_article` [ RunTime:0.0115s ]
INFO: [ app_end ] --START--
INFO: Run Behavior\ShowPageTraceBehavior [ RunTime:0.003501s ]
INFO: [ app_end ] --END-- [ RunTime:0.003501s ]

[ 2018-11-20T10:15:58+08:00 ] ::1 /Fun1/Admin/Article/addArticle.html
INFO: [ app_begin ] --START--
INFO: Run Behavior\ReadHtmlCacheBehavior [ RunTime:0.001000s ]
INFO: [ app_begin ] --END-- [ RunTime:0.001500s ]
SQL: SHOW COLUMNS FROM `fun_article` [ RunTime:0.0030s ]
INFO: [ app_end ] --START--
INFO: Run Behavior\ShowPageTraceBehavior [ RunTime:0.001000s ]
INFO: [ app_end ] --END-- [ RunTime:0.001000s ]

[ 2018-11-20T10:16:09+08:00 ] ::1 /Fun1/Admin/Article/addArticle.html
INFO: [ app_begin ] --START--
INFO: Run Behavior\ReadHtmlCacheBehavior [ RunTime:0.001500s ]
INFO: [ app_begin ] --END-- [ RunTime:0.002000s ]
SQL: SHOW COLUMNS FROM `fun_article` [ RunTime:0.0115s ]
INFO: [ app_end ] --START--
INFO: Run Behavior\ShowPageTraceBehavior [ RunTime:0.004000s ]
INFO: [ app_end ] --END-- [ RunTime:0.004000s ]

[ 2018-11-20T10:18:37+08:00 ] ::1 /Fun1/Admin/Article/addArticle.html
INFO: [ app_begin ] --START--
INFO: Run Behavior\ReadHtmlCacheBehavior [ RunTime:0.001000s ]
INFO: [ app_begin ] --END-- [ RunTime:0.001500s ]
SQL: SHOW COLUMNS FROM `fun_article` [ RunTime:0.0125s ]
INFO: [ app_end ] --START--
INFO: Run Behavior\ShowPageTraceBehavior [ RunTime:0.004000s ]
INFO: [ app_end ] --END-- [ RunTime:0.004000s ]

[ 2018-11-20T10:19:25+08:00 ] ::1 /Fun1/Admin/Management/addManagement.html
INFO: [ app_begin ] --START--
INFO: Run Behavior\ReadHtmlCacheBehavior [ RunTime:0.002000s ]
INFO: [ app_begin ] --END-- [ RunTime:0.002500s ]
SQL: SHOW COLUMNS FROM `fun_admin` [ RunTime:0.0110s ]
NOTIC: [2] Missing argument 1 for Think\Model::where(), called in D:\myphp_www\PHPTutorial\WWW\Fun1\Application\Admin\Controller\ManagementController.class.php on line 32 and defined D:\myphp_www\PHPTutorial\WWW\Fun1\ThinkPHP\Library\Think\Model.class.php 第 1797 行.
NOTIC: [8] Undefined variable: where D:\myphp_www\PHPTutorial\WWW\Fun1\ThinkPHP\Library\Think\Model.class.php 第 1805 行.
NOTIC: [8] Undefined variable: where D:\myphp_www\PHPTutorial\WWW\Fun1\ThinkPHP\Library\Think\Model.class.php 第 1808 行.
NOTIC: [8] Undefined variable: where D:\myphp_www\PHPTutorial\WWW\Fun1\ThinkPHP\Library\Think\Model.class.php 第 1816 行.
SQL: INSERT INTO `fun_admin` (`adminName`,`adminSex`,`adminPhone`,`adminAddress`,`adminDepartment`,`adminQQ`,`adminWeChat`,`adminEmail`,`adminState`,`adminDescription`) VALUES ('','1','','','','','','','0','') [ RunTime:0.0005s ]

[ 2018-11-20T10:53:13+08:00 ] ::1 /Fun1/Admin/Banner/add-management.html
ERR: 非法操作:add-management

[ 2018-11-20T10:58:44+08:00 ] ::1 /Fun1/Admin/Question/add-management.html
ERR: 非法操作:add-management

