[ 2018-11-14T09:18:45+08:00 ] ::1 /Fun/Admin/Management/editManagement.html
INFO: [ app_begin ] --START--
INFO: Run Behavior\ReadHtmlCacheBehavior [ RunTime:0.001000s ]
INFO: [ app_begin ] --END-- [ RunTime:0.001000s ]
SQL: SHOW COLUMNS FROM `fun_admin` [ RunTime:0.0035s ]
SQL: SELECT * FROM `fun_admin` WHERE `adminId` = 4  [ RunTime:0.0000s ]
INFO: [ view_parse ] --START--
INFO: [ template_filter ] --START--
INFO: Run Behavior\ContentReplaceBehavior [ RunTime:0.000500s ]
INFO: [ template_filter ] --END-- [ RunTime:0.000500s ]
INFO: Run Behavior\ParseTemplateBehavior [ RunTime:0.008501s ]
INFO: [ view_parse ] --END-- [ RunTime:0.008501s ]
INFO: [ view_filter ] --START--
INFO: Run Behavior\WriteHtmlCacheBehavior [ RunTime:0.000501s ]
INFO: [ view_filter ] --END-- [ RunTime:0.000501s ]
INFO: [ app_end ] --START--
INFO: Run Behavior\ShowPageTraceBehavior [ RunTime:0.000500s ]
INFO: [ app_end ] --END-- [ RunTime:0.000500s ]

[ 2018-11-14T09:19:53+08:00 ] ::1 /Fun/Admin/Management/editManagement.html
INFO: [ app_begin ] --START--
INFO: Run Behavior\ReadHtmlCacheBehavior [ RunTime:0.000500s ]
INFO: [ app_begin ] --END-- [ RunTime:0.001000s ]
SQL: SHOW COLUMNS FROM `fun_admin` [ RunTime:0.0035s ]
SQL: SELECT * FROM `fun_admin` WHERE `adminId` = 1  [ RunTime:0.0005s ]
INFO: [ view_parse ] --START--
INFO: [ template_filter ] --START--
INFO: Run Behavior\ContentReplaceBehavior [ RunTime:0.000000s ]
INFO: [ template_filter ] --END-- [ RunTime:0.000000s ]
NOTIC: [8] Array to string conversion D:\myphp_www\PHPTutorial\WWW\Fun\Application\Runtime\Cache\Admin\c7ce7e4b3892d107a71a566baf708426.php 第 30 行.
NOTIC: [8] Undefined variable: info2 D:\myphp_www\PHPTutorial\WWW\Fun\Application\Runtime\Cache\Admin\c7ce7e4b3892d107a71a566baf708426.php 第 30 行.
INFO: Run Behavior\ParseTemplateBehavior [ RunTime:0.007501s ]
INFO: [ view_parse ] --END-- [ RunTime:0.007501s ]
INFO: [ view_filter ] --START--
INFO: Run Behavior\WriteHtmlCacheBehavior [ RunTime:0.000500s ]
INFO: [ view_filter ] --END-- [ RunTime:0.000500s ]
INFO: [ app_end ] --START--
INFO: Run Behavior\ShowPageTraceBehavior [ RunTime:0.001000s ]
INFO: [ app_end ] --END-- [ RunTime:0.001000s ]

[ 2018-11-14T15:13:32+08:00 ] ::1 /Fun/Admin/Management/editManagement.html
INFO: [ app_begin ] --START--
INFO: Run Behavior\ReadHtmlCacheBehavior [ RunTime:0.001000s ]
INFO: [ app_begin ] --END-- [ RunTime:0.001000s ]
SQL: SHOW COLUMNS FROM `fun_admin` [ RunTime:0.0030s ]
SQL: SELECT * FROM `fun_admin` WHERE `adminId` = 1  [ RunTime:0.0000s ]
INFO: [ view_parse ] --START--
INFO: [ template_filter ] --START--
INFO: Run Behavior\ContentReplaceBehavior [ RunTime:0.000000s ]
INFO: [ template_filter ] --END-- [ RunTime:0.000000s ]
NOTIC: [8] Array to string conversion D:\myphp_www\PHPTutorial\WWW\Fun\Application\Runtime\Cache\Admin\c7ce7e4b3892d107a71a566baf708426.php 第 30 行.
NOTIC: [8] Undefined index: adminname D:\myphp_www\PHPTutorial\WWW\Fun\Application\Runtime\Cache\Admin\c7ce7e4b3892d107a71a566baf708426.php 第 30 行.
INFO: Run Behavior\ParseTemplateBehavior [ RunTime:0.008501s ]
INFO: [ view_parse ] --END-- [ RunTime:0.008501s ]
INFO: [ view_filter ] --START--
INFO: Run Behavior\WriteHtmlCacheBehavior [ RunTime:0.001000s ]
INFO: [ view_filter ] --END-- [ RunTime:0.001000s ]
INFO: [ app_end ] --START--
INFO: Run Behavior\ShowPageTraceBehavior [ RunTime:0.001000s ]
INFO: [ app_end ] --END-- [ RunTime:0.001000s ]

[ 2018-11-14T15:13:39+08:00 ] ::1 /Fun/Admin/Management/editManagement.html
INFO: [ app_begin ] --START--
INFO: Run Behavior\ReadHtmlCacheBehavior [ RunTime:0.000500s ]
INFO: [ app_begin ] --END-- [ RunTime:0.001500s ]
SQL: SHOW COLUMNS FROM `fun_admin` [ RunTime:0.0030s ]
SQL: SELECT * FROM `fun_admin` WHERE `adminId` = 1  [ RunTime:0.0005s ]
INFO: [ view_parse ] --START--
INFO: [ template_filter ] --START--
INFO: Run Behavior\ContentReplaceBehavior [ RunTime:0.000000s ]
INFO: [ template_filter ] --END-- [ RunTime:0.000000s ]
NOTIC: [8] Array to string conversion D:\myphp_www\PHPTutorial\WWW\Fun\Application\Runtime\Cache\Admin\c7ce7e4b3892d107a71a566baf708426.php 第 30 行.
NOTIC: [8] Undefined index: adminname D:\myphp_www\PHPTutorial\WWW\Fun\Application\Runtime\Cache\Admin\c7ce7e4b3892d107a71a566baf708426.php 第 30 行.
INFO: Run Behavior\ParseTemplateBehavior [ RunTime:0.007501s ]
INFO: [ view_parse ] --END-- [ RunTime:0.007501s ]
INFO: [ view_filter ] --START--
INFO: Run Behavior\WriteHtmlCacheBehavior [ RunTime:0.001000s ]
INFO: [ view_filter ] --END-- [ RunTime:0.001000s ]
INFO: [ app_end ] --START--
INFO: Run Behavior\ShowPageTraceBehavior [ RunTime:0.001000s ]
INFO: [ app_end ] --END-- [ RunTime:0.001000s ]

[ 2018-11-14T15:13:56+08:00 ] ::1 /Fun/Admin/Management/editManagement.html
INFO: [ app_begin ] --START--
INFO: Run Behavior\ReadHtmlCacheBehavior [ RunTime:0.001001s ]
INFO: [ app_begin ] --END-- [ RunTime:0.001501s ]
SQL: SHOW COLUMNS FROM `fun_admin` [ RunTime:0.0050s ]
SQL: SELECT * FROM `fun_admin` WHERE `adminId` = 1  [ RunTime:0.0005s ]
INFO: [ view_parse ] --START--
INFO: [ template_filter ] --START--
INFO: Run Behavior\ContentReplaceBehavior [ RunTime:0.000500s ]
INFO: [ template_filter ] --END-- [ RunTime:0.000500s ]
NOTIC: [8] Array to string conversion D:\myphp_www\PHPTutorial\WWW\Fun\Application\Runtime\Cache\Admin\c7ce7e4b3892d107a71a566baf708426.php 第 30 行.
NOTIC: [8] Undefined index: adminName D:\myphp_www\PHPTutorial\WWW\Fun\Application\Runtime\Cache\Admin\c7ce7e4b3892d107a71a566baf708426.php 第 30 行.
INFO: Run Behavior\ParseTemplateBehavior [ RunTime:0.010001s ]
INFO: [ view_parse ] --END-- [ RunTime:0.010501s ]
INFO: [ view_filter ] --START--
INFO: Run Behavior\WriteHtmlCacheBehavior [ RunTime:0.001001s ]
INFO: [ view_filter ] --END-- [ RunTime:0.001001s ]
INFO: [ app_end ] --START--
INFO: Run Behavior\ShowPageTraceBehavior [ RunTime:0.001000s ]
INFO: [ app_end ] --END-- [ RunTime:0.001000s ]

[ 2018-11-14T15:15:28+08:00 ] ::1 /Fun/Admin/Management/editManagement.html
INFO: [ app_begin ] --START--
INFO: Run Behavior\ReadHtmlCacheBehavior [ RunTime:0.001001s ]
INFO: [ app_begin ] --END-- [ RunTime:0.001001s ]
SQL: SHOW COLUMNS FROM `fun_admin` [ RunTime:0.0030s ]
SQL: SELECT * FROM `fun_admin` WHERE `adminId` = 1  [ RunTime:0.0000s ]
INFO: [ view_parse ] --START--
INFO: [ template_filter ] --START--
INFO: Run Behavior\ContentReplaceBehavior [ RunTime:0.000000s ]
INFO: [ template_filter ] --END-- [ RunTime:0.000000s ]
NOTIC: [8] Array to string conversion D:\myphp_www\PHPTutorial\WWW\Fun\Application\Runtime\Cache\Admin\c7ce7e4b3892d107a71a566baf708426.php 第 30 行.
NOTIC: [8] Undefined index: adminname D:\myphp_www\PHPTutorial\WWW\Fun\Application\Runtime\Cache\Admin\c7ce7e4b3892d107a71a566baf708426.php 第 30 行.
INFO: Run Behavior\ParseTemplateBehavior [ RunTime:0.008501s ]
INFO: [ view_parse ] --END-- [ RunTime:0.008501s ]
INFO: [ view_filter ] --START--
INFO: Run Behavior\WriteHtmlCacheBehavior [ RunTime:0.000500s ]
INFO: [ view_filter ] --END-- [ RunTime:0.000500s ]
INFO: [ app_end ] --START--
INFO: Run Behavior\ShowPageTraceBehavior [ RunTime:0.000501s ]
INFO: [ app_end ] --END-- [ RunTime:0.000501s ]

[ 2018-11-14T15:16:09+08:00 ] ::1 /Fun/Admin/Management/editManagement.html
INFO: [ app_begin ] --START--
INFO: Run Behavior\ReadHtmlCacheBehavior [ RunTime:0.000501s ]
INFO: [ app_begin ] --END-- [ RunTime:0.001001s ]
SQL: SHOW COLUMNS FROM `fun_admin` [ RunTime:0.0035s ]
SQL: SELECT * FROM `fun_admin` WHERE `adminId` = 1  [ RunTime:0.0005s ]
NOTIC: [8] Undefined index: name D:\myphp_www\PHPTutorial\WWW\Fun\Application\Admin\Controller\ManagementController.class.php 第 42 行.
INFO: [ view_parse ] --START--
INFO: [ template_filter ] --START--
INFO: Run Behavior\ContentReplaceBehavior [ RunTime:0.000500s ]
INFO: [ template_filter ] --END-- [ RunTime:0.000500s ]
INFO: Run Behavior\ParseTemplateBehavior [ RunTime:0.009501s ]
INFO: [ view_parse ] --END-- [ RunTime:0.009501s ]
INFO: [ view_filter ] --START--
INFO: Run Behavior\WriteHtmlCacheBehavior [ RunTime:0.000500s ]
INFO: [ view_filter ] --END-- [ RunTime:0.000500s ]
INFO: [ app_end ] --START--
INFO: Run Behavior\ShowPageTraceBehavior [ RunTime:0.001001s ]
INFO: [ app_end ] --END-- [ RunTime:0.001001s ]

[ 2018-11-14T15:16:29+08:00 ] ::1 /Fun/Admin/Management/editManagement.html
INFO: [ app_begin ] --START--
INFO: Run Behavior\ReadHtmlCacheBehavior [ RunTime:0.000500s ]
INFO: [ app_begin ] --END-- [ RunTime:0.001000s ]
SQL: SHOW COLUMNS FROM `fun_admin` [ RunTime:0.0035s ]
SQL: SELECT * FROM `fun_admin` WHERE `adminId` = 1  [ RunTime:0.0000s ]

[ 2018-11-14T15:16:51+08:00 ] ::1 /Fun/Admin/Management/editManagement.html
INFO: [ app_begin ] --START--
INFO: Run Behavior\ReadHtmlCacheBehavior [ RunTime:0.000500s ]
INFO: [ app_begin ] --END-- [ RunTime:0.001501s ]

[ 2018-11-14T15:16:55+08:00 ] ::1 /Fun/Admin/Management/editManagement.html
INFO: [ app_begin ] --START--
INFO: Run Behavior\ReadHtmlCacheBehavior [ RunTime:0.001000s ]
INFO: [ app_begin ] --END-- [ RunTime:0.001500s ]

[ 2018-11-14T15:17:12+08:00 ] ::1 /Fun/Admin/Management/editManagement.html
INFO: [ app_begin ] --START--
INFO: Run Behavior\ReadHtmlCacheBehavior [ RunTime:0.000500s ]
INFO: [ app_begin ] --END-- [ RunTime:0.001000s ]

[ 2018-11-14T15:17:17+08:00 ] ::1 /Fun/Admin/Management/editManagement.html
INFO: [ app_begin ] --START--
INFO: Run Behavior\ReadHtmlCacheBehavior [ RunTime:0.000500s ]
INFO: [ app_begin ] --END-- [ RunTime:0.001500s ]

[ 2018-11-14T15:17:19+08:00 ] ::1 /Fun/Admin/Management/editManagement.html
INFO: [ app_begin ] --START--
INFO: Run Behavior\ReadHtmlCacheBehavior [ RunTime:0.001001s ]
INFO: [ app_begin ] --END-- [ RunTime:0.001001s ]

[ 2018-11-14T15:18:57+08:00 ] ::1 /Fun/Admin/Management/editManagement.html
INFO: [ app_begin ] --START--
INFO: Run Behavior\ReadHtmlCacheBehavior [ RunTime:0.001000s ]
INFO: [ app_begin ] --END-- [ RunTime:0.001500s ]

[ 2018-11-14T15:19:53+08:00 ] ::1 /Fun/Admin/Management/editManagement.html
INFO: [ app_begin ] --START--
INFO: Run Behavior\ReadHtmlCacheBehavior [ RunTime:0.000500s ]
INFO: [ app_begin ] --END-- [ RunTime:0.001000s ]

[ 2018-11-14T15:19:57+08:00 ] ::1 /Fun/Admin/Management/editManagement.html
INFO: [ app_begin ] --START--
INFO: Run Behavior\ReadHtmlCacheBehavior [ RunTime:0.001000s ]
INFO: [ app_begin ] --END-- [ RunTime:0.001500s ]

[ 2018-11-14T15:21:14+08:00 ] ::1 /Fun/Admin/Management/editManagement.html
INFO: [ app_begin ] --START--
INFO: Run Behavior\ReadHtmlCacheBehavior [ RunTime:0.001000s ]
INFO: [ app_begin ] --END-- [ RunTime:0.001000s ]

[ 2018-11-14T15:21:17+08:00 ] ::1 /Fun/Admin/Management/editManagement.html
INFO: [ app_begin ] --START--
INFO: Run Behavior\ReadHtmlCacheBehavior [ RunTime:0.000500s ]
INFO: [ app_begin ] --END-- [ RunTime:0.001000s ]

[ 2018-11-14T15:21:42+08:00 ] ::1 /Fun/Admin/Management/editManagement.html
INFO: [ app_begin ] --START--
INFO: Run Behavior\ReadHtmlCacheBehavior [ RunTime:0.000500s ]
INFO: [ app_begin ] --END-- [ RunTime:0.001000s ]

[ 2018-11-14T15:22:02+08:00 ] ::1 /Fun/Admin/Management/editManagement.html
INFO: [ app_begin ] --START--
INFO: Run Behavior\ReadHtmlCacheBehavior [ RunTime:0.000500s ]
INFO: [ app_begin ] --END-- [ RunTime:0.002000s ]

[ 2018-11-14T15:22:35+08:00 ] ::1 /Fun/Admin/Management/editManagement.html
INFO: [ app_begin ] --START--
INFO: Run Behavior\ReadHtmlCacheBehavior [ RunTime:0.000500s ]
INFO: [ app_begin ] --END-- [ RunTime:0.001000s ]

[ 2018-11-14T15:23:15+08:00 ] ::1 /Fun/Admin/Management/editManagement.html
INFO: [ app_begin ] --START--
INFO: Run Behavior\ReadHtmlCacheBehavior [ RunTime:0.000500s ]
INFO: [ app_begin ] --END-- [ RunTime:0.001001s ]

[ 2018-11-14T15:28:08+08:00 ] ::1 /Fun/Admin/Management/editManagement.html
INFO: [ app_begin ] --START--
INFO: Run Behavior\ReadHtmlCacheBehavior [ RunTime:0.000500s ]
INFO: [ app_begin ] --END-- [ RunTime:0.001000s ]

[ 2018-11-14T15:28:12+08:00 ] ::1 /Fun/Admin/Management/editManagement.html
INFO: [ app_begin ] --START--
INFO: Run Behavior\ReadHtmlCacheBehavior [ RunTime:0.001000s ]
INFO: [ app_begin ] --END-- [ RunTime:0.001500s ]

[ 2018-11-14T15:29:04+08:00 ] ::1 /Fun/Admin/Management/editManagement.html
INFO: [ app_begin ] --START--
INFO: Run Behavior\ReadHtmlCacheBehavior [ RunTime:0.000500s ]
INFO: [ app_begin ] --END-- [ RunTime:0.001000s ]

[ 2018-11-14T15:29:39+08:00 ] ::1 /Fun/Admin/Management/editManagement.html
INFO: [ app_begin ] --START--
INFO: Run Behavior\ReadHtmlCacheBehavior [ RunTime:0.000500s ]
INFO: [ app_begin ] --END-- [ RunTime:0.001000s ]

[ 2018-11-14T15:29:43+08:00 ] ::1 /Fun/Admin/Management/editManagement.html
INFO: [ app_begin ] --START--
INFO: Run Behavior\ReadHtmlCacheBehavior [ RunTime:0.000500s ]
INFO: [ app_begin ] --END-- [ RunTime:0.001000s ]

[ 2018-11-14T15:30:45+08:00 ] ::1 /Fun/Admin/Management/editManagement.html
INFO: [ app_begin ] --START--
INFO: Run Behavior\ReadHtmlCacheBehavior [ RunTime:0.001000s ]
INFO: [ app_begin ] --END-- [ RunTime:0.001000s ]

[ 2018-11-14T15:32:00+08:00 ] ::1 /Fun/Admin/Management/editManagement.html
INFO: [ app_begin ] --START--
INFO: Run Behavior\ReadHtmlCacheBehavior [ RunTime:0.001000s ]
INFO: [ app_begin ] --END-- [ RunTime:0.001500s ]

[ 2018-11-14T15:48:28+08:00 ] ::1 /Fun/Admin/Management/U('Management/editManagement','id=1')
ERR: 非法操作:U('Management

[ 2018-11-14T16:06:07+08:00 ] ::1 /Fun/Admin/Management/editManagement.html
INFO: [ app_begin ] --START--
INFO: Run Behavior\ReadHtmlCacheBehavior [ RunTime:0.000500s ]
INFO: [ app_begin ] --END-- [ RunTime:0.001000s ]

[ 2018-11-14T16:06:22+08:00 ] ::1 /Fun/Admin/Management/editManagement.html
INFO: [ app_begin ] --START--
INFO: Run Behavior\ReadHtmlCacheBehavior [ RunTime:0.000500s ]
INFO: [ app_begin ] --END-- [ RunTime:0.001000s ]
SQL: SHOW COLUMNS FROM `fun_admin` [ RunTime:0.0030s ]
SQL: SELECT * FROM `fun_admin` WHERE `adminId` = 1  [ RunTime:0.0005s ]
NOTIC: [8] Undefined index: name D:\myphp_www\PHPTutorial\WWW\Fun\Application\Admin\Controller\ManagementController.class.php 第 45 行.
INFO: [ view_parse ] --START--
INFO: [ template_filter ] --START--
INFO: Run Behavior\ContentReplaceBehavior [ RunTime:0.000000s ]
INFO: [ template_filter ] --END-- [ RunTime:0.000000s ]
INFO: Run Behavior\ParseTemplateBehavior [ RunTime:0.007501s ]
INFO: [ view_parse ] --END-- [ RunTime:0.007501s ]
INFO: [ view_filter ] --START--
INFO: Run Behavior\WriteHtmlCacheBehavior [ RunTime:0.000500s ]
INFO: [ view_filter ] --END-- [ RunTime:0.000500s ]
INFO: [ app_end ] --START--
INFO: Run Behavior\ShowPageTraceBehavior [ RunTime:0.001000s ]
INFO: [ app_end ] --END-- [ RunTime:0.001000s ]

[ 2018-11-14T16:06:26+08:00 ] ::1 /Fun/Admin/Management/editManagement.html
INFO: [ app_begin ] --START--
INFO: Run Behavior\ReadHtmlCacheBehavior [ RunTime:0.000500s ]
INFO: [ app_begin ] --END-- [ RunTime:0.001000s ]
SQL: SHOW COLUMNS FROM `fun_admin` [ RunTime:0.0040s ]
SQL: SELECT * FROM `fun_admin` WHERE `adminId` = 1  [ RunTime:0.0000s ]
NOTIC: [8] Undefined index: name D:\myphp_www\PHPTutorial\WWW\Fun\Application\Admin\Controller\ManagementController.class.php 第 45 行.
INFO: [ view_parse ] --START--
INFO: [ template_filter ] --START--
INFO: Run Behavior\ContentReplaceBehavior [ RunTime:0.000000s ]
INFO: [ template_filter ] --END-- [ RunTime:0.000000s ]
INFO: Run Behavior\ParseTemplateBehavior [ RunTime:0.007501s ]
INFO: [ view_parse ] --END-- [ RunTime:0.007501s ]
INFO: [ view_filter ] --START--
INFO: Run Behavior\WriteHtmlCacheBehavior [ RunTime:0.000500s ]
INFO: [ view_filter ] --END-- [ RunTime:0.000500s ]
INFO: [ app_end ] --START--
INFO: Run Behavior\ShowPageTraceBehavior [ RunTime:0.000501s ]
INFO: [ app_end ] --END-- [ RunTime:0.000501s ]

[ 2018-11-14T16:06:34+08:00 ] ::1 /Fun/Admin/Management/editManagement.html
INFO: [ app_begin ] --START--
INFO: Run Behavior\ReadHtmlCacheBehavior [ RunTime:0.001000s ]
INFO: [ app_begin ] --END-- [ RunTime:0.001000s ]
SQL: SHOW COLUMNS FROM `fun_admin` [ RunTime:0.0035s ]
SQL: SELECT * FROM `fun_admin` WHERE `adminId` = 1  [ RunTime:0.0000s ]
INFO: [ view_parse ] --START--
INFO: [ template_filter ] --START--
INFO: Run Behavior\ContentReplaceBehavior [ RunTime:0.000500s ]
INFO: [ template_filter ] --END-- [ RunTime:0.000500s ]
NOTIC: [8] Array to string conversion D:\myphp_www\PHPTutorial\WWW\Fun\Application\Runtime\Cache\Admin\c7ce7e4b3892d107a71a566baf708426.php 第 30 行.
NOTIC: [8] Undefined index: adminname D:\myphp_www\PHPTutorial\WWW\Fun\Application\Runtime\Cache\Admin\c7ce7e4b3892d107a71a566baf708426.php 第 30 行.
INFO: Run Behavior\ParseTemplateBehavior [ RunTime:0.008001s ]
INFO: [ view_parse ] --END-- [ RunTime:0.008001s ]
INFO: [ view_filter ] --START--
INFO: Run Behavior\WriteHtmlCacheBehavior [ RunTime:0.000500s ]
INFO: [ view_filter ] --END-- [ RunTime:0.000500s ]
INFO: [ app_end ] --START--
INFO: Run Behavior\ShowPageTraceBehavior [ RunTime:0.001000s ]
INFO: [ app_end ] --END-- [ RunTime:0.001000s ]

[ 2018-11-14T16:06:40+08:00 ] ::1 /Fun/Admin/Management/editManagement.html
INFO: [ app_begin ] --START--
INFO: Run Behavior\ReadHtmlCacheBehavior [ RunTime:0.001000s ]
INFO: [ app_begin ] --END-- [ RunTime:0.001500s ]
SQL: SHOW COLUMNS FROM `fun_admin` [ RunTime:0.0035s ]
SQL: SELECT * FROM `fun_admin` WHERE `adminId` = 1  [ RunTime:0.0000s ]
INFO: [ view_parse ] --START--
INFO: [ template_filter ] --START--
INFO: Run Behavior\ContentReplaceBehavior [ RunTime:0.000500s ]
INFO: [ template_filter ] --END-- [ RunTime:0.000500s ]
NOTIC: [8] Array to string conversion D:\myphp_www\PHPTutorial\WWW\Fun\Application\Runtime\Cache\Admin\c7ce7e4b3892d107a71a566baf708426.php 第 30 行.
NOTIC: [8] Undefined index: adminname D:\myphp_www\PHPTutorial\WWW\Fun\Application\Runtime\Cache\Admin\c7ce7e4b3892d107a71a566baf708426.php 第 30 行.
INFO: Run Behavior\ParseTemplateBehavior [ RunTime:0.008001s ]
INFO: [ view_parse ] --END-- [ RunTime:0.008001s ]
INFO: [ view_filter ] --START--
INFO: Run Behavior\WriteHtmlCacheBehavior [ RunTime:0.000500s ]
INFO: [ view_filter ] --END-- [ RunTime:0.000500s ]
INFO: [ app_end ] --START--
INFO: Run Behavior\ShowPageTraceBehavior [ RunTime:0.001000s ]
INFO: [ app_end ] --END-- [ RunTime:0.001000s ]

[ 2018-11-14T16:09:16+08:00 ] ::1 /Fun/Admin/Management/editManagement.html
INFO: [ app_begin ] --START--
INFO: Run Behavior\ReadHtmlCacheBehavior [ RunTime:0.000500s ]
INFO: [ app_begin ] --END-- [ RunTime:0.001000s ]
SQL: SHOW COLUMNS FROM `fun_admin` [ RunTime:0.0030s ]
SQL: SELECT * FROM `fun_admin` WHERE `adminId` = 1  [ RunTime:0.0000s ]
INFO: [ view_parse ] --START--
INFO: [ template_filter ] --START--
INFO: Run Behavior\ContentReplaceBehavior [ RunTime:0.000000s ]
INFO: [ template_filter ] --END-- [ RunTime:0.000000s ]
NOTIC: [8] Array to string conversion D:\myphp_www\PHPTutorial\WWW\Fun\Application\Runtime\Cache\Admin\c7ce7e4b3892d107a71a566baf708426.php 第 30 行.
NOTIC: [8] Undefined index: adminname D:\myphp_www\PHPTutorial\WWW\Fun\Application\Runtime\Cache\Admin\c7ce7e4b3892d107a71a566baf708426.php 第 30 行.
INFO: Run Behavior\ParseTemplateBehavior [ RunTime:0.008001s ]
INFO: [ view_parse ] --END-- [ RunTime:0.008001s ]
INFO: [ view_filter ] --START--
INFO: Run Behavior\WriteHtmlCacheBehavior [ RunTime:0.000500s ]
INFO: [ view_filter ] --END-- [ RunTime:0.000500s ]
INFO: [ app_end ] --START--
INFO: Run Behavior\ShowPageTraceBehavior [ RunTime:0.001000s ]
INFO: [ app_end ] --END-- [ RunTime:0.001000s ]

[ 2018-11-14T16:10:02+08:00 ] ::1 /Fun/Admin/Management/editManagement.html
INFO: [ app_begin ] --START--
INFO: Run Behavior\ReadHtmlCacheBehavior [ RunTime:0.001500s ]
INFO: [ app_begin ] --END-- [ RunTime:0.002500s ]

[ 2018-11-14T16:12:25+08:00 ] ::1 /Fun/Admin/Management/editManagement.html
INFO: [ app_begin ] --START--
INFO: Run Behavior\ReadHtmlCacheBehavior [ RunTime:0.000501s ]
INFO: [ app_begin ] --END-- [ RunTime:0.001001s ]

[ 2018-11-14T16:12:29+08:00 ] ::1 /Fun/Admin/Management/editManagement.html
INFO: [ app_begin ] --START--
INFO: Run Behavior\ReadHtmlCacheBehavior [ RunTime:0.000500s ]
INFO: [ app_begin ] --END-- [ RunTime:0.001000s ]

[ 2018-11-14T16:12:30+08:00 ] ::1 /Fun/Admin/Management/editManagement.html
INFO: [ app_begin ] --START--
INFO: Run Behavior\ReadHtmlCacheBehavior [ RunTime:0.000500s ]
INFO: [ app_begin ] --END-- [ RunTime:0.001000s ]

[ 2018-11-14T16:12:30+08:00 ] ::1 /Fun/Admin/Management/editManagement.html
INFO: [ app_begin ] --START--
INFO: Run Behavior\ReadHtmlCacheBehavior [ RunTime:0.000500s ]
INFO: [ app_begin ] --END-- [ RunTime:0.001000s ]

[ 2018-11-14T16:12:48+08:00 ] ::1 /Fun/Admin/Management/editManagement.html
INFO: [ app_begin ] --START--
INFO: Run Behavior\ReadHtmlCacheBehavior [ RunTime:0.000500s ]
INFO: [ app_begin ] --END-- [ RunTime:0.001000s ]

[ 2018-11-14T16:12:51+08:00 ] ::1 /Fun/Admin/Management/editManagement.html
INFO: [ app_begin ] --START--
INFO: Run Behavior\ReadHtmlCacheBehavior [ RunTime:0.000500s ]
INFO: [ app_begin ] --END-- [ RunTime:0.001000s ]

[ 2018-11-14T16:14:39+08:00 ] ::1 /Fun/Admin/Management/editManagement.html
INFO: [ app_begin ] --START--
INFO: Run Behavior\ReadHtmlCacheBehavior [ RunTime:0.000500s ]
INFO: [ app_begin ] --END-- [ RunTime:0.001000s ]
SQL: SHOW COLUMNS FROM `fun_admin` [ RunTime:0.0040s ]
SQL: SELECT * FROM `fun_admin` WHERE `adminId` = 1  [ RunTime:0.0005s ]
INFO: [ view_parse ] --START--
INFO: [ template_filter ] --START--
INFO: Run Behavior\ContentReplaceBehavior [ RunTime:0.000000s ]
INFO: [ template_filter ] --END-- [ RunTime:0.000000s ]
NOTIC: [8] Array to string conversion D:\myphp_www\PHPTutorial\WWW\Fun\Application\Runtime\Cache\Admin\c7ce7e4b3892d107a71a566baf708426.php 第 30 行.
NOTIC: [8] Undefined index: adminname D:\myphp_www\PHPTutorial\WWW\Fun\Application\Runtime\Cache\Admin\c7ce7e4b3892d107a71a566baf708426.php 第 30 行.
INFO: Run Behavior\ParseTemplateBehavior [ RunTime:0.008001s ]
INFO: [ view_parse ] --END-- [ RunTime:0.008001s ]
INFO: [ view_filter ] --START--
INFO: Run Behavior\WriteHtmlCacheBehavior [ RunTime:0.000500s ]
INFO: [ view_filter ] --END-- [ RunTime:0.000500s ]
INFO: [ app_end ] --START--
INFO: Run Behavior\ShowPageTraceBehavior [ RunTime:0.000500s ]
INFO: [ app_end ] --END-- [ RunTime:0.000500s ]

[ 2018-11-14T16:14:39+08:00 ] ::1 /Fun/Admin/Management/Management/editManagement
ERR: 非法操作:Management

[ 2018-11-14T16:15:07+08:00 ] ::1 /Fun/Admin/Management/editManagement.html
INFO: [ app_begin ] --START--
INFO: Run Behavior\ReadHtmlCacheBehavior [ RunTime:0.000500s ]
INFO: [ app_begin ] --END-- [ RunTime:0.001000s ]
SQL: SHOW COLUMNS FROM `fun_admin` [ RunTime:0.0030s ]
SQL: SELECT * FROM `fun_admin` WHERE `adminId` = 1  [ RunTime:0.0005s ]
INFO: [ view_parse ] --START--
INFO: [ template_filter ] --START--
INFO: Run Behavior\ContentReplaceBehavior [ RunTime:0.000000s ]
INFO: [ template_filter ] --END-- [ RunTime:0.000000s ]
NOTIC: [8] Array to string conversion D:\myphp_www\PHPTutorial\WWW\Fun\Application\Runtime\Cache\Admin\c7ce7e4b3892d107a71a566baf708426.php 第 30 行.
NOTIC: [8] Undefined index: adminname D:\myphp_www\PHPTutorial\WWW\Fun\Application\Runtime\Cache\Admin\c7ce7e4b3892d107a71a566baf708426.php 第 30 行.
INFO: Run Behavior\ParseTemplateBehavior [ RunTime:0.007501s ]
INFO: [ view_parse ] --END-- [ RunTime:0.007501s ]
INFO: [ view_filter ] --START--
INFO: Run Behavior\WriteHtmlCacheBehavior [ RunTime:0.001000s ]
INFO: [ view_filter ] --END-- [ RunTime:0.001000s ]
INFO: [ app_end ] --START--
INFO: Run Behavior\ShowPageTraceBehavior [ RunTime:0.001000s ]
INFO: [ app_end ] --END-- [ RunTime:0.001000s ]

[ 2018-11-14T16:15:50+08:00 ] ::1 /Fun/Admin/Management/editManagement.html
INFO: [ app_begin ] --START--
INFO: Run Behavior\ReadHtmlCacheBehavior [ RunTime:0.000500s ]
INFO: [ app_begin ] --END-- [ RunTime:0.001000s ]
SQL: SHOW COLUMNS FROM `fun_admin` [ RunTime:0.0035s ]
SQL: SELECT * FROM `fun_admin` WHERE `adminId` = 1  [ RunTime:0.0005s ]
INFO: [ view_parse ] --START--
INFO: [ template_filter ] --START--
INFO: Run Behavior\ContentReplaceBehavior [ RunTime:0.000000s ]
INFO: [ template_filter ] --END-- [ RunTime:0.000000s ]
NOTIC: [2] Illegal string offset 'adminname' D:\myphp_www\PHPTutorial\WWW\Fun\Application\Runtime\Cache\Admin\c7ce7e4b3892d107a71a566baf708426.php 第 30 行.
INFO: Run Behavior\ParseTemplateBehavior [ RunTime:0.007501s ]
INFO: [ view_parse ] --END-- [ RunTime:0.007501s ]
INFO: [ view_filter ] --START--
INFO: Run Behavior\WriteHtmlCacheBehavior [ RunTime:0.000500s ]
INFO: [ view_filter ] --END-- [ RunTime:0.000500s ]
INFO: [ app_end ] --START--
INFO: Run Behavior\ShowPageTraceBehavior [ RunTime:0.001000s ]
INFO: [ app_end ] --END-- [ RunTime:0.001000s ]

[ 2018-11-14T17:28:18+08:00 ] ::1 /Fun/Admin/Management/editManagement.html
INFO: [ app_begin ] --START--
INFO: Run Behavior\ReadHtmlCacheBehavior [ RunTime:0.000500s ]
INFO: [ app_begin ] --END-- [ RunTime:0.001000s ]
SQL: SHOW COLUMNS FROM `fun_admin` [ RunTime:0.0035s ]
SQL: SELECT * FROM `fun_admin` WHERE `adminId` = 1  [ RunTime:0.0000s ]
INFO: [ view_parse ] --START--
INFO: [ template_filter ] --START--
INFO: Run Behavior\ContentReplaceBehavior [ RunTime:0.000000s ]
INFO: [ template_filter ] --END-- [ RunTime:0.000000s ]
NOTIC: [2] Illegal string offset 'adminname' D:\myphp_www\PHPTutorial\WWW\Fun\Application\Runtime\Cache\Admin\c7ce7e4b3892d107a71a566baf708426.php 第 30 行.
INFO: Run Behavior\ParseTemplateBehavior [ RunTime:0.008501s ]
INFO: [ view_parse ] --END-- [ RunTime:0.008501s ]
INFO: [ view_filter ] --START--
INFO: Run Behavior\WriteHtmlCacheBehavior [ RunTime:0.000500s ]
INFO: [ view_filter ] --END-- [ RunTime:0.000500s ]
INFO: [ app_end ] --START--
INFO: Run Behavior\ShowPageTraceBehavior [ RunTime:0.000501s ]
INFO: [ app_end ] --END-- [ RunTime:0.000501s ]

[ 2018-11-14T17:46:39+08:00 ] ::1 /Fun/Admin/Management/editManagement.html
INFO: [ app_begin ] --START--
INFO: Run Behavior\ReadHtmlCacheBehavior [ RunTime:0.001000s ]
INFO: [ app_begin ] --END-- [ RunTime:0.001500s ]
SQL: SHOW COLUMNS FROM `fun_admin` [ RunTime:0.0030s ]
SQL: SELECT * FROM `fun_admin` WHERE `adminId` = 1  [ RunTime:0.0000s ]
INFO: [ view_parse ] --START--
INFO: [ template_filter ] --START--
INFO: Run Behavior\ContentReplaceBehavior [ RunTime:0.000500s ]
INFO: [ template_filter ] --END-- [ RunTime:0.000500s ]
NOTIC: [2] Illegal string offset 'adminname' D:\myphp_www\PHPTutorial\WWW\Fun\Application\Runtime\Cache\Admin\c7ce7e4b3892d107a71a566baf708426.php 第 30 行.
INFO: Run Behavior\ParseTemplateBehavior [ RunTime:0.008502s ]
INFO: [ view_parse ] --END-- [ RunTime:0.008502s ]
INFO: [ view_filter ] --START--
INFO: Run Behavior\WriteHtmlCacheBehavior [ RunTime:0.000500s ]
INFO: [ view_filter ] --END-- [ RunTime:0.000500s ]
INFO: [ app_end ] --START--
INFO: Run Behavior\ShowPageTraceBehavior [ RunTime:0.001000s ]
INFO: [ app_end ] --END-- [ RunTime:0.001000s ]

[ 2018-11-14T17:48:10+08:00 ] ::1 /Fun/Admin/Management/editManagement.html
INFO: [ app_begin ] --START--
INFO: Run Behavior\ReadHtmlCacheBehavior [ RunTime:0.000500s ]
INFO: [ app_begin ] --END-- [ RunTime:0.001000s ]
SQL: SHOW COLUMNS FROM `fun_admin` [ RunTime:0.0050s ]
SQL: SELECT * FROM `fun_admin` WHERE `adminId` = 1  [ RunTime:0.0005s ]
INFO: [ view_parse ] --START--
INFO: [ template_filter ] --START--
INFO: Run Behavior\ContentReplaceBehavior [ RunTime:0.000000s ]
INFO: [ template_filter ] --END-- [ RunTime:0.000000s ]
NOTIC: [2] Illegal string offset 'adminname' D:\myphp_www\PHPTutorial\WWW\Fun\Application\Runtime\Cache\Admin\c7ce7e4b3892d107a71a566baf708426.php 第 30 行.
INFO: Run Behavior\ParseTemplateBehavior [ RunTime:0.008501s ]
INFO: [ view_parse ] --END-- [ RunTime:0.008501s ]
INFO: [ view_filter ] --START--
INFO: Run Behavior\WriteHtmlCacheBehavior [ RunTime:0.000000s ]
INFO: [ view_filter ] --END-- [ RunTime:0.000500s ]
INFO: [ app_end ] --START--
INFO: Run Behavior\ShowPageTraceBehavior [ RunTime:0.000500s ]
INFO: [ app_end ] --END-- [ RunTime:0.000500s ]

[ 2018-11-14T20:12:02+08:00 ] ::1 /Fun/Admin/Management/editManagement.html
INFO: [ app_begin ] --START--
INFO: Run Behavior\ReadHtmlCacheBehavior [ RunTime:0.001000s ]
INFO: [ app_begin ] --END-- [ RunTime:0.001500s ]
SQL: SHOW COLUMNS FROM `fun_admin` [ RunTime:0.0035s ]
SQL: SELECT * FROM `fun_admin` WHERE `adminId` = 0  [ RunTime:0.0000s ]
INFO: [ view_parse ] --START--
INFO: [ template_filter ] --START--
INFO: Run Behavior\ContentReplaceBehavior [ RunTime:0.000000s ]
INFO: [ template_filter ] --END-- [ RunTime:0.000000s ]
NOTIC: [2] Illegal string offset 'adminname' D:\myphp_www\PHPTutorial\WWW\Fun\Application\Runtime\Cache\Admin\c7ce7e4b3892d107a71a566baf708426.php 第 30 行.
NOTIC: [8] Uninitialized string offset: 0 D:\myphp_www\PHPTutorial\WWW\Fun\Application\Runtime\Cache\Admin\c7ce7e4b3892d107a71a566baf708426.php 第 30 行.
INFO: Run Behavior\ParseTemplateBehavior [ RunTime:0.008001s ]
INFO: [ view_parse ] --END-- [ RunTime:0.008001s ]
INFO: [ view_filter ] --START--
INFO: Run Behavior\WriteHtmlCacheBehavior [ RunTime:0.000500s ]
INFO: [ view_filter ] --END-- [ RunTime:0.000500s ]
INFO: [ app_end ] --START--
INFO: Run Behavior\ShowPageTraceBehavior [ RunTime:0.001000s ]
INFO: [ app_end ] --END-- [ RunTime:0.001000s ]

[ 2018-11-14T20:12:02+08:00 ] ::1 /Fun/Admin/Management/editManagement.htmlArray
ERR: 非法操作:editManagement.htmlArray

[ 2018-11-14T20:12:21+08:00 ] ::1 /Fun/Admin/Management/editManagement.html
INFO: [ app_begin ] --START--
INFO: Run Behavior\ReadHtmlCacheBehavior [ RunTime:0.000500s ]
INFO: [ app_begin ] --END-- [ RunTime:0.001000s ]
SQL: SHOW COLUMNS FROM `fun_admin` [ RunTime:0.0060s ]
SQL: SELECT * FROM `fun_admin` WHERE `adminId` = 0  [ RunTime:0.0000s ]
INFO: [ view_parse ] --START--
INFO: [ template_filter ] --START--
INFO: Run Behavior\ContentReplaceBehavior [ RunTime:0.000000s ]
INFO: [ template_filter ] --END-- [ RunTime:0.000000s ]
NOTIC: [2] Illegal string offset 'adminname' D:\myphp_www\PHPTutorial\WWW\Fun\Application\Runtime\Cache\Admin\c7ce7e4b3892d107a71a566baf708426.php 第 30 行.
NOTIC: [8] Uninitialized string offset: 0 D:\myphp_www\PHPTutorial\WWW\Fun\Application\Runtime\Cache\Admin\c7ce7e4b3892d107a71a566baf708426.php 第 30 行.
INFO: Run Behavior\ParseTemplateBehavior [ RunTime:0.008001s ]
INFO: [ view_parse ] --END-- [ RunTime:0.008001s ]
INFO: [ view_filter ] --START--
INFO: Run Behavior\WriteHtmlCacheBehavior [ RunTime:0.000500s ]
INFO: [ view_filter ] --END-- [ RunTime:0.000500s ]
INFO: [ app_end ] --START--
INFO: Run Behavior\ShowPageTraceBehavior [ RunTime:0.000500s ]
INFO: [ app_end ] --END-- [ RunTime:0.000500s ]

[ 2018-11-14T20:12:43+08:00 ] ::1 /Fun/Admin/Management/editManagement.html
INFO: [ app_begin ] --START--
INFO: Run Behavior\ReadHtmlCacheBehavior [ RunTime:0.000500s ]
INFO: [ app_begin ] --END-- [ RunTime:0.001000s ]
SQL: SHOW COLUMNS FROM `fun_admin` [ RunTime:0.0030s ]
SQL: SELECT * FROM `fun_admin` WHERE `adminId` = 0  [ RunTime:0.0000s ]
INFO: [ view_parse ] --START--
INFO: [ template_filter ] --START--
INFO: Run Behavior\ContentReplaceBehavior [ RunTime:0.000000s ]
INFO: [ template_filter ] --END-- [ RunTime:0.000000s ]
NOTIC: [2] Illegal string offset 'adminname' D:\myphp_www\PHPTutorial\WWW\Fun\Application\Runtime\Cache\Admin\c7ce7e4b3892d107a71a566baf708426.php 第 30 行.
NOTIC: [8] Uninitialized string offset: 0 D:\myphp_www\PHPTutorial\WWW\Fun\Application\Runtime\Cache\Admin\c7ce7e4b3892d107a71a566baf708426.php 第 30 行.
INFO: Run Behavior\ParseTemplateBehavior [ RunTime:0.007501s ]
INFO: [ view_parse ] --END-- [ RunTime:0.007501s ]
INFO: [ view_filter ] --START--
INFO: Run Behavior\WriteHtmlCacheBehavior [ RunTime:0.000500s ]
INFO: [ view_filter ] --END-- [ RunTime:0.000500s ]
INFO: [ app_end ] --START--
INFO: Run Behavior\ShowPageTraceBehavior [ RunTime:0.000500s ]
INFO: [ app_end ] --END-- [ RunTime:0.001000s ]

[ 2018-11-14T20:12:43+08:00 ] ::1 /Fun/Admin/Management/editManagement.htmlArray
ERR: 非法操作:editManagement.htmlArray

[ 2018-11-14T20:13:16+08:00 ] ::1 /Fun/Admin/Management/editManagement.html
INFO: [ app_begin ] --START--
INFO: Run Behavior\ReadHtmlCacheBehavior [ RunTime:0.001000s ]
INFO: [ app_begin ] --END-- [ RunTime:0.001000s ]
SQL: SHOW COLUMNS FROM `fun_admin` [ RunTime:0.0035s ]
SQL: SELECT * FROM `fun_admin` WHERE `adminId` = 0  [ RunTime:0.0005s ]
INFO: [ view_parse ] --START--
INFO: [ template_filter ] --START--
INFO: Run Behavior\ContentReplaceBehavior [ RunTime:0.000000s ]
INFO: [ template_filter ] --END-- [ RunTime:0.000000s ]
NOTIC: [2] Illegal string offset 'adminname' D:\myphp_www\PHPTutorial\WWW\Fun\Application\Runtime\Cache\Admin\c7ce7e4b3892d107a71a566baf708426.php 第 30 行.
NOTIC: [8] Uninitialized string offset: 0 D:\myphp_www\PHPTutorial\WWW\Fun\Application\Runtime\Cache\Admin\c7ce7e4b3892d107a71a566baf708426.php 第 30 行.
INFO: Run Behavior\ParseTemplateBehavior [ RunTime:0.007501s ]
INFO: [ view_parse ] --END-- [ RunTime:0.007501s ]
INFO: [ view_filter ] --START--
INFO: Run Behavior\WriteHtmlCacheBehavior [ RunTime:0.000500s ]
INFO: [ view_filter ] --END-- [ RunTime:0.000500s ]
INFO: [ app_end ] --START--
INFO: Run Behavior\ShowPageTraceBehavior [ RunTime:0.000500s ]
INFO: [ app_end ] --END-- [ RunTime:0.001000s ]

[ 2018-11-14T20:13:31+08:00 ] ::1 /Fun/Admin/Management/editManagement.html
INFO: [ app_begin ] --START--
INFO: Run Behavior\ReadHtmlCacheBehavior [ RunTime:0.001000s ]
INFO: [ app_begin ] --END-- [ RunTime:0.001000s ]
SQL: SHOW COLUMNS FROM `fun_admin` [ RunTime:0.0030s ]
SQL: SELECT * FROM `fun_admin` WHERE `adminId` = 0  [ RunTime:0.0005s ]
INFO: [ view_parse ] --START--
INFO: [ template_filter ] --START--
INFO: Run Behavior\ContentReplaceBehavior [ RunTime:0.000000s ]
INFO: [ template_filter ] --END-- [ RunTime:0.000000s ]
NOTIC: [2] Illegal string offset 'adminname' D:\myphp_www\PHPTutorial\WWW\Fun\Application\Runtime\Cache\Admin\c7ce7e4b3892d107a71a566baf708426.php 第 30 行.
NOTIC: [8] Uninitialized string offset: 0 D:\myphp_www\PHPTutorial\WWW\Fun\Application\Runtime\Cache\Admin\c7ce7e4b3892d107a71a566baf708426.php 第 30 行.
INFO: Run Behavior\ParseTemplateBehavior [ RunTime:0.008001s ]
INFO: [ view_parse ] --END-- [ RunTime:0.008001s ]
INFO: [ view_filter ] --START--
INFO: Run Behavior\WriteHtmlCacheBehavior [ RunTime:0.000500s ]
INFO: [ view_filter ] --END-- [ RunTime:0.000500s ]
INFO: [ app_end ] --START--
INFO: Run Behavior\ShowPageTraceBehavior [ RunTime:0.000500s ]
INFO: [ app_end ] --END-- [ RunTime:0.000500s ]

[ 2018-11-14T20:14:08+08:00 ] ::1 /Fun/Admin/Management/editManagement.html
INFO: [ app_begin ] --START--
INFO: Run Behavior\ReadHtmlCacheBehavior [ RunTime:0.001000s ]
INFO: [ app_begin ] --END-- [ RunTime:0.001500s ]
SQL: SHOW COLUMNS FROM `fun_admin` [ RunTime:0.0030s ]
SQL: SELECT * FROM `fun_admin` WHERE `adminId` = 0  [ RunTime:0.0000s ]
INFO: [ view_parse ] --START--
INFO: [ template_filter ] --START--
INFO: Run Behavior\ContentReplaceBehavior [ RunTime:0.000000s ]
INFO: [ template_filter ] --END-- [ RunTime:0.000000s ]
NOTIC: [2] Illegal string offset 'adminname' D:\myphp_www\PHPTutorial\WWW\Fun\Application\Runtime\Cache\Admin\c7ce7e4b3892d107a71a566baf708426.php 第 30 行.
NOTIC: [8] Uninitialized string offset: 0 D:\myphp_www\PHPTutorial\WWW\Fun\Application\Runtime\Cache\Admin\c7ce7e4b3892d107a71a566baf708426.php 第 30 行.
INFO: Run Behavior\ParseTemplateBehavior [ RunTime:0.007501s ]
INFO: [ view_parse ] --END-- [ RunTime:0.007501s ]
INFO: [ view_filter ] --START--
INFO: Run Behavior\WriteHtmlCacheBehavior [ RunTime:0.000500s ]
INFO: [ view_filter ] --END-- [ RunTime:0.000500s ]
INFO: [ app_end ] --START--
INFO: Run Behavior\ShowPageTraceBehavior [ RunTime:0.001000s ]
INFO: [ app_end ] --END-- [ RunTime:0.001000s ]

[ 2018-11-14T20:15:28+08:00 ] ::1 /Fun/Admin/Management/editManagement.html
INFO: [ app_begin ] --START--
INFO: Run Behavior\ReadHtmlCacheBehavior [ RunTime:0.000500s ]
INFO: [ app_begin ] --END-- [ RunTime:0.001000s ]
SQL: SHOW COLUMNS FROM `fun_admin` [ RunTime:0.0030s ]
SQL: SELECT * FROM `fun_admin` WHERE `adminId` = 0  [ RunTime:0.0005s ]
INFO: [ app_end ] --START--
INFO: Run Behavior\ShowPageTraceBehavior [ RunTime:0.001000s ]
INFO: [ app_end ] --END-- [ RunTime:0.001000s ]

[ 2018-11-14T20:16:24+08:00 ] ::1 /Fun/Admin/Management/editManagement.html
INFO: [ app_begin ] --START--
INFO: Run Behavior\ReadHtmlCacheBehavior [ RunTime:0.000500s ]
INFO: [ app_begin ] --END-- [ RunTime:0.001000s ]
SQL: SHOW COLUMNS FROM `fun_admin` [ RunTime:0.0035s ]
SQL: SELECT * FROM `fun_admin` WHERE `adminId` = 0  [ RunTime:0.0005s ]

[ 2018-11-14T20:16:34+08:00 ] ::1 /Fun/Admin/Management/editManagement.html
INFO: [ app_begin ] --START--
INFO: Run Behavior\ReadHtmlCacheBehavior [ RunTime:0.000500s ]
INFO: [ app_begin ] --END-- [ RunTime:0.001501s ]
SQL: SHOW COLUMNS FROM `fun_admin` [ RunTime:0.0035s ]
SQL: SELECT * FROM `fun_admin` WHERE `adminId` = 0  [ RunTime:0.0000s ]

[ 2018-11-14T20:16:45+08:00 ] ::1 /Fun/Admin/Management/editManagement.html
INFO: [ app_begin ] --START--
INFO: Run Behavior\ReadHtmlCacheBehavior [ RunTime:0.001000s ]
INFO: [ app_begin ] --END-- [ RunTime:0.001000s ]

[ 2018-11-14T20:17:00+08:00 ] ::1 /Fun/Admin/Management/editManagement.html
INFO: [ app_begin ] --START--
INFO: Run Behavior\ReadHtmlCacheBehavior [ RunTime:0.000500s ]
INFO: [ app_begin ] --END-- [ RunTime:0.001001s ]

[ 2018-11-14T20:17:25+08:00 ] ::1 /Fun/Admin/Management/editManagement.html
INFO: [ app_begin ] --START--
INFO: Run Behavior\ReadHtmlCacheBehavior [ RunTime:0.000500s ]
INFO: [ app_begin ] --END-- [ RunTime:0.001000s ]

[ 2018-11-14T20:17:37+08:00 ] ::1 /Fun/Admin/Management/editManagement.html
INFO: [ app_begin ] --START--
INFO: Run Behavior\ReadHtmlCacheBehavior [ RunTime:0.000500s ]
INFO: [ app_begin ] --END-- [ RunTime:0.001000s ]

[ 2018-11-14T20:17:58+08:00 ] ::1 /Fun/Admin/Management/editManagement.html
INFO: [ app_begin ] --START--
INFO: Run Behavior\ReadHtmlCacheBehavior [ RunTime:0.001000s ]
INFO: [ app_begin ] --END-- [ RunTime:0.001500s ]
NOTIC: [8] Undefined index: id D:\myphp_www\PHPTutorial\WWW\Fun\Application\Admin\Controller\ManagementController.class.php 第 37 行.

[ 2018-11-14T20:18:28+08:00 ] ::1 /Fun/Admin/Management/editManagement.html
INFO: [ app_begin ] --START--
INFO: Run Behavior\ReadHtmlCacheBehavior [ RunTime:0.000500s ]
INFO: [ app_begin ] --END-- [ RunTime:0.001000s ]
NOTIC: [8] Undefined index: id D:\myphp_www\PHPTutorial\WWW\Fun\Application\Admin\Controller\ManagementController.class.php 第 37 行.

[ 2018-11-14T20:18:59+08:00 ] ::1 /Fun/Admin/Management/editManagement.html
INFO: [ app_begin ] --START--
INFO: Run Behavior\ReadHtmlCacheBehavior [ RunTime:0.000500s ]
INFO: [ app_begin ] --END-- [ RunTime:0.001000s ]
NOTIC: [8] Undefined index: id D:\myphp_www\PHPTutorial\WWW\Fun\Application\Admin\Controller\ManagementController.class.php 第 37 行.

[ 2018-11-14T20:19:02+08:00 ] ::1 /Fun/Admin/Management/editManagement.html
INFO: [ app_begin ] --START--
INFO: Run Behavior\ReadHtmlCacheBehavior [ RunTime:0.000500s ]
INFO: [ app_begin ] --END-- [ RunTime:0.001000s ]
NOTIC: [8] Undefined index: id D:\myphp_www\PHPTutorial\WWW\Fun\Application\Admin\Controller\ManagementController.class.php 第 37 行.

[ 2018-11-14T20:19:10+08:00 ] ::1 /Fun/Admin/Management/editManagement.html
INFO: [ app_begin ] --START--
INFO: Run Behavior\ReadHtmlCacheBehavior [ RunTime:0.001000s ]
INFO: [ app_begin ] --END-- [ RunTime:0.001000s ]

[ 2018-11-14T20:19:25+08:00 ] ::1 /Fun/Admin/Management/editManagement.html
INFO: [ app_begin ] --START--
INFO: Run Behavior\ReadHtmlCacheBehavior [ RunTime:0.000500s ]
INFO: [ app_begin ] --END-- [ RunTime:0.001000s ]
SQL: SHOW COLUMNS FROM `fun_admin` [ RunTime:0.0035s ]
SQL: SELECT * FROM `fun_admin` WHERE `adminId` = 1  [ RunTime:0.0000s ]

[ 2018-11-14T20:19:42+08:00 ] ::1 /Fun/Admin/Management/editManagement.html
INFO: [ app_begin ] --START--
INFO: Run Behavior\ReadHtmlCacheBehavior [ RunTime:0.001000s ]
INFO: [ app_begin ] --END-- [ RunTime:0.002001s ]
SQL: SHOW COLUMNS FROM `fun_admin` [ RunTime:0.0030s ]
SQL: SELECT * FROM `fun_admin` WHERE `adminId` = 1  [ RunTime:0.0000s ]

[ 2018-11-14T20:19:51+08:00 ] ::1 /Fun/Admin/Management/editManagement.html
INFO: [ app_begin ] --START--
INFO: Run Behavior\ReadHtmlCacheBehavior [ RunTime:0.001500s ]
INFO: [ app_begin ] --END-- [ RunTime:0.002501s ]
SQL: SHOW COLUMNS FROM `fun_admin` [ RunTime:0.0035s ]
SQL: SELECT * FROM `fun_admin` WHERE `adminId` = 1  [ RunTime:0.0005s ]

[ 2018-11-14T20:20:19+08:00 ] ::1 /Fun/Admin/Management/editManagement.html
INFO: [ app_begin ] --START--
INFO: Run Behavior\ReadHtmlCacheBehavior [ RunTime:0.000500s ]
INFO: [ app_begin ] --END-- [ RunTime:0.001000s ]
SQL: SHOW COLUMNS FROM `fun_admin` [ RunTime:0.0035s ]
SQL: SELECT * FROM `fun_admin` WHERE `adminId` = 1  [ RunTime:0.0005s ]

[ 2018-11-14T20:21:42+08:00 ] ::1 /Fun/Admin/Management/editManagement.html
INFO: [ app_begin ] --START--
INFO: Run Behavior\ReadHtmlCacheBehavior [ RunTime:0.000500s ]
INFO: [ app_begin ] --END-- [ RunTime:0.001000s ]
SQL: SHOW COLUMNS FROM `fun_admin` [ RunTime:0.0040s ]
SQL: SELECT * FROM `fun_admin` WHERE `adminId` = 1  [ RunTime:0.0005s ]
INFO: [ view_parse ] --START--
INFO: [ template_filter ] --START--
INFO: Run Behavior\ContentReplaceBehavior [ RunTime:0.000000s ]
INFO: [ template_filter ] --END-- [ RunTime:0.000000s ]
NOTIC: [2] Illegal string offset 'adminname' D:\myphp_www\PHPTutorial\WWW\Fun\Application\Runtime\Cache\Admin\c7ce7e4b3892d107a71a566baf708426.php 第 30 行.
INFO: Run Behavior\ParseTemplateBehavior [ RunTime:0.008001s ]
INFO: [ view_parse ] --END-- [ RunTime:0.008001s ]
INFO: [ view_filter ] --START--
INFO: Run Behavior\WriteHtmlCacheBehavior [ RunTime:0.000500s ]
INFO: [ view_filter ] --END-- [ RunTime:0.000500s ]
INFO: [ app_end ] --START--
INFO: Run Behavior\ShowPageTraceBehavior [ RunTime:0.001000s ]
INFO: [ app_end ] --END-- [ RunTime:0.001000s ]

[ 2018-11-14T20:23:21+08:00 ] ::1 /Fun/Admin/Management/editManagement.html
INFO: [ app_begin ] --START--
INFO: Run Behavior\ReadHtmlCacheBehavior [ RunTime:0.001001s ]
INFO: [ app_begin ] --END-- [ RunTime:0.001501s ]
SQL: SHOW COLUMNS FROM `fun_admin` [ RunTime:0.0025s ]
SQL: SELECT * FROM `fun_admin` WHERE `adminId` = 1  [ RunTime:0.0000s ]

[ 2018-11-14T20:23:21+08:00 ] ::1 /Fun/Admin/Management/editManagement.htmlid=1
ERR: 非法操作:editManagement.htmlid=1

[ 2018-11-14T20:24:06+08:00 ] ::1 /Fun/Admin/Management/editManagement.html
INFO: [ app_begin ] --START--
INFO: Run Behavior\ReadHtmlCacheBehavior [ RunTime:0.001000s ]
INFO: [ app_begin ] --END-- [ RunTime:0.001501s ]
SQL: SHOW COLUMNS FROM `fun_admin` [ RunTime:0.0035s ]
SQL: SELECT * FROM `fun_admin` WHERE `adminId` = 1  [ RunTime:0.0000s ]

[ 2018-11-14T20:24:29+08:00 ] ::1 /Fun/Admin/Management/editManagement.html
INFO: [ app_begin ] --START--
INFO: Run Behavior\ReadHtmlCacheBehavior [ RunTime:0.001000s ]
INFO: [ app_begin ] --END-- [ RunTime:0.001500s ]
SQL: SHOW COLUMNS FROM `fun_admin` [ RunTime:0.0040s ]
SQL: SELECT * FROM `fun_admin` WHERE `adminId` = 1  [ RunTime:0.0005s ]

[ 2018-11-14T20:27:27+08:00 ] ::1 /Fun/Admin/Management/editManagement.html
INFO: [ app_begin ] --START--
INFO: Run Behavior\ReadHtmlCacheBehavior [ RunTime:0.001000s ]
INFO: [ app_begin ] --END-- [ RunTime:0.001000s ]
SQL: SHOW COLUMNS FROM `fun_admin` [ RunTime:0.0050s ]
SQL: SELECT * FROM `fun_admin` WHERE `adminId` = 1  [ RunTime:0.0000s ]
INFO: [ view_parse ] --START--
INFO: [ template_filter ] --START--
INFO: Run Behavior\ContentReplaceBehavior [ RunTime:0.000000s ]
INFO: [ template_filter ] --END-- [ RunTime:0.000000s ]
NOTIC: [2] Illegal string offset 'adminname' D:\myphp_www\PHPTutorial\WWW\Fun\Application\Runtime\Cache\Admin\c7ce7e4b3892d107a71a566baf708426.php 第 30 行.
INFO: Run Behavior\ParseTemplateBehavior [ RunTime:0.008501s ]
INFO: [ view_parse ] --END-- [ RunTime:0.008501s ]
INFO: [ view_filter ] --START--
INFO: Run Behavior\WriteHtmlCacheBehavior [ RunTime:0.000500s ]
INFO: [ view_filter ] --END-- [ RunTime:0.000500s ]
INFO: [ app_end ] --START--
INFO: Run Behavior\ShowPageTraceBehavior [ RunTime:0.001000s ]
INFO: [ app_end ] --END-- [ RunTime:0.001000s ]

