[ 2019-03-04T09:27:03+08:00 ] ::1 /Fun1/Admin/Record/record.html
INFO: [ app_begin ] --START--
INFO: Run Behavior\ReadHtmlCacheBehavior [ RunTime:0.001000s ]
INFO: [ app_begin ] --END-- [ RunTime:0.001000s ]
SQL: SHOW COLUMNS FROM `fun_articlelog` [ RunTime:0.0290s ]
SQL: SHOW COLUMNS FROM `fun_result` [ RunTime:0.0100s ]
SQL: SELECT COUNT(*) AS tp_count FROM `fun_articlelog` WHERE ( `createTime` >= '2019-02-26 00:00:00' AND `createTime` <= '2019-02-26 23:59:59'  ) LIMIT 1   [ RunTime:0.0080s ]
SQL: SELECT COUNT(*) AS tp_count FROM `fun_result` WHERE ( `createTime` >= '2019-02-26 00:00:00' AND `createTime` <= '2019-02-26 23:59:59'  ) LIMIT 1   [ RunTime:0.0010s ]
SQL: SELECT COUNT(*) AS tp_count FROM `fun_articlelog` WHERE ( `createTime` >= '2019-02-27 00:00:00' AND `createTime` <= '2019-02-27 23:59:59'  ) LIMIT 1   [ RunTime:0.0000s ]
SQL: SELECT COUNT(*) AS tp_count FROM `fun_result` WHERE ( `createTime` >= '2019-02-27 00:00:00' AND `createTime` <= '2019-02-27 23:59:59'  ) LIMIT 1   [ RunTime:0.0000s ]
SQL: SELECT COUNT(*) AS tp_count FROM `fun_articlelog` WHERE ( `createTime` >= '2019-02-28 00:00:00' AND `createTime` <= '2019-02-28 23:59:59'  ) LIMIT 1   [ RunTime:0.0000s ]
SQL: SELECT COUNT(*) AS tp_count FROM `fun_result` WHERE ( `createTime` >= '2019-02-28 00:00:00' AND `createTime` <= '2019-02-28 23:59:59'  ) LIMIT 1   [ RunTime:0.0000s ]
SQL: SELECT COUNT(*) AS tp_count FROM `fun_articlelog` WHERE ( `createTime` >= '2019-03-01 00:00:00' AND `createTime` <= '2019-03-01 23:59:59'  ) LIMIT 1   [ RunTime:0.0000s ]
SQL: SELECT COUNT(*) AS tp_count FROM `fun_result` WHERE ( `createTime` >= '2019-03-01 00:00:00' AND `createTime` <= '2019-03-01 23:59:59'  ) LIMIT 1   [ RunTime:0.0000s ]
SQL: SELECT COUNT(*) AS tp_count FROM `fun_articlelog` WHERE ( `createTime` >= '2019-03-02 00:00:00' AND `createTime` <= '2019-03-02 23:59:59'  ) LIMIT 1   [ RunTime:0.0000s ]
SQL: SELECT COUNT(*) AS tp_count FROM `fun_result` WHERE ( `createTime` >= '2019-03-02 00:00:00' AND `createTime` <= '2019-03-02 23:59:59'  ) LIMIT 1   [ RunTime:0.0000s ]
SQL: SELECT COUNT(*) AS tp_count FROM `fun_articlelog` WHERE ( `createTime` >= '2019-03-03 00:00:00' AND `createTime` <= '2019-03-03 23:59:59'  ) LIMIT 1   [ RunTime:0.0000s ]
SQL: SELECT COUNT(*) AS tp_count FROM `fun_result` WHERE ( `createTime` >= '2019-03-03 00:00:00' AND `createTime` <= '2019-03-03 23:59:59'  ) LIMIT 1   [ RunTime:0.0000s ]
SQL: SELECT COUNT(*) AS tp_count FROM `fun_articlelog` WHERE ( `createTime` >= '2019-03-04 00:00:00' AND `createTime` <= '2019-03-04 23:59:59'  ) LIMIT 1   [ RunTime:0.0000s ]
SQL: SELECT COUNT(*) AS tp_count FROM `fun_result` WHERE ( `createTime` >= '2019-03-04 00:00:00' AND `createTime` <= '2019-03-04 23:59:59'  ) LIMIT 1   [ RunTime:0.0000s ]

[ 2019-03-04T09:27:10+08:00 ] ::1 /Fun1/Admin/Record/record.html
INFO: [ app_begin ] --START--
INFO: Run Behavior\ReadHtmlCacheBehavior [ RunTime:0.001000s ]
INFO: [ app_begin ] --END-- [ RunTime:0.002000s ]
SQL: SHOW COLUMNS FROM `fun_articlelog` [ RunTime:0.0030s ]
SQL: SHOW COLUMNS FROM `fun_result` [ RunTime:0.0030s ]
SQL: SELECT COUNT(*) AS tp_count FROM `fun_articlelog` WHERE ( `createTime` >= '2019-02-26 00:00:00' AND `createTime` <= '2019-02-26 23:59:59'  ) LIMIT 1   [ RunTime:0.0000s ]
SQL: SELECT COUNT(*) AS tp_count FROM `fun_result` WHERE ( `createTime` >= '2019-02-26 00:00:00' AND `createTime` <= '2019-02-26 23:59:59'  ) LIMIT 1   [ RunTime:0.0000s ]
SQL: SELECT COUNT(*) AS tp_count FROM `fun_articlelog` WHERE ( `createTime` >= '2019-02-27 00:00:00' AND `createTime` <= '2019-02-27 23:59:59'  ) LIMIT 1   [ RunTime:0.0000s ]
SQL: SELECT COUNT(*) AS tp_count FROM `fun_result` WHERE ( `createTime` >= '2019-02-27 00:00:00' AND `createTime` <= '2019-02-27 23:59:59'  ) LIMIT 1   [ RunTime:0.0000s ]
SQL: SELECT COUNT(*) AS tp_count FROM `fun_articlelog` WHERE ( `createTime` >= '2019-02-28 00:00:00' AND `createTime` <= '2019-02-28 23:59:59'  ) LIMIT 1   [ RunTime:0.0000s ]
SQL: SELECT COUNT(*) AS tp_count FROM `fun_result` WHERE ( `createTime` >= '2019-02-28 00:00:00' AND `createTime` <= '2019-02-28 23:59:59'  ) LIMIT 1   [ RunTime:0.0000s ]
SQL: SELECT COUNT(*) AS tp_count FROM `fun_articlelog` WHERE ( `createTime` >= '2019-03-01 00:00:00' AND `createTime` <= '2019-03-01 23:59:59'  ) LIMIT 1   [ RunTime:0.0000s ]
SQL: SELECT COUNT(*) AS tp_count FROM `fun_result` WHERE ( `createTime` >= '2019-03-01 00:00:00' AND `createTime` <= '2019-03-01 23:59:59'  ) LIMIT 1   [ RunTime:0.0000s ]
SQL: SELECT COUNT(*) AS tp_count FROM `fun_articlelog` WHERE ( `createTime` >= '2019-03-02 00:00:00' AND `createTime` <= '2019-03-02 23:59:59'  ) LIMIT 1   [ RunTime:0.0000s ]
SQL: SELECT COUNT(*) AS tp_count FROM `fun_result` WHERE ( `createTime` >= '2019-03-02 00:00:00' AND `createTime` <= '2019-03-02 23:59:59'  ) LIMIT 1   [ RunTime:0.0000s ]
SQL: SELECT COUNT(*) AS tp_count FROM `fun_articlelog` WHERE ( `createTime` >= '2019-03-03 00:00:00' AND `createTime` <= '2019-03-03 23:59:59'  ) LIMIT 1   [ RunTime:0.0000s ]
SQL: SELECT COUNT(*) AS tp_count FROM `fun_result` WHERE ( `createTime` >= '2019-03-03 00:00:00' AND `createTime` <= '2019-03-03 23:59:59'  ) LIMIT 1   [ RunTime:0.0010s ]
SQL: SELECT COUNT(*) AS tp_count FROM `fun_articlelog` WHERE ( `createTime` >= '2019-03-04 00:00:00' AND `createTime` <= '2019-03-04 23:59:59'  ) LIMIT 1   [ RunTime:0.0000s ]
SQL: SELECT COUNT(*) AS tp_count FROM `fun_result` WHERE ( `createTime` >= '2019-03-04 00:00:00' AND `createTime` <= '2019-03-04 23:59:59'  ) LIMIT 1   [ RunTime:0.0000s ]

[ 2019-03-04T09:27:19+08:00 ] ::1 /Fun1/Admin/Record/record.html
INFO: [ app_begin ] --START--
INFO: Run Behavior\ReadHtmlCacheBehavior [ RunTime:0.001000s ]
INFO: [ app_begin ] --END-- [ RunTime:0.002000s ]
SQL: SHOW COLUMNS FROM `fun_articlelog` [ RunTime:0.0030s ]
SQL: SHOW COLUMNS FROM `fun_result` [ RunTime:0.0020s ]
SQL: SELECT COUNT(*) AS tp_count FROM `fun_articlelog` WHERE ( `createTime` >= '2019-02-26 00:00:00' AND `createTime` <= '2019-02-26 23:59:59'  ) LIMIT 1   [ RunTime:0.0000s ]
SQL: SELECT COUNT(*) AS tp_count FROM `fun_result` WHERE ( `createTime` >= '2019-02-26 00:00:00' AND `createTime` <= '2019-02-26 23:59:59'  ) LIMIT 1   [ RunTime:0.0000s ]
SQL: SELECT COUNT(*) AS tp_count FROM `fun_articlelog` WHERE ( `createTime` >= '2019-02-27 00:00:00' AND `createTime` <= '2019-02-27 23:59:59'  ) LIMIT 1   [ RunTime:0.0000s ]
SQL: SELECT COUNT(*) AS tp_count FROM `fun_result` WHERE ( `createTime` >= '2019-02-27 00:00:00' AND `createTime` <= '2019-02-27 23:59:59'  ) LIMIT 1   [ RunTime:0.0000s ]
SQL: SELECT COUNT(*) AS tp_count FROM `fun_articlelog` WHERE ( `createTime` >= '2019-02-28 00:00:00' AND `createTime` <= '2019-02-28 23:59:59'  ) LIMIT 1   [ RunTime:0.0000s ]
SQL: SELECT COUNT(*) AS tp_count FROM `fun_result` WHERE ( `createTime` >= '2019-02-28 00:00:00' AND `createTime` <= '2019-02-28 23:59:59'  ) LIMIT 1   [ RunTime:0.0000s ]
SQL: SELECT COUNT(*) AS tp_count FROM `fun_articlelog` WHERE ( `createTime` >= '2019-03-01 00:00:00' AND `createTime` <= '2019-03-01 23:59:59'  ) LIMIT 1   [ RunTime:0.0000s ]
SQL: SELECT COUNT(*) AS tp_count FROM `fun_result` WHERE ( `createTime` >= '2019-03-01 00:00:00' AND `createTime` <= '2019-03-01 23:59:59'  ) LIMIT 1   [ RunTime:0.0000s ]
SQL: SELECT COUNT(*) AS tp_count FROM `fun_articlelog` WHERE ( `createTime` >= '2019-03-02 00:00:00' AND `createTime` <= '2019-03-02 23:59:59'  ) LIMIT 1   [ RunTime:0.0000s ]
SQL: SELECT COUNT(*) AS tp_count FROM `fun_result` WHERE ( `createTime` >= '2019-03-02 00:00:00' AND `createTime` <= '2019-03-02 23:59:59'  ) LIMIT 1   [ RunTime:0.0000s ]
SQL: SELECT COUNT(*) AS tp_count FROM `fun_articlelog` WHERE ( `createTime` >= '2019-03-03 00:00:00' AND `createTime` <= '2019-03-03 23:59:59'  ) LIMIT 1   [ RunTime:0.0000s ]
SQL: SELECT COUNT(*) AS tp_count FROM `fun_result` WHERE ( `createTime` >= '2019-03-03 00:00:00' AND `createTime` <= '2019-03-03 23:59:59'  ) LIMIT 1   [ RunTime:0.0000s ]
SQL: SELECT COUNT(*) AS tp_count FROM `fun_articlelog` WHERE ( `createTime` >= '2019-03-04 00:00:00' AND `createTime` <= '2019-03-04 23:59:59'  ) LIMIT 1   [ RunTime:0.0000s ]
SQL: SELECT COUNT(*) AS tp_count FROM `fun_result` WHERE ( `createTime` >= '2019-03-04 00:00:00' AND `createTime` <= '2019-03-04 23:59:59'  ) LIMIT 1   [ RunTime:0.0000s ]

[ 2019-03-04T09:27:22+08:00 ] ::1 /Fun1/Admin/Record/record.html
INFO: [ app_begin ] --START--
INFO: Run Behavior\ReadHtmlCacheBehavior [ RunTime:0.001000s ]
INFO: [ app_begin ] --END-- [ RunTime:0.001000s ]
SQL: SHOW COLUMNS FROM `fun_articlelog` [ RunTime:0.0030s ]
SQL: SHOW COLUMNS FROM `fun_result` [ RunTime:0.0030s ]
SQL: SELECT COUNT(*) AS tp_count FROM `fun_articlelog` WHERE ( `createTime` >= '2019-02-26 00:00:00' AND `createTime` <= '2019-02-26 23:59:59'  ) LIMIT 1   [ RunTime:0.0000s ]
SQL: SELECT COUNT(*) AS tp_count FROM `fun_result` WHERE ( `createTime` >= '2019-02-26 00:00:00' AND `createTime` <= '2019-02-26 23:59:59'  ) LIMIT 1   [ RunTime:0.0000s ]
SQL: SELECT COUNT(*) AS tp_count FROM `fun_articlelog` WHERE ( `createTime` >= '2019-02-27 00:00:00' AND `createTime` <= '2019-02-27 23:59:59'  ) LIMIT 1   [ RunTime:0.0000s ]
SQL: SELECT COUNT(*) AS tp_count FROM `fun_result` WHERE ( `createTime` >= '2019-02-27 00:00:00' AND `createTime` <= '2019-02-27 23:59:59'  ) LIMIT 1   [ RunTime:0.0000s ]
SQL: SELECT COUNT(*) AS tp_count FROM `fun_articlelog` WHERE ( `createTime` >= '2019-02-28 00:00:00' AND `createTime` <= '2019-02-28 23:59:59'  ) LIMIT 1   [ RunTime:0.0000s ]
SQL: SELECT COUNT(*) AS tp_count FROM `fun_result` WHERE ( `createTime` >= '2019-02-28 00:00:00' AND `createTime` <= '2019-02-28 23:59:59'  ) LIMIT 1   [ RunTime:0.0000s ]
SQL: SELECT COUNT(*) AS tp_count FROM `fun_articlelog` WHERE ( `createTime` >= '2019-03-01 00:00:00' AND `createTime` <= '2019-03-01 23:59:59'  ) LIMIT 1   [ RunTime:0.0000s ]
SQL: SELECT COUNT(*) AS tp_count FROM `fun_result` WHERE ( `createTime` >= '2019-03-01 00:00:00' AND `createTime` <= '2019-03-01 23:59:59'  ) LIMIT 1   [ RunTime:0.0000s ]
SQL: SELECT COUNT(*) AS tp_count FROM `fun_articlelog` WHERE ( `createTime` >= '2019-03-02 00:00:00' AND `createTime` <= '2019-03-02 23:59:59'  ) LIMIT 1   [ RunTime:0.0000s ]
SQL: SELECT COUNT(*) AS tp_count FROM `fun_result` WHERE ( `createTime` >= '2019-03-02 00:00:00' AND `createTime` <= '2019-03-02 23:59:59'  ) LIMIT 1   [ RunTime:0.0000s ]
SQL: SELECT COUNT(*) AS tp_count FROM `fun_articlelog` WHERE ( `createTime` >= '2019-03-03 00:00:00' AND `createTime` <= '2019-03-03 23:59:59'  ) LIMIT 1   [ RunTime:0.0000s ]
SQL: SELECT COUNT(*) AS tp_count FROM `fun_result` WHERE ( `createTime` >= '2019-03-03 00:00:00' AND `createTime` <= '2019-03-03 23:59:59'  ) LIMIT 1   [ RunTime:0.0000s ]
SQL: SELECT COUNT(*) AS tp_count FROM `fun_articlelog` WHERE ( `createTime` >= '2019-03-04 00:00:00' AND `createTime` <= '2019-03-04 23:59:59'  ) LIMIT 1   [ RunTime:0.0000s ]
SQL: SELECT COUNT(*) AS tp_count FROM `fun_result` WHERE ( `createTime` >= '2019-03-04 00:00:00' AND `createTime` <= '2019-03-04 23:59:59'  ) LIMIT 1   [ RunTime:0.0000s ]

[ 2019-03-04T09:29:09+08:00 ] ::1 /Fun1/Admin/Record/record.html
INFO: [ app_begin ] --START--
INFO: Run Behavior\ReadHtmlCacheBehavior [ RunTime:0.001000s ]
INFO: [ app_begin ] --END-- [ RunTime:0.001000s ]
SQL: SHOW COLUMNS FROM `fun_articlelog` [ RunTime:0.0040s ]
SQL: SHOW COLUMNS FROM `fun_result` [ RunTime:0.0030s ]
SQL: SELECT COUNT(*) AS tp_count FROM `fun_articlelog` WHERE ( `createTime` >= '2019-02-26 00:00:00' AND `createTime` <= '2019-02-26 23:59:59'  ) LIMIT 1   [ RunTime:0.0000s ]
SQL: SELECT COUNT(*) AS tp_count FROM `fun_result` WHERE ( `createTime` >= '2019-02-26 00:00:00' AND `createTime` <= '2019-02-26 23:59:59'  ) LIMIT 1   [ RunTime:0.0000s ]
SQL: SELECT COUNT(*) AS tp_count FROM `fun_articlelog` WHERE ( `createTime` >= '2019-02-27 00:00:00' AND `createTime` <= '2019-02-27 23:59:59'  ) LIMIT 1   [ RunTime:0.0000s ]
SQL: SELECT COUNT(*) AS tp_count FROM `fun_result` WHERE ( `createTime` >= '2019-02-27 00:00:00' AND `createTime` <= '2019-02-27 23:59:59'  ) LIMIT 1   [ RunTime:0.0000s ]
SQL: SELECT COUNT(*) AS tp_count FROM `fun_articlelog` WHERE ( `createTime` >= '2019-02-28 00:00:00' AND `createTime` <= '2019-02-28 23:59:59'  ) LIMIT 1   [ RunTime:0.0000s ]
SQL: SELECT COUNT(*) AS tp_count FROM `fun_result` WHERE ( `createTime` >= '2019-02-28 00:00:00' AND `createTime` <= '2019-02-28 23:59:59'  ) LIMIT 1   [ RunTime:0.0000s ]
SQL: SELECT COUNT(*) AS tp_count FROM `fun_articlelog` WHERE ( `createTime` >= '2019-03-01 00:00:00' AND `createTime` <= '2019-03-01 23:59:59'  ) LIMIT 1   [ RunTime:0.0000s ]
SQL: SELECT COUNT(*) AS tp_count FROM `fun_result` WHERE ( `createTime` >= '2019-03-01 00:00:00' AND `createTime` <= '2019-03-01 23:59:59'  ) LIMIT 1   [ RunTime:0.0010s ]
SQL: SELECT COUNT(*) AS tp_count FROM `fun_articlelog` WHERE ( `createTime` >= '2019-03-02 00:00:00' AND `createTime` <= '2019-03-02 23:59:59'  ) LIMIT 1   [ RunTime:0.0000s ]
SQL: SELECT COUNT(*) AS tp_count FROM `fun_result` WHERE ( `createTime` >= '2019-03-02 00:00:00' AND `createTime` <= '2019-03-02 23:59:59'  ) LIMIT 1   [ RunTime:0.0000s ]
SQL: SELECT COUNT(*) AS tp_count FROM `fun_articlelog` WHERE ( `createTime` >= '2019-03-03 00:00:00' AND `createTime` <= '2019-03-03 23:59:59'  ) LIMIT 1   [ RunTime:0.0000s ]
SQL: SELECT COUNT(*) AS tp_count FROM `fun_result` WHERE ( `createTime` >= '2019-03-03 00:00:00' AND `createTime` <= '2019-03-03 23:59:59'  ) LIMIT 1   [ RunTime:0.0010s ]
SQL: SELECT COUNT(*) AS tp_count FROM `fun_articlelog` WHERE ( `createTime` >= '2019-03-04 00:00:00' AND `createTime` <= '2019-03-04 23:59:59'  ) LIMIT 1   [ RunTime:0.0000s ]
SQL: SELECT COUNT(*) AS tp_count FROM `fun_result` WHERE ( `createTime` >= '2019-03-04 00:00:00' AND `createTime` <= '2019-03-04 23:59:59'  ) LIMIT 1   [ RunTime:0.0000s ]

[ 2019-03-04T09:29:12+08:00 ] ::1 /Fun1/Admin/Record/record.html
INFO: [ app_begin ] --START--
INFO: Run Behavior\ReadHtmlCacheBehavior [ RunTime:0.001000s ]
INFO: [ app_begin ] --END-- [ RunTime:0.001000s ]
SQL: SHOW COLUMNS FROM `fun_articlelog` [ RunTime:0.0050s ]
SQL: SHOW COLUMNS FROM `fun_result` [ RunTime:0.0030s ]
SQL: SELECT COUNT(*) AS tp_count FROM `fun_articlelog` WHERE ( `createTime` >= '2019-02-26 00:00:00' AND `createTime` <= '2019-02-26 23:59:59'  ) LIMIT 1   [ RunTime:0.0010s ]
SQL: SELECT COUNT(*) AS tp_count FROM `fun_result` WHERE ( `createTime` >= '2019-02-26 00:00:00' AND `createTime` <= '2019-02-26 23:59:59'  ) LIMIT 1   [ RunTime:0.0000s ]
SQL: SELECT COUNT(*) AS tp_count FROM `fun_articlelog` WHERE ( `createTime` >= '2019-02-27 00:00:00' AND `createTime` <= '2019-02-27 23:59:59'  ) LIMIT 1   [ RunTime:0.0000s ]
SQL: SELECT COUNT(*) AS tp_count FROM `fun_result` WHERE ( `createTime` >= '2019-02-27 00:00:00' AND `createTime` <= '2019-02-27 23:59:59'  ) LIMIT 1   [ RunTime:0.0000s ]
SQL: SELECT COUNT(*) AS tp_count FROM `fun_articlelog` WHERE ( `createTime` >= '2019-02-28 00:00:00' AND `createTime` <= '2019-02-28 23:59:59'  ) LIMIT 1   [ RunTime:0.0000s ]
SQL: SELECT COUNT(*) AS tp_count FROM `fun_result` WHERE ( `createTime` >= '2019-02-28 00:00:00' AND `createTime` <= '2019-02-28 23:59:59'  ) LIMIT 1   [ RunTime:0.0000s ]
SQL: SELECT COUNT(*) AS tp_count FROM `fun_articlelog` WHERE ( `createTime` >= '2019-03-01 00:00:00' AND `createTime` <= '2019-03-01 23:59:59'  ) LIMIT 1   [ RunTime:0.0000s ]
SQL: SELECT COUNT(*) AS tp_count FROM `fun_result` WHERE ( `createTime` >= '2019-03-01 00:00:00' AND `createTime` <= '2019-03-01 23:59:59'  ) LIMIT 1   [ RunTime:0.0000s ]
SQL: SELECT COUNT(*) AS tp_count FROM `fun_articlelog` WHERE ( `createTime` >= '2019-03-02 00:00:00' AND `createTime` <= '2019-03-02 23:59:59'  ) LIMIT 1   [ RunTime:0.0010s ]
SQL: SELECT COUNT(*) AS tp_count FROM `fun_result` WHERE ( `createTime` >= '2019-03-02 00:00:00' AND `createTime` <= '2019-03-02 23:59:59'  ) LIMIT 1   [ RunTime:0.0000s ]
SQL: SELECT COUNT(*) AS tp_count FROM `fun_articlelog` WHERE ( `createTime` >= '2019-03-03 00:00:00' AND `createTime` <= '2019-03-03 23:59:59'  ) LIMIT 1   [ RunTime:0.0000s ]
SQL: SELECT COUNT(*) AS tp_count FROM `fun_result` WHERE ( `createTime` >= '2019-03-03 00:00:00' AND `createTime` <= '2019-03-03 23:59:59'  ) LIMIT 1   [ RunTime:0.0000s ]
SQL: SELECT COUNT(*) AS tp_count FROM `fun_articlelog` WHERE ( `createTime` >= '2019-03-04 00:00:00' AND `createTime` <= '2019-03-04 23:59:59'  ) LIMIT 1   [ RunTime:0.0000s ]
SQL: SELECT COUNT(*) AS tp_count FROM `fun_result` WHERE ( `createTime` >= '2019-03-04 00:00:00' AND `createTime` <= '2019-03-04 23:59:59'  ) LIMIT 1   [ RunTime:0.0010s ]

[ 2019-03-04T09:29:29+08:00 ] ::1 /Fun1/Admin/Record/record.html
INFO: [ app_begin ] --START--
INFO: Run Behavior\ReadHtmlCacheBehavior [ RunTime:0.001000s ]
INFO: [ app_begin ] --END-- [ RunTime:0.001000s ]
SQL: SHOW COLUMNS FROM `fun_articlelog` [ RunTime:0.0030s ]
SQL: SHOW COLUMNS FROM `fun_result` [ RunTime:0.0030s ]
SQL: SELECT COUNT(*) AS tp_count FROM `fun_articlelog` WHERE ( `createTime` >= '2019-02-26 00:00:00' AND `createTime` <= '2019-02-26 23:59:59'  ) LIMIT 1   [ RunTime:0.0000s ]
SQL: SELECT COUNT(*) AS tp_count FROM `fun_result` WHERE ( `createTime` >= '2019-02-26 00:00:00' AND `createTime` <= '2019-02-26 23:59:59'  ) LIMIT 1   [ RunTime:0.0010s ]
SQL: SELECT COUNT(*) AS tp_count FROM `fun_articlelog` WHERE ( `createTime` >= '2019-02-27 00:00:00' AND `createTime` <= '2019-02-27 23:59:59'  ) LIMIT 1   [ RunTime:0.0000s ]
SQL: SELECT COUNT(*) AS tp_count FROM `fun_result` WHERE ( `createTime` >= '2019-02-27 00:00:00' AND `createTime` <= '2019-02-27 23:59:59'  ) LIMIT 1   [ RunTime:0.0000s ]
SQL: SELECT COUNT(*) AS tp_count FROM `fun_articlelog` WHERE ( `createTime` >= '2019-02-28 00:00:00' AND `createTime` <= '2019-02-28 23:59:59'  ) LIMIT 1   [ RunTime:0.0000s ]
SQL: SELECT COUNT(*) AS tp_count FROM `fun_result` WHERE ( `createTime` >= '2019-02-28 00:00:00' AND `createTime` <= '2019-02-28 23:59:59'  ) LIMIT 1   [ RunTime:0.0010s ]
SQL: SELECT COUNT(*) AS tp_count FROM `fun_articlelog` WHERE ( `createTime` >= '2019-03-01 00:00:00' AND `createTime` <= '2019-03-01 23:59:59'  ) LIMIT 1   [ RunTime:0.0000s ]
SQL: SELECT COUNT(*) AS tp_count FROM `fun_result` WHERE ( `createTime` >= '2019-03-01 00:00:00' AND `createTime` <= '2019-03-01 23:59:59'  ) LIMIT 1   [ RunTime:0.0000s ]
SQL: SELECT COUNT(*) AS tp_count FROM `fun_articlelog` WHERE ( `createTime` >= '2019-03-02 00:00:00' AND `createTime` <= '2019-03-02 23:59:59'  ) LIMIT 1   [ RunTime:0.0000s ]
SQL: SELECT COUNT(*) AS tp_count FROM `fun_result` WHERE ( `createTime` >= '2019-03-02 00:00:00' AND `createTime` <= '2019-03-02 23:59:59'  ) LIMIT 1   [ RunTime:0.0000s ]
SQL: SELECT COUNT(*) AS tp_count FROM `fun_articlelog` WHERE ( `createTime` >= '2019-03-03 00:00:00' AND `createTime` <= '2019-03-03 23:59:59'  ) LIMIT 1   [ RunTime:0.0010s ]
SQL: SELECT COUNT(*) AS tp_count FROM `fun_result` WHERE ( `createTime` >= '2019-03-03 00:00:00' AND `createTime` <= '2019-03-03 23:59:59'  ) LIMIT 1   [ RunTime:0.0000s ]
SQL: SELECT COUNT(*) AS tp_count FROM `fun_articlelog` WHERE ( `createTime` >= '2019-03-04 00:00:00' AND `createTime` <= '2019-03-04 23:59:59'  ) LIMIT 1   [ RunTime:0.0000s ]
SQL: SELECT COUNT(*) AS tp_count FROM `fun_result` WHERE ( `createTime` >= '2019-03-04 00:00:00' AND `createTime` <= '2019-03-04 23:59:59'  ) LIMIT 1   [ RunTime:0.0000s ]

